<?xml version="1.0" encoding="UTF-8"?>
<coverage generated="1559245839496" clover="3.2.0">
  <project timestamp="1559245839496" name="All files">
    <metrics statements="772" coveredstatements="193" conditionals="146" coveredconditionals="35" methods="297" coveredmethods="38" elements="1215" coveredelements="266" complexity="0" loc="772" ncloc="772" packages="51" files="96" classes="96"/>
    <package name="src">
      <metrics statements="11" coveredstatements="0" conditionals="0" coveredconditionals="0" methods="4" coveredmethods="0"/>
      <file name="App.js" path="/Users/Krog/Desktop/Local-Projects/_Module-Four-Projects/_barstock/barstock_ui/src/App.js">
        <metrics statements="1" coveredstatements="0" conditionals="0" coveredconditionals="0" methods="1" coveredmethods="0"/>
        <line num="6" count="0" type="stmt"/>
      </file>
      <file name="navigation.js" path="/Users/Krog/Desktop/Local-Projects/_Module-Four-Projects/_barstock/barstock_ui/src/navigation.js">
        <metrics statements="10" coveredstatements="0" conditionals="0" coveredconditionals="0" methods="3" coveredmethods="0"/>
        <line num="19" count="0" type="stmt"/>
        <line num="20" count="0" type="stmt"/>
        <line num="41" count="0" type="stmt"/>
        <line num="62" count="0" type="stmt"/>
        <line num="74" count="0" type="stmt"/>
        <line num="83" count="0" type="stmt"/>
        <line num="84" count="0" type="stmt"/>
        <line num="115" count="0" type="stmt"/>
        <line num="124" count="0" type="stmt"/>
        <line num="132" count="0" type="stmt"/>
      </file>
    </package>
    <package name="src.components.Footer">
      <metrics statements="2" coveredstatements="1" conditionals="0" coveredconditionals="0" methods="1" coveredmethods="0"/>
      <file name="Footer.js" path="/Users/Krog/Desktop/Local-Projects/_Module-Four-Projects/_barstock/barstock_ui/src/components/Footer/Footer.js">
        <metrics statements="2" coveredstatements="1" conditionals="0" coveredconditionals="0" methods="1" coveredmethods="0"/>
        <line num="5" count="8" type="stmt"/>
        <line num="6" count="0" type="stmt"/>
      </file>
      <file name="Footer.style.js" path="/Users/Krog/Desktop/Local-Projects/_Module-Four-Projects/_barstock/barstock_ui/src/components/Footer/Footer.style.js">
        <metrics statements="0" coveredstatements="0" conditionals="0" coveredconditionals="0" methods="0" coveredmethods="0"/>
      </file>
    </package>
    <package name="src.components.Loading">
      <metrics statements="2" coveredstatements="2" conditionals="0" coveredconditionals="0" methods="1" coveredmethods="1"/>
      <file name="Loading.js" path="/Users/Krog/Desktop/Local-Projects/_Module-Four-Projects/_barstock/barstock_ui/src/components/Loading/Loading.js">
        <metrics statements="2" coveredstatements="2" conditionals="0" coveredconditionals="0" methods="1" coveredmethods="1"/>
        <line num="7" count="1" type="stmt"/>
        <line num="15" count="6" type="stmt"/>
      </file>
    </package>
    <package name="src.components.Loading.__snapshots__">
      <metrics statements="1" coveredstatements="0" conditionals="0" coveredconditionals="0" methods="0" coveredmethods="0"/>
      <file name="Loading.test.js.snap" path="/Users/Krog/Desktop/Local-Projects/_Module-Four-Projects/_barstock/barstock_ui/src/components/Loading/__snapshots__/Loading.test.js.snap">
        <metrics statements="1" coveredstatements="0" conditionals="0" coveredconditionals="0" methods="0" coveredmethods="0"/>
        <line num="3" count="0" type="stmt"/>
      </file>
    </package>
    <package name="src.components.LogoTitle">
      <metrics statements="1" coveredstatements="0" conditionals="0" coveredconditionals="0" methods="1" coveredmethods="0"/>
      <file name="LogoTitle.js" path="/Users/Krog/Desktop/Local-Projects/_Module-Four-Projects/_barstock/barstock_ui/src/components/LogoTitle/LogoTitle.js">
        <metrics statements="1" coveredstatements="0" conditionals="0" coveredconditionals="0" methods="1" coveredmethods="0"/>
        <line num="6" count="0" type="stmt"/>
      </file>
    </package>
    <package name="src.containers.Business.AccountContainer">
      <metrics statements="4" coveredstatements="4" conditionals="0" coveredconditionals="0" methods="2" coveredmethods="1"/>
      <file name="AccountContainer.js" path="/Users/Krog/Desktop/Local-Projects/_Module-Four-Projects/_barstock/barstock_ui/src/containers/Business/AccountContainer/AccountContainer.js">
        <metrics statements="2" coveredstatements="2" conditionals="0" coveredconditionals="0" methods="2" coveredmethods="1"/>
        <line num="12" count="1" type="stmt"/>
        <line num="24" count="1" type="stmt"/>
      </file>
      <file name="AccountContainer.style.js" path="/Users/Krog/Desktop/Local-Projects/_Module-Four-Projects/_barstock/barstock_ui/src/containers/Business/AccountContainer/AccountContainer.style.js">
        <metrics statements="2" coveredstatements="2" conditionals="0" coveredconditionals="0" methods="0" coveredmethods="0"/>
        <line num="3" count="1" type="stmt"/>
        <line num="4" count="1" type="stmt"/>
      </file>
    </package>
    <package name="src.containers.Business.AccountContainer.__snapshots__">
      <metrics statements="1" coveredstatements="0" conditionals="0" coveredconditionals="0" methods="0" coveredmethods="0"/>
      <file name="AccountContainer.test.js.snap" path="/Users/Krog/Desktop/Local-Projects/_Module-Four-Projects/_barstock/barstock_ui/src/containers/Business/AccountContainer/__snapshots__/AccountContainer.test.js.snap">
        <metrics statements="1" coveredstatements="0" conditionals="0" coveredconditionals="0" methods="0" coveredmethods="0"/>
        <line num="3" count="0" type="stmt"/>
      </file>
    </package>
    <package name="src.containers.Business.AccountInfo">
      <metrics statements="3" coveredstatements="2" conditionals="0" coveredconditionals="0" methods="2" coveredmethods="1"/>
      <file name="AccountInfo.js" path="/Users/Krog/Desktop/Local-Projects/_Module-Four-Projects/_barstock/barstock_ui/src/containers/Business/AccountInfo/AccountInfo.js">
        <metrics statements="3" coveredstatements="2" conditionals="0" coveredconditionals="0" methods="2" coveredmethods="1"/>
        <line num="9" count="1" type="stmt"/>
        <line num="10" count="0" type="stmt"/>
        <line num="62" count="2" type="stmt"/>
      </file>
      <file name="AccountInfo.style.js" path="/Users/Krog/Desktop/Local-Projects/_Module-Four-Projects/_barstock/barstock_ui/src/containers/Business/AccountInfo/AccountInfo.style.js">
        <metrics statements="0" coveredstatements="0" conditionals="0" coveredconditionals="0" methods="0" coveredmethods="0"/>
      </file>
    </package>
    <package name="src.containers.Business.AccountInfo.__snapshots__">
      <metrics statements="1" coveredstatements="0" conditionals="0" coveredconditionals="0" methods="0" coveredmethods="0"/>
      <file name="AccountInfo.test.js.snap" path="/Users/Krog/Desktop/Local-Projects/_Module-Four-Projects/_barstock/barstock_ui/src/containers/Business/AccountInfo/__snapshots__/AccountInfo.test.js.snap">
        <metrics statements="1" coveredstatements="0" conditionals="0" coveredconditionals="0" methods="0" coveredmethods="0"/>
        <line num="3" count="0" type="stmt"/>
      </file>
    </package>
    <package name="src.containers.Business.AlcoholCategory">
      <metrics statements="14" coveredstatements="4" conditionals="6" coveredconditionals="0" methods="6" coveredmethods="1"/>
      <file name="AlcoholCategory.js" path="/Users/Krog/Desktop/Local-Projects/_Module-Four-Projects/_barstock/barstock_ui/src/containers/Business/AlcoholCategory/AlcoholCategory.js">
        <metrics statements="14" coveredstatements="4" conditionals="6" coveredconditionals="0" methods="6" coveredmethods="1"/>
        <line num="17" count="1" type="stmt"/>
        <line num="18" count="0" type="stmt"/>
        <line num="19" count="0" type="cond" truecount="0" falsecount="2"/>
        <line num="20" count="0" type="stmt"/>
        <line num="22" count="0" type="stmt"/>
        <line num="29" count="1" type="stmt"/>
        <line num="30" count="0" type="stmt"/>
        <line num="35" count="0" type="cond" truecount="0" falsecount="2"/>
        <line num="36" count="0" type="stmt"/>
        <line num="38" count="0" type="stmt"/>
        <line num="41" count="0" type="stmt"/>
        <line num="59" count="3" type="stmt"/>
        <line num="64" count="3" type="stmt"/>
        <line num="65" count="0" type="stmt"/>
      </file>
      <file name="AlcoholCategory.style.js" path="/Users/Krog/Desktop/Local-Projects/_Module-Four-Projects/_barstock/barstock_ui/src/containers/Business/AlcoholCategory/AlcoholCategory.style.js">
        <metrics statements="0" coveredstatements="0" conditionals="0" coveredconditionals="0" methods="0" coveredmethods="0"/>
      </file>
    </package>
    <package name="src.containers.Business.AlcoholCategory.__snapshots__">
      <metrics statements="1" coveredstatements="0" conditionals="0" coveredconditionals="0" methods="0" coveredmethods="0"/>
      <file name="AlcoholCategory.test.js.snap" path="/Users/Krog/Desktop/Local-Projects/_Module-Four-Projects/_barstock/barstock_ui/src/containers/Business/AlcoholCategory/__snapshots__/AlcoholCategory.test.js.snap">
        <metrics statements="1" coveredstatements="0" conditionals="0" coveredconditionals="0" methods="0" coveredmethods="0"/>
        <line num="3" count="0" type="stmt"/>
      </file>
    </package>
    <package name="src.containers.Business.AlcoholModal">
      <metrics statements="39" coveredstatements="8" conditionals="18" coveredconditionals="0" methods="15" coveredmethods="2"/>
      <file name="AlcoholModal.js" path="/Users/Krog/Desktop/Local-Projects/_Module-Four-Projects/_barstock/barstock_ui/src/containers/Business/AlcoholModal/AlcoholModal.js">
        <metrics statements="38" coveredstatements="7" conditionals="18" coveredconditionals="0" methods="15" coveredmethods="2"/>
        <line num="14" count="1" type="stmt"/>
        <line num="15" count="1" type="stmt"/>
        <line num="25" count="0" type="stmt"/>
        <line num="26" count="0" type="stmt"/>
        <line num="27" count="0" type="cond" truecount="0" falsecount="4"/>
        <line num="28" count="0" type="stmt"/>
        <line num="35" count="0" type="stmt"/>
        <line num="45" count="1" type="stmt"/>
        <line num="46" count="0" type="stmt"/>
        <line num="47" count="0" type="stmt"/>
        <line num="48" count="0" type="cond" truecount="0" falsecount="2"/>
        <line num="49" count="0" type="stmt"/>
        <line num="50" count="0" type="stmt"/>
        <line num="53" count="0" type="stmt"/>
        <line num="54" count="0" type="stmt"/>
        <line num="60" count="1" type="stmt"/>
        <line num="61" count="1" type="stmt"/>
        <line num="63" count="0" type="stmt"/>
        <line num="64" count="0" type="stmt"/>
        <line num="67" count="0" type="stmt"/>
        <line num="68" count="0" type="stmt"/>
        <line num="69" count="0" type="stmt"/>
        <line num="71" count="0" type="cond" truecount="0" falsecount="4"/>
        <line num="72" count="0" type="stmt"/>
        <line num="74" count="0" type="cond" truecount="0" falsecount="4"/>
        <line num="75" count="0" type="stmt"/>
        <line num="77" count="0" type="cond" truecount="0" falsecount="4"/>
        <line num="78" count="0" type="stmt"/>
        <line num="81" count="0" type="stmt"/>
        <line num="110" count="0" type="stmt"/>
        <line num="120" count="0" type="stmt"/>
        <line num="130" count="0" type="stmt"/>
        <line num="166" count="5" type="stmt"/>
        <line num="174" count="5" type="stmt"/>
        <line num="175" count="0" type="stmt"/>
        <line num="176" count="0" type="stmt"/>
        <line num="177" count="0" type="stmt"/>
        <line num="178" count="0" type="stmt"/>
      </file>
      <file name="AlcoholModal.style.js" path="/Users/Krog/Desktop/Local-Projects/_Module-Four-Projects/_barstock/barstock_ui/src/containers/Business/AlcoholModal/AlcoholModal.style.js">
        <metrics statements="1" coveredstatements="1" conditionals="0" coveredconditionals="0" methods="0" coveredmethods="0"/>
        <line num="3" count="5" type="stmt"/>
      </file>
    </package>
    <package name="src.containers.Business.AlcoholModal.__snapshots__">
      <metrics statements="1" coveredstatements="0" conditionals="0" coveredconditionals="0" methods="0" coveredmethods="0"/>
      <file name="AlcoholModal.test.js.snap" path="/Users/Krog/Desktop/Local-Projects/_Module-Four-Projects/_barstock/barstock_ui/src/containers/Business/AlcoholModal/__snapshots__/AlcoholModal.test.js.snap">
        <metrics statements="1" coveredstatements="0" conditionals="0" coveredconditionals="0" methods="0" coveredmethods="0"/>
        <line num="3" count="0" type="stmt"/>
      </file>
    </package>
    <package name="src.containers.Business.BarInventory">
      <metrics statements="22" coveredstatements="5" conditionals="2" coveredconditionals="0" methods="10" coveredmethods="1"/>
      <file name="BarInventory.js" path="/Users/Krog/Desktop/Local-Projects/_Module-Four-Projects/_barstock/barstock_ui/src/containers/Business/BarInventory/BarInventory.js">
        <metrics statements="22" coveredstatements="5" conditionals="2" coveredconditionals="0" methods="10" coveredmethods="1"/>
        <line num="11" count="1" type="stmt"/>
        <line num="12" count="0" type="stmt"/>
        <line num="13" count="0" type="stmt"/>
        <line num="16" count="1" type="stmt"/>
        <line num="17" count="0" type="stmt"/>
        <line num="18" count="0" type="stmt"/>
        <line num="19" count="0" type="stmt"/>
        <line num="20" count="0" type="stmt"/>
        <line num="21" count="0" type="stmt"/>
        <line num="22" count="0" type="stmt"/>
        <line num="23" count="0" type="stmt"/>
        <line num="24" count="0" type="stmt"/>
        <line num="25" count="0" type="stmt"/>
        <line num="29" count="1" type="stmt"/>
        <line num="30" count="0" type="stmt"/>
        <line num="31" count="0" type="stmt"/>
        <line num="32" count="0" type="stmt"/>
        <line num="56" count="0" type="stmt"/>
        <line num="78" count="2" type="stmt"/>
        <line num="85" count="2" type="stmt"/>
        <line num="86" count="0" type="stmt"/>
        <line num="87" count="0" type="stmt"/>
      </file>
      <file name="BarInventory.style.js" path="/Users/Krog/Desktop/Local-Projects/_Module-Four-Projects/_barstock/barstock_ui/src/containers/Business/BarInventory/BarInventory.style.js">
        <metrics statements="0" coveredstatements="0" conditionals="0" coveredconditionals="0" methods="0" coveredmethods="0"/>
      </file>
    </package>
    <package name="src.containers.Business.BarInventory.__snapshots__">
      <metrics statements="1" coveredstatements="0" conditionals="0" coveredconditionals="0" methods="0" coveredmethods="0"/>
      <file name="BarInventory.test.js.snap" path="/Users/Krog/Desktop/Local-Projects/_Module-Four-Projects/_barstock/barstock_ui/src/containers/Business/BarInventory/__snapshots__/BarInventory.test.js.snap">
        <metrics statements="1" coveredstatements="0" conditionals="0" coveredconditionals="0" methods="0" coveredmethods="0"/>
        <line num="3" count="0" type="stmt"/>
      </file>
    </package>
    <package name="src.containers.Business.CategoryItem">
      <metrics statements="39" coveredstatements="7" conditionals="12" coveredconditionals="0" methods="19" coveredmethods="1"/>
      <file name="CategoryItem.js" path="/Users/Krog/Desktop/Local-Projects/_Module-Four-Projects/_barstock/barstock_ui/src/containers/Business/CategoryItem/CategoryItem.js">
        <metrics statements="39" coveredstatements="7" conditionals="12" coveredconditionals="0" methods="19" coveredmethods="1"/>
        <line num="10" count="1" type="stmt"/>
        <line num="11" count="0" type="stmt"/>
        <line num="12" count="0" type="stmt"/>
        <line num="13" count="0" type="cond" truecount="0" falsecount="2"/>
        <line num="14" count="0" type="stmt"/>
        <line num="16" count="0" type="stmt"/>
        <line num="20" count="1" type="stmt"/>
        <line num="21" count="0" type="stmt"/>
        <line num="22" count="0" type="stmt"/>
        <line num="23" count="0" type="cond" truecount="0" falsecount="2"/>
        <line num="24" count="0" type="cond" truecount="0" falsecount="2"/>
        <line num="27" count="1" type="stmt"/>
        <line num="28" count="0" type="stmt"/>
        <line num="29" count="0" type="stmt"/>
        <line num="30" count="0" type="stmt"/>
        <line num="32" count="0" type="stmt"/>
        <line num="33" count="0" type="stmt"/>
        <line num="37" count="1" type="stmt"/>
        <line num="38" count="1" type="stmt"/>
        <line num="40" count="0" type="stmt"/>
        <line num="41" count="0" type="stmt"/>
        <line num="42" count="0" type="stmt"/>
        <line num="44" count="0" type="stmt"/>
        <line num="45" count="0" type="cond" truecount="0" falsecount="2"/>
        <line num="46" count="0" type="stmt"/>
        <line num="47" count="0" type="stmt"/>
        <line num="48" count="0" type="stmt"/>
        <line num="52" count="0" type="stmt"/>
        <line num="53" count="0" type="stmt"/>
        <line num="70" count="0" type="stmt"/>
        <line num="74" count="0" type="stmt"/>
        <line num="78" count="0" type="stmt"/>
        <line num="89" count="4" type="stmt"/>
        <line num="96" count="4" type="stmt"/>
        <line num="97" count="0" type="stmt"/>
        <line num="98" count="0" type="stmt"/>
        <line num="99" count="0" type="stmt"/>
        <line num="100" count="0" type="stmt"/>
        <line num="101" count="0" type="stmt"/>
      </file>
      <file name="CategoryItem.style.js" path="/Users/Krog/Desktop/Local-Projects/_Module-Four-Projects/_barstock/barstock_ui/src/containers/Business/CategoryItem/CategoryItem.style.js">
        <metrics statements="0" coveredstatements="0" conditionals="0" coveredconditionals="0" methods="0" coveredmethods="0"/>
      </file>
    </package>
    <package name="src.containers.Business.CategoryItem.__snapshots__">
      <metrics statements="1" coveredstatements="0" conditionals="0" coveredconditionals="0" methods="0" coveredmethods="0"/>
      <file name="CategoryItem.test.js.snap" path="/Users/Krog/Desktop/Local-Projects/_Module-Four-Projects/_barstock/barstock_ui/src/containers/Business/CategoryItem/__snapshots__/CategoryItem.test.js.snap">
        <metrics statements="1" coveredstatements="0" conditionals="0" coveredconditionals="0" methods="0" coveredmethods="0"/>
        <line num="3" count="0" type="stmt"/>
      </file>
    </package>
    <package name="src.containers.Business.CurrentOrder">
      <metrics statements="79" coveredstatements="12" conditionals="15" coveredconditionals="0" methods="25" coveredmethods="1"/>
      <file name="CurrentOrder.js" path="/Users/Krog/Desktop/Local-Projects/_Module-Four-Projects/_barstock/barstock_ui/src/containers/Business/CurrentOrder/CurrentOrder.js">
        <metrics statements="78" coveredstatements="11" conditionals="15" coveredconditionals="0" methods="25" coveredmethods="1"/>
        <line num="14" count="1" type="stmt"/>
        <line num="15" count="0" type="stmt"/>
        <line num="18" count="1" type="stmt"/>
        <line num="20" count="0" type="cond" truecount="0" falsecount="3"/>
        <line num="22" count="0" type="cond" truecount="0" falsecount="2"/>
        <line num="23" count="0" type="stmt"/>
        <line num="25" count="0" type="cond" truecount="0" falsecount="2"/>
        <line num="26" count="0" type="stmt"/>
        <line num="28" count="0" type="stmt"/>
        <line num="30" count="0" type="stmt"/>
        <line num="33" count="1" type="stmt"/>
        <line num="34" count="0" type="stmt"/>
        <line num="35" count="0" type="stmt"/>
        <line num="36" count="0" type="stmt"/>
        <line num="37" count="0" type="stmt"/>
        <line num="38" count="0" type="stmt"/>
        <line num="39" count="0" type="stmt"/>
        <line num="40" count="0" type="stmt"/>
        <line num="41" count="0" type="stmt"/>
        <line num="42" count="0" type="stmt"/>
        <line num="45" count="0" type="stmt"/>
        <line num="48" count="1" type="stmt"/>
        <line num="49" count="0" type="stmt"/>
        <line num="50" count="0" type="stmt"/>
        <line num="51" count="0" type="stmt"/>
        <line num="52" count="0" type="stmt"/>
        <line num="53" count="0" type="stmt"/>
        <line num="54" count="0" type="stmt"/>
        <line num="55" count="0" type="stmt"/>
        <line num="56" count="0" type="stmt"/>
        <line num="59" count="1" type="stmt"/>
        <line num="60" count="0" type="stmt"/>
        <line num="61" count="0" type="stmt"/>
        <line num="62" count="0" type="stmt"/>
        <line num="63" count="0" type="stmt"/>
        <line num="64" count="0" type="stmt"/>
        <line num="65" count="0" type="stmt"/>
        <line num="66" count="0" type="stmt"/>
        <line num="67" count="0" type="stmt"/>
        <line num="70" count="1" type="stmt"/>
        <line num="72" count="0" type="cond" truecount="0" falsecount="2"/>
        <line num="73" count="0" type="stmt"/>
        <line num="74" count="0" type="cond" truecount="0" falsecount="2"/>
        <line num="75" count="0" type="stmt"/>
        <line num="77" count="0" type="stmt"/>
        <line num="79" count="0" type="stmt"/>
        <line num="82" count="1" type="stmt"/>
        <line num="83" count="0" type="stmt"/>
        <line num="86" count="1" type="stmt"/>
        <line num="87" count="0" type="stmt"/>
        <line num="88" count="0" type="stmt"/>
        <line num="89" count="0" type="stmt"/>
        <line num="90" count="0" type="stmt"/>
        <line num="97" count="1" type="cond" truecount="0" falsecount="2"/>
        <line num="98" count="0" type="stmt"/>
        <line num="99" count="0" type="stmt"/>
        <line num="101" count="0" type="stmt"/>
        <line num="102" count="0" type="stmt"/>
        <line num="105" count="0" type="stmt"/>
        <line num="106" count="0" type="stmt"/>
        <line num="108" count="0" type="stmt"/>
        <line num="110" count="0" type="stmt"/>
        <line num="111" count="0" type="stmt"/>
        <line num="114" count="0" type="stmt"/>
        <line num="115" count="0" type="stmt"/>
        <line num="116" count="0" type="stmt"/>
        <line num="117" count="0" type="stmt"/>
        <line num="118" count="0" type="stmt"/>
        <line num="122" count="0" type="stmt"/>
        <line num="127" count="0" type="stmt"/>
        <line num="130" count="0" type="stmt"/>
        <line num="142" count="0" type="stmt"/>
        <line num="171" count="0" type="stmt"/>
        <line num="182" count="2" type="stmt"/>
        <line num="190" count="2" type="stmt"/>
        <line num="191" count="0" type="stmt"/>
        <line num="192" count="0" type="stmt"/>
        <line num="193" count="0" type="stmt"/>
      </file>
      <file name="CurrentOrder.style.js" path="/Users/Krog/Desktop/Local-Projects/_Module-Four-Projects/_barstock/barstock_ui/src/containers/Business/CurrentOrder/CurrentOrder.style.js">
        <metrics statements="1" coveredstatements="1" conditionals="0" coveredconditionals="0" methods="0" coveredmethods="0"/>
        <line num="3" count="2" type="stmt"/>
      </file>
    </package>
    <package name="src.containers.Business.CurrentOrder.__snapshots__">
      <metrics statements="1" coveredstatements="0" conditionals="0" coveredconditionals="0" methods="0" coveredmethods="0"/>
      <file name="CurrentOrder.test.js.snap" path="/Users/Krog/Desktop/Local-Projects/_Module-Four-Projects/_barstock/barstock_ui/src/containers/Business/CurrentOrder/__snapshots__/CurrentOrder.test.js.snap">
        <metrics statements="1" coveredstatements="0" conditionals="0" coveredconditionals="0" methods="0" coveredmethods="0"/>
        <line num="3" count="0" type="stmt"/>
      </file>
    </package>
    <package name="src.containers.Business.DistributorInventory">
      <metrics statements="26" coveredstatements="7" conditionals="6" coveredconditionals="1" methods="11" coveredmethods="2"/>
      <file name="DistributorInventory.js" path="/Users/Krog/Desktop/Local-Projects/_Module-Four-Projects/_barstock/barstock_ui/src/containers/Business/DistributorInventory/DistributorInventory.js">
        <metrics statements="26" coveredstatements="7" conditionals="6" coveredconditionals="1" methods="11" coveredmethods="2"/>
        <line num="12" count="1" type="stmt"/>
        <line num="13" count="1" type="stmt"/>
        <line num="18" count="1" type="stmt"/>
        <line num="19" count="0" type="stmt"/>
        <line num="26" count="1" type="cond" truecount="1" falsecount="1"/>
        <line num="27" count="0" type="stmt"/>
        <line num="29" count="0" type="stmt"/>
        <line num="30" count="0" type="cond" truecount="0" falsecount="2"/>
        <line num="31" count="0" type="stmt"/>
        <line num="33" count="0" type="stmt"/>
        <line num="36" count="0" type="stmt"/>
        <line num="37" count="0" type="stmt"/>
        <line num="40" count="0" type="stmt"/>
        <line num="41" count="0" type="stmt"/>
        <line num="44" count="0" type="stmt"/>
        <line num="45" count="0" type="stmt"/>
        <line num="46" count="0" type="cond" truecount="0" falsecount="2"/>
        <line num="47" count="0" type="stmt"/>
        <line num="49" count="0" type="stmt"/>
        <line num="50" count="0" type="stmt"/>
        <line num="53" count="0" type="stmt"/>
        <line num="54" count="0" type="stmt"/>
        <line num="63" count="1" type="stmt"/>
        <line num="82" count="2" type="stmt"/>
        <line num="87" count="2" type="stmt"/>
        <line num="88" count="0" type="stmt"/>
      </file>
      <file name="DistributorInventory.style.js" path="/Users/Krog/Desktop/Local-Projects/_Module-Four-Projects/_barstock/barstock_ui/src/containers/Business/DistributorInventory/DistributorInventory.style.js">
        <metrics statements="0" coveredstatements="0" conditionals="0" coveredconditionals="0" methods="0" coveredmethods="0"/>
      </file>
    </package>
    <package name="src.containers.Business.DistributorInventory.__snapshots__">
      <metrics statements="1" coveredstatements="0" conditionals="0" coveredconditionals="0" methods="0" coveredmethods="0"/>
      <file name="DistributorInventory.test.js.snap" path="/Users/Krog/Desktop/Local-Projects/_Module-Four-Projects/_barstock/barstock_ui/src/containers/Business/DistributorInventory/__snapshots__/DistributorInventory.test.js.snap">
        <metrics statements="1" coveredstatements="0" conditionals="0" coveredconditionals="0" methods="0" coveredmethods="0"/>
        <line num="3" count="0" type="stmt"/>
      </file>
    </package>
    <package name="src.containers.Business.LiquorCategory">
      <metrics statements="21" coveredstatements="7" conditionals="4" coveredconditionals="0" methods="10" coveredmethods="2"/>
      <file name="LiquorCategory.js" path="/Users/Krog/Desktop/Local-Projects/_Module-Four-Projects/_barstock/barstock_ui/src/containers/Business/LiquorCategory/LiquorCategory.js">
        <metrics statements="21" coveredstatements="7" conditionals="4" coveredconditionals="0" methods="10" coveredmethods="2"/>
        <line num="10" count="1" type="stmt"/>
        <line num="11" count="1" type="stmt"/>
        <line num="15" count="1" type="stmt"/>
        <line num="16" count="0" type="stmt"/>
        <line num="17" count="0" type="stmt"/>
        <line num="20" count="1" type="stmt"/>
        <line num="21" count="0" type="stmt"/>
        <line num="22" count="0" type="stmt"/>
        <line num="26" count="1" type="stmt"/>
        <line num="27" count="0" type="stmt"/>
        <line num="28" count="0" type="stmt"/>
        <line num="39" count="0" type="cond" truecount="0" falsecount="2"/>
        <line num="40" count="0" type="stmt"/>
        <line num="41" count="0" type="stmt"/>
        <line num="43" count="0" type="stmt"/>
        <line num="44" count="0" type="stmt"/>
        <line num="47" count="0" type="stmt"/>
        <line num="65" count="3" type="stmt"/>
        <line num="69" count="3" type="stmt"/>
        <line num="70" count="0" type="stmt"/>
        <line num="71" count="0" type="stmt"/>
      </file>
      <file name="LiquorCategory.style.js" path="/Users/Krog/Desktop/Local-Projects/_Module-Four-Projects/_barstock/barstock_ui/src/containers/Business/LiquorCategory/LiquorCategory.style.js">
        <metrics statements="0" coveredstatements="0" conditionals="0" coveredconditionals="0" methods="0" coveredmethods="0"/>
      </file>
    </package>
    <package name="src.containers.Business.LiquorCategory.__snapshots__">
      <metrics statements="1" coveredstatements="0" conditionals="0" coveredconditionals="0" methods="0" coveredmethods="0"/>
      <file name="LiquorCategory.test.js.snap" path="/Users/Krog/Desktop/Local-Projects/_Module-Four-Projects/_barstock/barstock_ui/src/containers/Business/LiquorCategory/__snapshots__/LiquorCategory.test.js.snap">
        <metrics statements="1" coveredstatements="0" conditionals="0" coveredconditionals="0" methods="0" coveredmethods="0"/>
        <line num="3" count="0" type="stmt"/>
      </file>
    </package>
    <package name="src.containers.Business.OrderContainer">
      <metrics statements="2" coveredstatements="2" conditionals="0" coveredconditionals="0" methods="2" coveredmethods="1"/>
      <file name="OrderContainer.js" path="/Users/Krog/Desktop/Local-Projects/_Module-Four-Projects/_barstock/barstock_ui/src/containers/Business/OrderContainer/OrderContainer.js">
        <metrics statements="2" coveredstatements="2" conditionals="0" coveredconditionals="0" methods="2" coveredmethods="1"/>
        <line num="9" count="1" type="stmt"/>
        <line num="18" count="1" type="stmt"/>
      </file>
    </package>
    <package name="src.containers.Business.OrderContainer.__snapshots__">
      <metrics statements="1" coveredstatements="0" conditionals="0" coveredconditionals="0" methods="0" coveredmethods="0"/>
      <file name="OrderConainter.test.js.snap" path="/Users/Krog/Desktop/Local-Projects/_Module-Four-Projects/_barstock/barstock_ui/src/containers/Business/OrderContainer/__snapshots__/OrderConainter.test.js.snap">
        <metrics statements="1" coveredstatements="0" conditionals="0" coveredconditionals="0" methods="0" coveredmethods="0"/>
        <line num="3" count="0" type="stmt"/>
      </file>
    </package>
    <package name="src.containers.Business.PastOrderCard">
      <metrics statements="20" coveredstatements="7" conditionals="2" coveredconditionals="0" methods="10" coveredmethods="2"/>
      <file name="PastOrderCard.js" path="/Users/Krog/Desktop/Local-Projects/_Module-Four-Projects/_barstock/barstock_ui/src/containers/Business/PastOrderCard/PastOrderCard.js">
        <metrics statements="20" coveredstatements="7" conditionals="2" coveredconditionals="0" methods="10" coveredmethods="2"/>
        <line num="9" count="1" type="stmt"/>
        <line num="10" count="1" type="stmt"/>
        <line num="15" count="1" type="stmt"/>
        <line num="16" count="0" type="stmt"/>
        <line num="17" count="0" type="stmt"/>
        <line num="22" count="1" type="stmt"/>
        <line num="23" count="0" type="stmt"/>
        <line num="24" count="0" type="stmt"/>
        <line num="25" count="0" type="stmt"/>
        <line num="26" count="0" type="stmt"/>
        <line num="30" count="1" type="stmt"/>
        <line num="31" count="0" type="stmt"/>
        <line num="32" count="0" type="stmt"/>
        <line num="34" count="0" type="stmt"/>
        <line num="48" count="0" type="stmt"/>
        <line num="50" count="0" type="stmt"/>
        <line num="75" count="3" type="stmt"/>
        <line num="76" count="0" type="stmt"/>
        <line num="77" count="0" type="stmt"/>
        <line num="80" count="3" type="stmt"/>
      </file>
      <file name="PastOrderCard.style.js" path="/Users/Krog/Desktop/Local-Projects/_Module-Four-Projects/_barstock/barstock_ui/src/containers/Business/PastOrderCard/PastOrderCard.style.js">
        <metrics statements="0" coveredstatements="0" conditionals="0" coveredconditionals="0" methods="0" coveredmethods="0"/>
      </file>
    </package>
    <package name="src.containers.Business.PastOrderCard.__snapshots__">
      <metrics statements="1" coveredstatements="0" conditionals="0" coveredconditionals="0" methods="0" coveredmethods="0"/>
      <file name="PastOrderCard.test.js.snap" path="/Users/Krog/Desktop/Local-Projects/_Module-Four-Projects/_barstock/barstock_ui/src/containers/Business/PastOrderCard/__snapshots__/PastOrderCard.test.js.snap">
        <metrics statements="1" coveredstatements="0" conditionals="0" coveredconditionals="0" methods="0" coveredmethods="0"/>
        <line num="3" count="0" type="stmt"/>
      </file>
    </package>
    <package name="src.containers.Business.PastOrders">
      <metrics statements="4" coveredstatements="2" conditionals="0" coveredconditionals="0" methods="3" coveredmethods="1"/>
      <file name="PastOrders.js" path="/Users/Krog/Desktop/Local-Projects/_Module-Four-Projects/_barstock/barstock_ui/src/containers/Business/PastOrders/PastOrders.js">
        <metrics statements="4" coveredstatements="2" conditionals="0" coveredconditionals="0" methods="3" coveredmethods="1"/>
        <line num="10" count="1" type="stmt"/>
        <line num="11" count="0" type="stmt"/>
        <line num="15" count="0" type="stmt"/>
        <line num="33" count="2" type="stmt"/>
      </file>
      <file name="PastOrders.style.js" path="/Users/Krog/Desktop/Local-Projects/_Module-Four-Projects/_barstock/barstock_ui/src/containers/Business/PastOrders/PastOrders.style.js">
        <metrics statements="0" coveredstatements="0" conditionals="0" coveredconditionals="0" methods="0" coveredmethods="0"/>
      </file>
    </package>
    <package name="src.containers.Business.PastOrders.__snapshots__">
      <metrics statements="1" coveredstatements="0" conditionals="0" coveredconditionals="0" methods="0" coveredmethods="0"/>
      <file name="PastOrders.test.js.snap" path="/Users/Krog/Desktop/Local-Projects/_Module-Four-Projects/_barstock/barstock_ui/src/containers/Business/PastOrders/__snapshots__/PastOrders.test.js.snap">
        <metrics statements="1" coveredstatements="0" conditionals="0" coveredconditionals="0" methods="0" coveredmethods="0"/>
        <line num="3" count="0" type="stmt"/>
      </file>
    </package>
    <package name="src.containers.Business.SideMenu">
      <metrics statements="19" coveredstatements="7" conditionals="0" coveredconditionals="0" methods="10" coveredmethods="2"/>
      <file name="SideMenu.js" path="/Users/Krog/Desktop/Local-Projects/_Module-Four-Projects/_barstock/barstock_ui/src/containers/Business/SideMenu/SideMenu.js">
        <metrics statements="19" coveredstatements="7" conditionals="0" coveredconditionals="0" methods="10" coveredmethods="2"/>
        <line num="13" count="5" type="stmt"/>
        <line num="14" count="0" type="stmt"/>
        <line num="17" count="0" type="stmt"/>
        <line num="18" count="0" type="stmt"/>
        <line num="19" count="0" type="stmt"/>
        <line num="20" count="0" type="stmt"/>
        <line num="23" count="1" type="stmt"/>
        <line num="24" count="0" type="stmt"/>
        <line num="28" count="0" type="stmt"/>
        <line num="31" count="1" type="stmt"/>
        <line num="32" count="0" type="stmt"/>
        <line num="33" count="0" type="stmt"/>
        <line num="42" count="1" type="stmt"/>
        <line num="75" count="0" type="stmt"/>
        <line num="78" count="0" type="stmt"/>
        <line num="88" count="1" type="stmt"/>
        <line num="92" count="1" type="stmt"/>
        <line num="96" count="1" type="stmt"/>
        <line num="97" count="0" type="stmt"/>
      </file>
      <file name="SideMenu.style.js" path="/Users/Krog/Desktop/Local-Projects/_Module-Four-Projects/_barstock/barstock_ui/src/containers/Business/SideMenu/SideMenu.style.js">
        <metrics statements="0" coveredstatements="0" conditionals="0" coveredconditionals="0" methods="0" coveredmethods="0"/>
      </file>
    </package>
    <package name="src.containers.Business.SideMenu.__snapshots__">
      <metrics statements="1" coveredstatements="0" conditionals="0" coveredconditionals="0" methods="0" coveredmethods="0"/>
      <file name="SideMenu.test.js.snap" path="/Users/Krog/Desktop/Local-Projects/_Module-Four-Projects/_barstock/barstock_ui/src/containers/Business/SideMenu/__snapshots__/SideMenu.test.js.snap">
        <metrics statements="1" coveredstatements="0" conditionals="0" coveredconditionals="0" methods="0" coveredmethods="0"/>
        <line num="3" count="0" type="stmt"/>
      </file>
    </package>
    <package name="src.containers.Business.SubmitOrder">
      <metrics statements="33" coveredstatements="8" conditionals="0" coveredconditionals="0" methods="14" coveredmethods="1"/>
      <file name="SubmitOrder.js" path="/Users/Krog/Desktop/Local-Projects/_Module-Four-Projects/_barstock/barstock_ui/src/containers/Business/SubmitOrder/SubmitOrder.js">
        <metrics statements="31" coveredstatements="6" conditionals="0" coveredconditionals="0" methods="14" coveredmethods="1"/>
        <line num="13" count="1" type="stmt"/>
        <line num="14" count="0" type="stmt"/>
        <line num="17" count="1" type="stmt"/>
        <line num="18" count="0" type="stmt"/>
        <line num="19" count="0" type="stmt"/>
        <line num="20" count="0" type="stmt"/>
        <line num="22" count="0" type="stmt"/>
        <line num="24" count="0" type="stmt"/>
        <line num="25" count="0" type="stmt"/>
        <line num="30" count="0" type="stmt"/>
        <line num="32" count="0" type="stmt"/>
        <line num="33" count="0" type="stmt"/>
        <line num="34" count="0" type="stmt"/>
        <line num="35" count="0" type="stmt"/>
        <line num="36" count="0" type="stmt"/>
        <line num="37" count="0" type="stmt"/>
        <line num="39" count="0" type="stmt"/>
        <line num="41" count="0" type="stmt"/>
        <line num="46" count="1" type="stmt"/>
        <line num="49" count="1" type="stmt"/>
        <line num="51" count="0" type="stmt"/>
        <line num="52" count="0" type="stmt"/>
        <line num="53" count="0" type="stmt"/>
        <line num="61" count="0" type="stmt"/>
        <line num="89" count="0" type="stmt"/>
        <line num="101" count="1" type="stmt"/>
        <line num="107" count="1" type="stmt"/>
        <line num="108" count="0" type="stmt"/>
        <line num="109" count="0" type="stmt"/>
        <line num="110" count="0" type="stmt"/>
        <line num="111" count="0" type="stmt"/>
      </file>
      <file name="SubmitOrder.style.js" path="/Users/Krog/Desktop/Local-Projects/_Module-Four-Projects/_barstock/barstock_ui/src/containers/Business/SubmitOrder/SubmitOrder.style.js">
        <metrics statements="2" coveredstatements="2" conditionals="0" coveredconditionals="0" methods="0" coveredmethods="0"/>
        <line num="3" count="1" type="stmt"/>
        <line num="4" count="1" type="stmt"/>
      </file>
    </package>
    <package name="src.containers.Business.SubmitOrder.__snapshots__">
      <metrics statements="1" coveredstatements="0" conditionals="0" coveredconditionals="0" methods="0" coveredmethods="0"/>
      <file name="SubmitOrder.test.js.snap" path="/Users/Krog/Desktop/Local-Projects/_Module-Four-Projects/_barstock/barstock_ui/src/containers/Business/SubmitOrder/__snapshots__/SubmitOrder.test.js.snap">
        <metrics statements="1" coveredstatements="0" conditionals="0" coveredconditionals="0" methods="0" coveredmethods="0"/>
        <line num="3" count="0" type="stmt"/>
      </file>
    </package>
    <package name="src.containers.Business.ThankYou">
      <metrics statements="6" coveredstatements="0" conditionals="0" coveredconditionals="0" methods="2" coveredmethods="0"/>
      <file name="ThankYou.js" path="/Users/Krog/Desktop/Local-Projects/_Module-Four-Projects/_barstock/barstock_ui/src/containers/Business/ThankYou/ThankYou.js">
        <metrics statements="6" coveredstatements="0" conditionals="0" coveredconditionals="0" methods="2" coveredmethods="0"/>
        <line num="7" count="0" type="stmt"/>
        <line num="8" count="0" type="stmt"/>
        <line num="12" count="0" type="stmt"/>
        <line num="27" count="0" type="stmt"/>
        <line num="28" count="0" type="stmt"/>
        <line num="30" count="0" type="stmt"/>
      </file>
    </package>
    <package name="src.containers.Distributor.AlcoholCategory">
      <metrics statements="13" coveredstatements="4" conditionals="4" coveredconditionals="0" methods="8" coveredmethods="1"/>
      <file name="AlcoholCategory.js" path="/Users/Krog/Desktop/Local-Projects/_Module-Four-Projects/_barstock/barstock_ui/src/containers/Distributor/AlcoholCategory/AlcoholCategory.js">
        <metrics statements="13" coveredstatements="4" conditionals="4" coveredconditionals="0" methods="8" coveredmethods="1"/>
        <line num="16" count="1" type="stmt"/>
        <line num="17" count="0" type="stmt"/>
        <line num="18" count="0" type="cond" truecount="0" falsecount="2"/>
        <line num="19" count="0" type="stmt"/>
        <line num="21" count="0" type="stmt"/>
        <line num="26" count="1" type="stmt"/>
        <line num="27" count="0" type="stmt"/>
        <line num="32" count="0" type="stmt"/>
        <line num="47" count="1" type="stmt"/>
        <line num="52" count="1" type="stmt"/>
        <line num="53" count="0" type="stmt"/>
        <line num="54" count="0" type="stmt"/>
        <line num="55" count="0" type="stmt"/>
      </file>
      <file name="AlcoholCategory.style.js" path="/Users/Krog/Desktop/Local-Projects/_Module-Four-Projects/_barstock/barstock_ui/src/containers/Distributor/AlcoholCategory/AlcoholCategory.style.js">
        <metrics statements="0" coveredstatements="0" conditionals="0" coveredconditionals="0" methods="0" coveredmethods="0"/>
      </file>
    </package>
    <package name="src.containers.Distributor.AlcoholCategory.__snapshots__">
      <metrics statements="1" coveredstatements="0" conditionals="0" coveredconditionals="0" methods="0" coveredmethods="0"/>
      <file name="AlcoholCategory.test.js.snap" path="/Users/Krog/Desktop/Local-Projects/_Module-Four-Projects/_barstock/barstock_ui/src/containers/Distributor/AlcoholCategory/__snapshots__/AlcoholCategory.test.js.snap">
        <metrics statements="1" coveredstatements="0" conditionals="0" coveredconditionals="0" methods="0" coveredmethods="0"/>
        <line num="3" count="0" type="stmt"/>
      </file>
    </package>
    <package name="src.containers.Distributor.AlcoholModal">
      <metrics statements="31" coveredstatements="9" conditionals="2" coveredconditionals="0" methods="12" coveredmethods="2"/>
      <file name="AlcoholModal.js" path="/Users/Krog/Desktop/Local-Projects/_Module-Four-Projects/_barstock/barstock_ui/src/containers/Distributor/AlcoholModal/AlcoholModal.js">
        <metrics statements="29" coveredstatements="7" conditionals="2" coveredconditionals="0" methods="12" coveredmethods="2"/>
        <line num="10" count="1" type="stmt"/>
        <line num="11" count="1" type="stmt"/>
        <line num="20" count="0" type="stmt"/>
        <line num="21" count="0" type="cond" truecount="0" falsecount="2"/>
        <line num="22" count="0" type="stmt"/>
        <line num="31" count="1" type="stmt"/>
        <line num="32" count="0" type="stmt"/>
        <line num="33" count="0" type="stmt"/>
        <line num="34" count="0" type="stmt"/>
        <line num="35" count="0" type="stmt"/>
        <line num="42" count="0" type="stmt"/>
        <line num="44" count="0" type="stmt"/>
        <line num="45" count="0" type="stmt"/>
        <line num="46" count="0" type="stmt"/>
        <line num="47" count="0" type="stmt"/>
        <line num="49" count="0" type="stmt"/>
        <line num="52" count="0" type="stmt"/>
        <line num="58" count="1" type="stmt"/>
        <line num="59" count="1" type="stmt"/>
        <line num="61" count="0" type="stmt"/>
        <line num="62" count="0" type="stmt"/>
        <line num="65" count="0" type="stmt"/>
        <line num="85" count="0" type="stmt"/>
        <line num="94" count="0" type="stmt"/>
        <line num="103" count="0" type="stmt"/>
        <line num="124" count="3" type="stmt"/>
        <line num="130" count="3" type="stmt"/>
        <line num="131" count="0" type="stmt"/>
        <line num="132" count="0" type="stmt"/>
      </file>
      <file name="AlcoholModal.style.js" path="/Users/Krog/Desktop/Local-Projects/_Module-Four-Projects/_barstock/barstock_ui/src/containers/Distributor/AlcoholModal/AlcoholModal.style.js">
        <metrics statements="2" coveredstatements="2" conditionals="0" coveredconditionals="0" methods="0" coveredmethods="0"/>
        <line num="3" count="3" type="stmt"/>
        <line num="4" count="3" type="stmt"/>
      </file>
    </package>
    <package name="src.containers.Distributor.AlcoholModal.__snapshots__">
      <metrics statements="1" coveredstatements="0" conditionals="0" coveredconditionals="0" methods="0" coveredmethods="0"/>
      <file name="AlcoholModal.test.js.snap" path="/Users/Krog/Desktop/Local-Projects/_Module-Four-Projects/_barstock/barstock_ui/src/containers/Distributor/AlcoholModal/__snapshots__/AlcoholModal.test.js.snap">
        <metrics statements="1" coveredstatements="0" conditionals="0" coveredconditionals="0" methods="0" coveredmethods="0"/>
        <line num="3" count="0" type="stmt"/>
      </file>
    </package>
    <package name="src.containers.Distributor.CategoryItem">
      <metrics statements="16" coveredstatements="7" conditionals="2" coveredconditionals="0" methods="8" coveredmethods="1"/>
      <file name="CategoryItem.js" path="/Users/Krog/Desktop/Local-Projects/_Module-Four-Projects/_barstock/barstock_ui/src/containers/Distributor/CategoryItem/CategoryItem.js">
        <metrics statements="14" coveredstatements="5" conditionals="2" coveredconditionals="0" methods="8" coveredmethods="1"/>
        <line num="11" count="1" type="stmt"/>
        <line num="12" count="0" type="stmt"/>
        <line num="13" count="0" type="stmt"/>
        <line num="14" count="0" type="stmt"/>
        <line num="15" count="0" type="stmt"/>
        <line num="16" count="0" type="stmt"/>
        <line num="20" count="1" type="stmt"/>
        <line num="21" count="1" type="stmt"/>
        <line num="23" count="0" type="stmt"/>
        <line num="37" count="0" type="stmt"/>
        <line num="48" count="2" type="stmt"/>
        <line num="53" count="2" type="stmt"/>
        <line num="54" count="0" type="stmt"/>
        <line num="55" count="0" type="stmt"/>
      </file>
      <file name="CategoryItem.style.js" path="/Users/Krog/Desktop/Local-Projects/_Module-Four-Projects/_barstock/barstock_ui/src/containers/Distributor/CategoryItem/CategoryItem.style.js">
        <metrics statements="2" coveredstatements="2" conditionals="0" coveredconditionals="0" methods="0" coveredmethods="0"/>
        <line num="3" count="2" type="stmt"/>
        <line num="4" count="2" type="stmt"/>
      </file>
    </package>
    <package name="src.containers.Distributor.CategoryItem.__snapshots__">
      <metrics statements="1" coveredstatements="0" conditionals="0" coveredconditionals="0" methods="0" coveredmethods="0"/>
      <file name="CategoryItem.test.js.snap" path="/Users/Krog/Desktop/Local-Projects/_Module-Four-Projects/_barstock/barstock_ui/src/containers/Distributor/CategoryItem/__snapshots__/CategoryItem.test.js.snap">
        <metrics statements="1" coveredstatements="0" conditionals="0" coveredconditionals="0" methods="0" coveredmethods="0"/>
        <line num="3" count="0" type="stmt"/>
      </file>
    </package>
    <package name="src.containers.Distributor.DistSideMenu">
      <metrics statements="7" coveredstatements="3" conditionals="0" coveredconditionals="0" methods="3" coveredmethods="2"/>
      <file name="DistSideMenu.js" path="/Users/Krog/Desktop/Local-Projects/_Module-Four-Projects/_barstock/barstock_ui/src/containers/Distributor/DistSideMenu/DistSideMenu.js">
        <metrics statements="7" coveredstatements="3" conditionals="0" coveredconditionals="0" methods="3" coveredmethods="2"/>
        <line num="9" count="1" type="stmt"/>
        <line num="10" count="0" type="stmt"/>
        <line num="13" count="0" type="stmt"/>
        <line num="14" count="0" type="stmt"/>
        <line num="16" count="0" type="stmt"/>
        <line num="20" count="1" type="stmt"/>
        <line num="36" count="1" type="stmt"/>
      </file>
      <file name="DistSideMenu.style.js" path="/Users/Krog/Desktop/Local-Projects/_Module-Four-Projects/_barstock/barstock_ui/src/containers/Distributor/DistSideMenu/DistSideMenu.style.js">
        <metrics statements="0" coveredstatements="0" conditionals="0" coveredconditionals="0" methods="0" coveredmethods="0"/>
      </file>
    </package>
    <package name="src.containers.Distributor.DistSideMenu.__snapshots__">
      <metrics statements="1" coveredstatements="0" conditionals="0" coveredconditionals="0" methods="0" coveredmethods="0"/>
      <file name="DistSideMenu.test.js.snap" path="/Users/Krog/Desktop/Local-Projects/_Module-Four-Projects/_barstock/barstock_ui/src/containers/Distributor/DistSideMenu/__snapshots__/DistSideMenu.test.js.snap">
        <metrics statements="1" coveredstatements="0" conditionals="0" coveredconditionals="0" methods="0" coveredmethods="0"/>
        <line num="3" count="0" type="stmt"/>
      </file>
    </package>
    <package name="src.containers.Distributor.DistributorInventory">
      <metrics statements="30" coveredstatements="0" conditionals="6" coveredconditionals="0" methods="12" coveredmethods="0"/>
      <file name="DistributorInventory.js" path="/Users/Krog/Desktop/Local-Projects/_Module-Four-Projects/_barstock/barstock_ui/src/containers/Distributor/DistributorInventory/DistributorInventory.js">
        <metrics statements="28" coveredstatements="0" conditionals="6" coveredconditionals="0" methods="12" coveredmethods="0"/>
        <line num="12" count="0" type="stmt"/>
        <line num="13" count="0" type="stmt"/>
        <line num="18" count="0" type="stmt"/>
        <line num="19" count="0" type="stmt"/>
        <line num="20" count="0" type="stmt"/>
        <line num="27" count="0" type="cond" truecount="0" falsecount="2"/>
        <line num="28" count="0" type="stmt"/>
        <line num="30" count="0" type="stmt"/>
        <line num="31" count="0" type="cond" truecount="0" falsecount="2"/>
        <line num="32" count="0" type="stmt"/>
        <line num="34" count="0" type="stmt"/>
        <line num="37" count="0" type="stmt"/>
        <line num="38" count="0" type="stmt"/>
        <line num="41" count="0" type="stmt"/>
        <line num="42" count="0" type="stmt"/>
        <line num="45" count="0" type="stmt"/>
        <line num="46" count="0" type="stmt"/>
        <line num="47" count="0" type="cond" truecount="0" falsecount="2"/>
        <line num="48" count="0" type="stmt"/>
        <line num="50" count="0" type="stmt"/>
        <line num="51" count="0" type="stmt"/>
        <line num="54" count="0" type="stmt"/>
        <line num="55" count="0" type="stmt"/>
        <line num="64" count="0" type="stmt"/>
        <line num="83" count="0" type="stmt"/>
        <line num="88" count="0" type="stmt"/>
        <line num="89" count="0" type="stmt"/>
        <line num="90" count="0" type="stmt"/>
      </file>
      <file name="DistributorInventory.style.js" path="/Users/Krog/Desktop/Local-Projects/_Module-Four-Projects/_barstock/barstock_ui/src/containers/Distributor/DistributorInventory/DistributorInventory.style.js">
        <metrics statements="2" coveredstatements="0" conditionals="0" coveredconditionals="0" methods="0" coveredmethods="0"/>
        <line num="3" count="0" type="stmt"/>
        <line num="4" count="0" type="stmt"/>
      </file>
    </package>
    <package name="src.containers.Distributor.Inventory">
      <metrics statements="20" coveredstatements="0" conditionals="0" coveredconditionals="0" methods="9" coveredmethods="0"/>
      <file name="Inventory.js" path="/Users/Krog/Desktop/Local-Projects/_Module-Four-Projects/_barstock/barstock_ui/src/containers/Distributor/Inventory/Inventory.js">
        <metrics statements="18" coveredstatements="0" conditionals="0" coveredconditionals="0" methods="9" coveredmethods="0"/>
        <line num="10" count="0" type="stmt"/>
        <line num="11" count="0" type="stmt"/>
        <line num="17" count="0" type="stmt"/>
        <line num="18" count="0" type="stmt"/>
        <line num="21" count="0" type="stmt"/>
        <line num="22" count="0" type="stmt"/>
        <line num="23" count="0" type="stmt"/>
        <line num="24" count="0" type="stmt"/>
        <line num="25" count="0" type="stmt"/>
        <line num="26" count="0" type="stmt"/>
        <line num="27" count="0" type="stmt"/>
        <line num="29" count="0" type="stmt"/>
        <line num="35" count="0" type="stmt"/>
        <line num="45" count="0" type="stmt"/>
        <line num="50" count="0" type="stmt"/>
        <line num="51" count="0" type="stmt"/>
        <line num="52" count="0" type="stmt"/>
        <line num="53" count="0" type="stmt"/>
      </file>
      <file name="Inventory.style.js" path="/Users/Krog/Desktop/Local-Projects/_Module-Four-Projects/_barstock/barstock_ui/src/containers/Distributor/Inventory/Inventory.style.js">
        <metrics statements="2" coveredstatements="0" conditionals="0" coveredconditionals="0" methods="0" coveredmethods="0"/>
        <line num="3" count="0" type="stmt"/>
        <line num="4" count="0" type="stmt"/>
      </file>
    </package>
    <package name="src.containers.Distributor.LiquorCategory">
      <metrics statements="19" coveredstatements="0" conditionals="4" coveredconditionals="0" methods="10" coveredmethods="0"/>
      <file name="LiquorCategory.js" path="/Users/Krog/Desktop/Local-Projects/_Module-Four-Projects/_barstock/barstock_ui/src/containers/Distributor/LiquorCategory/LiquorCategory.js">
        <metrics statements="19" coveredstatements="0" conditionals="4" coveredconditionals="0" methods="10" coveredmethods="0"/>
        <line num="10" count="0" type="stmt"/>
        <line num="11" count="0" type="stmt"/>
        <line num="15" count="0" type="stmt"/>
        <line num="16" count="0" type="stmt"/>
        <line num="17" count="0" type="stmt"/>
        <line num="20" count="0" type="stmt"/>
        <line num="21" count="0" type="stmt"/>
        <line num="22" count="0" type="stmt"/>
        <line num="26" count="0" type="stmt"/>
        <line num="27" count="0" type="stmt"/>
        <line num="28" count="0" type="stmt"/>
        <line num="38" count="0" type="cond" truecount="0" falsecount="2"/>
        <line num="39" count="0" type="stmt"/>
        <line num="41" count="0" type="stmt"/>
        <line num="44" count="0" type="stmt"/>
        <line num="61" count="0" type="stmt"/>
        <line num="65" count="0" type="stmt"/>
        <line num="66" count="0" type="stmt"/>
        <line num="67" count="0" type="stmt"/>
      </file>
      <file name="LiquorCategory.style.js" path="/Users/Krog/Desktop/Local-Projects/_Module-Four-Projects/_barstock/barstock_ui/src/containers/Distributor/LiquorCategory/LiquorCategory.style.js">
        <metrics statements="0" coveredstatements="0" conditionals="0" coveredconditionals="0" methods="0" coveredmethods="0"/>
      </file>
    </package>
    <package name="src.containers.HomeScreen">
      <metrics statements="17" coveredstatements="0" conditionals="4" coveredconditionals="0" methods="9" coveredmethods="0"/>
      <file name="HomeScreen.js" path="/Users/Krog/Desktop/Local-Projects/_Module-Four-Projects/_barstock/barstock_ui/src/containers/HomeScreen/HomeScreen.js">
        <metrics statements="15" coveredstatements="0" conditionals="4" coveredconditionals="0" methods="9" coveredmethods="0"/>
        <line num="16" count="0" type="stmt"/>
        <line num="17" count="0" type="stmt"/>
        <line num="18" count="0" type="stmt"/>
        <line num="19" count="0" type="stmt"/>
        <line num="20" count="0" type="stmt"/>
        <line num="24" count="0" type="cond" truecount="0" falsecount="2"/>
        <line num="25" count="0" type="stmt"/>
        <line num="27" count="0" type="stmt"/>
        <line num="40" count="0" type="stmt"/>
        <line num="45" count="0" type="stmt"/>
        <line num="46" count="0" type="stmt"/>
        <line num="47" count="0" type="stmt"/>
        <line num="48" count="0" type="stmt"/>
        <line num="49" count="0" type="stmt"/>
        <line num="50" count="0" type="stmt"/>
      </file>
      <file name="HomeScreen.style.js" path="/Users/Krog/Desktop/Local-Projects/_Module-Four-Projects/_barstock/barstock_ui/src/containers/HomeScreen/HomeScreen.style.js">
        <metrics statements="2" coveredstatements="0" conditionals="0" coveredconditionals="0" methods="0" coveredmethods="0"/>
        <line num="3" count="0" type="stmt"/>
        <line num="4" count="0" type="stmt"/>
      </file>
    </package>
    <package name="src.containers.LoginScreen">
      <metrics statements="52" coveredstatements="0" conditionals="4" coveredconditionals="0" methods="19" coveredmethods="0"/>
      <file name="LoginScreen.js" path="/Users/Krog/Desktop/Local-Projects/_Module-Four-Projects/_barstock/barstock_ui/src/containers/LoginScreen/LoginScreen.js">
        <metrics statements="26" coveredstatements="0" conditionals="4" coveredconditionals="0" methods="8" coveredmethods="0"/>
        <line num="9" count="0" type="stmt"/>
        <line num="10" count="0" type="stmt"/>
        <line num="16" count="0" type="stmt"/>
        <line num="17" count="0" type="stmt"/>
        <line num="18" count="0" type="stmt"/>
        <line num="20" count="0" type="stmt"/>
        <line num="25" count="0" type="stmt"/>
        <line num="27" count="0" type="stmt"/>
        <line num="28" count="0" type="stmt"/>
        <line num="29" count="0" type="stmt"/>
        <line num="30" count="0" type="stmt"/>
        <line num="32" count="0" type="stmt"/>
        <line num="37" count="0" type="stmt"/>
        <line num="38" count="0" type="stmt"/>
        <line num="39" count="0" type="stmt"/>
        <line num="40" count="0" type="stmt"/>
        <line num="42" count="0" type="cond" truecount="0" falsecount="2"/>
        <line num="43" count="0" type="stmt"/>
        <line num="44" count="0" type="cond" truecount="0" falsecount="2"/>
        <line num="45" count="0" type="stmt"/>
        <line num="49" count="0" type="stmt"/>
        <line num="50" count="0" type="stmt"/>
        <line num="54" count="0" type="stmt"/>
        <line num="58" count="0" type="stmt"/>
        <line num="67" count="0" type="stmt"/>
        <line num="76" count="0" type="stmt"/>
      </file>
      <file name="LoginScreen.style.js" path="/Users/Krog/Desktop/Local-Projects/_Module-Four-Projects/_barstock/barstock_ui/src/containers/LoginScreen/LoginScreen.style.js">
        <metrics statements="2" coveredstatements="0" conditionals="0" coveredconditionals="0" methods="0" coveredmethods="0"/>
        <line num="3" count="0" type="stmt"/>
        <line num="4" count="0" type="stmt"/>
      </file>
      <file name="SetUpScreen.js" path="/Users/Krog/Desktop/Local-Projects/_Module-Four-Projects/_barstock/barstock_ui/src/containers/LoginScreen/SetUpScreen.js">
        <metrics statements="24" coveredstatements="0" conditionals="0" coveredconditionals="0" methods="11" coveredmethods="0"/>
        <line num="9" count="0" type="stmt"/>
        <line num="10" count="0" type="stmt"/>
        <line num="21" count="0" type="stmt"/>
        <line num="22" count="0" type="stmt"/>
        <line num="25" count="0" type="stmt"/>
        <line num="26" count="0" type="stmt"/>
        <line num="27" count="0" type="stmt"/>
        <line num="28" count="0" type="stmt"/>
        <line num="38" count="0" type="stmt"/>
        <line num="39" count="0" type="stmt"/>
        <line num="40" count="0" type="stmt"/>
        <line num="41" count="0" type="stmt"/>
        <line num="42" count="0" type="stmt"/>
        <line num="43" count="0" type="stmt"/>
        <line num="45" count="0" type="stmt"/>
        <line num="47" count="0" type="stmt"/>
        <line num="51" count="0" type="stmt"/>
        <line num="60" count="0" type="stmt"/>
        <line num="67" count="0" type="stmt"/>
        <line num="74" count="0" type="stmt"/>
        <line num="81" count="0" type="stmt"/>
        <line num="90" count="0" type="stmt"/>
        <line num="97" count="0" type="stmt"/>
        <line num="104" count="0" type="stmt"/>
      </file>
    </package>
    <package name="src.redux.actions">
      <metrics statements="19" coveredstatements="19" conditionals="0" coveredconditionals="0" methods="19" coveredmethods="0"/>
      <file name="index.js" path="/Users/Krog/Desktop/Local-Projects/_Module-Four-Projects/_barstock/barstock_ui/src/redux/actions/index.js">
        <metrics statements="19" coveredstatements="19" conditionals="0" coveredconditionals="0" methods="19" coveredmethods="0"/>
        <line num="1" count="16" type="stmt"/>
        <line num="6" count="16" type="stmt"/>
        <line num="11" count="16" type="stmt"/>
        <line num="16" count="16" type="stmt"/>
        <line num="21" count="16" type="stmt"/>
        <line num="26" count="16" type="stmt"/>
        <line num="31" count="16" type="stmt"/>
        <line num="36" count="16" type="stmt"/>
        <line num="41" count="16" type="stmt"/>
        <line num="46" count="16" type="stmt"/>
        <line num="52" count="16" type="stmt"/>
        <line num="57" count="16" type="stmt"/>
        <line num="62" count="16" type="stmt"/>
        <line num="67" count="16" type="stmt"/>
        <line num="72" count="16" type="stmt"/>
        <line num="77" count="16" type="stmt"/>
        <line num="82" count="16" type="stmt"/>
        <line num="87" count="16" type="stmt"/>
        <line num="92" count="16" type="stmt"/>
      </file>
    </package>
    <package name="src.redux.reducers">
      <metrics statements="74" coveredstatements="55" conditionals="47" coveredconditionals="34" methods="14" coveredmethods="11"/>
      <file name="alcoholInfoReducer.js" path="/Users/Krog/Desktop/Local-Projects/_Module-Four-Projects/_barstock/barstock_ui/src/redux/reducers/alcoholInfoReducer.js">
        <metrics statements="4" coveredstatements="4" conditionals="3" coveredconditionals="3" methods="1" coveredmethods="1"/>
        <line num="1" count="1" type="cond" truecount="1" falsecount="0"/>
        <line num="2" count="2" type="cond" truecount="2" falsecount="0"/>
        <line num="4" count="1" type="stmt"/>
        <line num="6" count="1" type="stmt"/>
      </file>
      <file name="alcoholReducer.js" path="/Users/Krog/Desktop/Local-Projects/_Module-Four-Projects/_barstock/barstock_ui/src/redux/reducers/alcoholReducer.js">
        <metrics statements="4" coveredstatements="4" conditionals="3" coveredconditionals="3" methods="1" coveredmethods="1"/>
        <line num="1" count="1" type="cond" truecount="1" falsecount="0"/>
        <line num="2" count="2" type="cond" truecount="2" falsecount="0"/>
        <line num="4" count="1" type="stmt"/>
        <line num="6" count="1" type="stmt"/>
      </file>
      <file name="businessInfoReducer.js" path="/Users/Krog/Desktop/Local-Projects/_Module-Four-Projects/_barstock/barstock_ui/src/redux/reducers/businessInfoReducer.js">
        <metrics statements="4" coveredstatements="4" conditionals="3" coveredconditionals="3" methods="1" coveredmethods="1"/>
        <line num="1" count="1" type="cond" truecount="1" falsecount="0"/>
        <line num="2" count="2" type="cond" truecount="2" falsecount="0"/>
        <line num="4" count="1" type="stmt"/>
        <line num="6" count="1" type="stmt"/>
      </file>
      <file name="businessItemsReducer.js" path="/Users/Krog/Desktop/Local-Projects/_Module-Four-Projects/_barstock/barstock_ui/src/redux/reducers/businessItemsReducer.js">
        <metrics statements="13" coveredstatements="13" conditionals="7" coveredconditionals="7" methods="2" coveredmethods="2"/>
        <line num="1" count="1" type="cond" truecount="1" falsecount="0"/>
        <line num="2" count="4" type="cond" truecount="4" falsecount="0"/>
        <line num="4" count="1" type="stmt"/>
        <line num="6" count="1" type="stmt"/>
        <line num="8" count="1" type="stmt"/>
        <line num="9" count="2" type="cond" truecount="2" falsecount="0"/>
        <line num="10" count="1" type="stmt"/>
        <line num="11" count="1" type="stmt"/>
        <line num="12" count="1" type="stmt"/>
        <line num="13" count="1" type="stmt"/>
        <line num="15" count="1" type="stmt"/>
        <line num="18" count="1" type="stmt"/>
        <line num="20" count="1" type="stmt"/>
      </file>
      <file name="cartReducer.js" path="/Users/Krog/Desktop/Local-Projects/_Module-Four-Projects/_barstock/barstock_ui/src/redux/reducers/cartReducer.js">
        <metrics statements="20" coveredstatements="18" conditionals="12" coveredconditionals="9" methods="3" coveredmethods="3"/>
        <line num="1" count="1" type="cond" truecount="1" falsecount="0"/>
        <line num="2" count="7" type="cond" truecount="7" falsecount="0"/>
        <line num="4" count="1" type="stmt"/>
        <line num="5" count="1" type="stmt"/>
        <line num="7" count="1" type="stmt"/>
        <line num="8" count="1" type="cond" truecount="1" falsecount="1"/>
        <line num="9" count="1" type="stmt"/>
        <line num="10" count="0" type="cond" truecount="0" falsecount="2"/>
        <line num="11" count="0" type="stmt"/>
        <line num="13" count="1" type="stmt"/>
        <line num="15" count="1" type="stmt"/>
        <line num="17" count="1" type="stmt"/>
        <line num="18" count="1" type="stmt"/>
        <line num="19" count="1" type="stmt"/>
        <line num="21" count="1" type="stmt"/>
        <line num="22" count="1" type="stmt"/>
        <line num="24" count="1" type="stmt"/>
        <line num="25" count="1" type="stmt"/>
        <line num="27" count="1" type="stmt"/>
        <line num="29" count="1" type="stmt"/>
      </file>
      <file name="categorySelectedReducer.js" path="/Users/Krog/Desktop/Local-Projects/_Module-Four-Projects/_barstock/barstock_ui/src/redux/reducers/categorySelectedReducer.js">
        <metrics statements="4" coveredstatements="4" conditionals="3" coveredconditionals="3" methods="1" coveredmethods="1"/>
        <line num="1" count="1" type="cond" truecount="1" falsecount="0"/>
        <line num="2" count="2" type="cond" truecount="2" falsecount="0"/>
        <line num="4" count="1" type="stmt"/>
        <line num="6" count="1" type="stmt"/>
      </file>
      <file name="index.js" path="/Users/Krog/Desktop/Local-Projects/_Module-Four-Projects/_barstock/barstock_ui/src/redux/reducers/index.js">
        <metrics statements="1" coveredstatements="0" conditionals="0" coveredconditionals="0" methods="0" coveredmethods="0"/>
        <line num="14" count="0" type="stmt"/>
      </file>
      <file name="loadingReducer.js" path="/Users/Krog/Desktop/Local-Projects/_Module-Four-Projects/_barstock/barstock_ui/src/redux/reducers/loadingReducer.js">
        <metrics statements="4" coveredstatements="4" conditionals="3" coveredconditionals="3" methods="1" coveredmethods="1"/>
        <line num="1" count="1" type="cond" truecount="1" falsecount="0"/>
        <line num="2" count="2" type="cond" truecount="2" falsecount="0"/>
        <line num="4" count="1" type="stmt"/>
        <line num="6" count="1" type="stmt"/>
      </file>
      <file name="modalReducer.js" path="/Users/Krog/Desktop/Local-Projects/_Module-Four-Projects/_barstock/barstock_ui/src/redux/reducers/modalReducer.js">
        <metrics statements="4" coveredstatements="4" conditionals="3" coveredconditionals="3" methods="1" coveredmethods="1"/>
        <line num="1" count="1" type="cond" truecount="1" falsecount="0"/>
        <line num="2" count="2" type="cond" truecount="2" falsecount="0"/>
        <line num="4" count="1" type="stmt"/>
        <line num="6" count="1" type="stmt"/>
      </file>
      <file name="orderReducer.js" path="/Users/Krog/Desktop/Local-Projects/_Module-Four-Projects/_barstock/barstock_ui/src/redux/reducers/orderReducer.js">
        <metrics statements="4" coveredstatements="0" conditionals="3" coveredconditionals="0" methods="1" coveredmethods="0"/>
        <line num="1" count="0" type="cond" truecount="0" falsecount="1"/>
        <line num="2" count="0" type="cond" truecount="0" falsecount="2"/>
        <line num="4" count="0" type="stmt"/>
        <line num="6" count="0" type="stmt"/>
      </file>
      <file name="pastOrderReducer.js" path="/Users/Krog/Desktop/Local-Projects/_Module-Four-Projects/_barstock/barstock_ui/src/redux/reducers/pastOrderReducer.js">
        <metrics statements="8" coveredstatements="0" conditionals="4" coveredconditionals="0" methods="1" coveredmethods="0"/>
        <line num="1" count="0" type="cond" truecount="0" falsecount="1"/>
        <line num="2" count="0" type="cond" truecount="0" falsecount="3"/>
        <line num="4" count="0" type="stmt"/>
        <line num="6" count="0" type="stmt"/>
        <line num="7" count="0" type="stmt"/>
        <line num="8" count="0" type="stmt"/>
        <line num="9" count="0" type="stmt"/>
        <line num="11" count="0" type="stmt"/>
      </file>
      <file name="swiperReducer.js" path="/Users/Krog/Desktop/Local-Projects/_Module-Four-Projects/_barstock/barstock_ui/src/redux/reducers/swiperReducer.js">
        <metrics statements="4" coveredstatements="0" conditionals="3" coveredconditionals="0" methods="1" coveredmethods="0"/>
        <line num="1" count="0" type="cond" truecount="0" falsecount="1"/>
        <line num="2" count="0" type="cond" truecount="0" falsecount="2"/>
        <line num="4" count="0" type="stmt"/>
        <line num="6" count="0" type="stmt"/>
      </file>
    </package>
    <package name="src.redux.thunks">
      <metrics statements="53" coveredstatements="2" conditionals="4" coveredconditionals="0" methods="12" coveredmethods="0"/>
      <file name="addBusinessItem.js" path="/Users/Krog/Desktop/Local-Projects/_Module-Four-Projects/_barstock/barstock_ui/src/redux/thunks/addBusinessItem.js">
        <metrics statements="10" coveredstatements="1" conditionals="0" coveredconditionals="0" methods="2" coveredmethods="0"/>
        <line num="4" count="5" type="stmt"/>
        <line num="5" count="0" type="stmt"/>
        <line num="12" count="0" type="stmt"/>
        <line num="13" count="0" type="stmt"/>
        <line num="14" count="0" type="stmt"/>
        <line num="15" count="0" type="stmt"/>
        <line num="16" count="0" type="stmt"/>
        <line num="17" count="0" type="stmt"/>
        <line num="18" count="0" type="stmt"/>
        <line num="20" count="0" type="stmt"/>
      </file>
      <file name="fetchAllItems.js" path="/Users/Krog/Desktop/Local-Projects/_Module-Four-Projects/_barstock/barstock_ui/src/redux/thunks/fetchAllItems.js">
        <metrics statements="10" coveredstatements="0" conditionals="0" coveredconditionals="0" methods="2" coveredmethods="0"/>
        <line num="7" count="0" type="stmt"/>
        <line num="8" count="0" type="stmt"/>
        <line num="9" count="0" type="stmt"/>
        <line num="10" count="0" type="stmt"/>
        <line num="11" count="0" type="stmt"/>
        <line num="12" count="0" type="stmt"/>
        <line num="13" count="0" type="stmt"/>
        <line num="14" count="0" type="stmt"/>
        <line num="15" count="0" type="stmt"/>
        <line num="17" count="0" type="stmt"/>
      </file>
      <file name="fetchBusinessInfo.js" path="/Users/Krog/Desktop/Local-Projects/_Module-Four-Projects/_barstock/barstock_ui/src/redux/thunks/fetchBusinessInfo.js">
        <metrics statements="8" coveredstatements="0" conditionals="2" coveredconditionals="0" methods="2" coveredmethods="0"/>
        <line num="4" count="0" type="stmt"/>
        <line num="5" count="0" type="stmt"/>
        <line num="6" count="0" type="stmt"/>
        <line num="7" count="0" type="stmt"/>
        <line num="8" count="0" type="stmt"/>
        <line num="9" count="0" type="cond" truecount="0" falsecount="2"/>
        <line num="10" count="0" type="stmt"/>
        <line num="12" count="0" type="stmt"/>
      </file>
      <file name="fetchBusinessItems.js" path="/Users/Krog/Desktop/Local-Projects/_Module-Four-Projects/_barstock/barstock_ui/src/redux/thunks/fetchBusinessItems.js">
        <metrics statements="7" coveredstatements="0" conditionals="0" coveredconditionals="0" methods="2" coveredmethods="0"/>
        <line num="4" count="0" type="stmt"/>
        <line num="5" count="0" type="stmt"/>
        <line num="6" count="0" type="stmt"/>
        <line num="7" count="0" type="stmt"/>
        <line num="8" count="0" type="stmt"/>
        <line num="9" count="0" type="stmt"/>
        <line num="11" count="0" type="stmt"/>
      </file>
      <file name="fetchPastOrders.js" path="/Users/Krog/Desktop/Local-Projects/_Module-Four-Projects/_barstock/barstock_ui/src/redux/thunks/fetchPastOrders.js">
        <metrics statements="7" coveredstatements="0" conditionals="0" coveredconditionals="0" methods="2" coveredmethods="0"/>
        <line num="4" count="0" type="stmt"/>
        <line num="5" count="0" type="stmt"/>
        <line num="6" count="0" type="stmt"/>
        <line num="7" count="0" type="stmt"/>
        <line num="8" count="0" type="stmt"/>
        <line num="9" count="0" type="stmt"/>
        <line num="11" count="0" type="stmt"/>
      </file>
      <file name="updateBusinessItem.js" path="/Users/Krog/Desktop/Local-Projects/_Module-Four-Projects/_barstock/barstock_ui/src/redux/thunks/updateBusinessItem.js">
        <metrics statements="11" coveredstatements="1" conditionals="2" coveredconditionals="0" methods="2" coveredmethods="0"/>
        <line num="4" count="5" type="stmt"/>
        <line num="5" count="0" type="stmt"/>
        <line num="11" count="0" type="stmt"/>
        <line num="12" count="0" type="stmt"/>
        <line num="13" count="0" type="stmt"/>
        <line num="14" count="0" type="stmt"/>
        <line num="15" count="0" type="stmt"/>
        <line num="16" count="0" type="cond" truecount="0" falsecount="2"/>
        <line num="17" count="0" type="stmt"/>
        <line num="18" count="0" type="stmt"/>
        <line num="20" count="0" type="stmt"/>
      </file>
    </package>
    <package name="src.utility">
      <metrics statements="55" coveredstatements="9" conditionals="4" coveredconditionals="0" methods="14" coveredmethods="1"/>
      <file name="apiInfo.js" path="/Users/Krog/Desktop/Local-Projects/_Module-Four-Projects/_barstock/barstock_ui/src/utility/apiInfo.js">
        <metrics statements="1" coveredstatements="0" conditionals="0" coveredconditionals="0" methods="0" coveredmethods="0"/>
        <line num="2" count="0" type="stmt"/>
      </file>
      <file name="fetchData.js" path="/Users/Krog/Desktop/Local-Projects/_Module-Four-Projects/_barstock/barstock_ui/src/utility/fetchData.js">
        <metrics statements="7" coveredstatements="0" conditionals="2" coveredconditionals="0" methods="1" coveredmethods="0"/>
        <line num="1" count="0" type="stmt"/>
        <line num="2" count="0" type="stmt"/>
        <line num="3" count="0" type="stmt"/>
        <line num="4" count="0" type="cond" truecount="0" falsecount="2"/>
        <line num="5" count="0" type="stmt"/>
        <line num="6" count="0" type="stmt"/>
        <line num="8" count="0" type="stmt"/>
      </file>
      <file name="fetchOptions.js" path="/Users/Krog/Desktop/Local-Projects/_Module-Four-Projects/_barstock/barstock_ui/src/utility/fetchOptions.js">
        <metrics statements="1" coveredstatements="1" conditionals="0" coveredconditionals="0" methods="1" coveredmethods="0"/>
        <line num="1" count="9" type="stmt"/>
      </file>
      <file name="generateMargin.js" path="/Users/Krog/Desktop/Local-Projects/_Module-Four-Projects/_barstock/barstock_ui/src/utility/generateMargin.js">
        <metrics statements="24" coveredstatements="3" conditionals="0" coveredconditionals="0" methods="3" coveredmethods="0"/>
        <line num="1" count="5" type="stmt"/>
        <line num="3" count="0" type="stmt"/>
        <line num="4" count="0" type="stmt"/>
        <line num="5" count="0" type="stmt"/>
        <line num="6" count="0" type="stmt"/>
        <line num="7" count="0" type="stmt"/>
        <line num="8" count="0" type="stmt"/>
        <line num="9" count="0" type="stmt"/>
        <line num="12" count="5" type="stmt"/>
        <line num="14" count="0" type="stmt"/>
        <line num="15" count="0" type="stmt"/>
        <line num="16" count="0" type="stmt"/>
        <line num="17" count="0" type="stmt"/>
        <line num="18" count="0" type="stmt"/>
        <line num="19" count="0" type="stmt"/>
        <line num="20" count="0" type="stmt"/>
        <line num="21" count="0" type="stmt"/>
        <line num="24" count="5" type="stmt"/>
        <line num="25" count="0" type="stmt"/>
        <line num="26" count="0" type="stmt"/>
        <line num="27" count="0" type="stmt"/>
        <line num="28" count="0" type="stmt"/>
        <line num="29" count="0" type="stmt"/>
        <line num="30" count="0" type="stmt"/>
      </file>
      <file name="liquorCleaner.js" path="/Users/Krog/Desktop/Local-Projects/_Module-Four-Projects/_barstock/barstock_ui/src/utility/liquorCleaner.js">
        <metrics statements="22" coveredstatements="5" conditionals="2" coveredconditionals="0" methods="9" coveredmethods="1"/>
        <line num="2" count="3" type="stmt"/>
        <line num="3" count="0" type="stmt"/>
        <line num="4" count="0" type="stmt"/>
        <line num="5" count="0" type="stmt"/>
        <line num="8" count="3" type="stmt"/>
        <line num="9" count="0" type="stmt"/>
        <line num="10" count="0" type="cond" truecount="0" falsecount="2"/>
        <line num="11" count="0" type="stmt"/>
        <line num="12" count="0" type="stmt"/>
        <line num="14" count="0" type="stmt"/>
        <line num="17" count="3" type="stmt"/>
        <line num="18" count="1" type="stmt"/>
        <line num="19" count="0" type="stmt"/>
        <line num="20" count="0" type="stmt"/>
        <line num="21" count="0" type="stmt"/>
        <line num="23" count="0" type="stmt"/>
        <line num="27" count="3" type="stmt"/>
        <line num="28" count="0" type="stmt"/>
        <line num="29" count="0" type="stmt"/>
        <line num="30" count="0" type="stmt"/>
        <line num="31" count="0" type="stmt"/>
        <line num="45" count="0" type="stmt"/>
      </file>
    </package>
  </project>
</coverage>
