{"/Users/Krog/Desktop/Local-Projects/_Module-Four-Projects/_barstock/barstock_ui/src/App.js": {"path":"/Users/Krog/Desktop/Local-Projects/_Module-Four-Projects/_barstock/barstock_ui/src/App.js","statementMap":{"0":{"start":{"line":6,"column":4},"end":{"line":8,"column":6}}},"fnMap":{"0":{"name":"(anonymous_0)","decl":{"start":{"line":5,"column":2},"end":{"line":5,"column":3}},"loc":{"start":{"line":5,"column":11},"end":{"line":9,"column":3}},"line":5}},"branchMap":{},"s":{"0":0},"f":{"0":0},"b":{},"hash":"c7c45b38fd70c80e282bbfa7caeb2f6761255f95"}
,"/Users/Krog/Desktop/Local-Projects/_Module-Four-Projects/_barstock/barstock_ui/src/navigation.js": {"path":"/Users/Krog/Desktop/Local-Projects/_Module-Four-Projects/_barstock/barstock_ui/src/navigation.js","statementMap":{"0":{"start":{"line":19,"column":15},"end":{"line":60,"column":1}},"1":{"start":{"line":20,"column":2},"end":{"line":59,"column":4}},"2":{"start":{"line":41,"column":31},"end":{"line":41,"column":61}},"3":{"start":{"line":62,"column":16},"end":{"line":72,"column":1}},"4":{"start":{"line":74,"column":15},"end":{"line":80,"column":2}},"5":{"start":{"line":83,"column":26},"end":{"line":113,"column":1}},"6":{"start":{"line":84,"column":2},"end":{"line":112,"column":4}},"7":{"start":{"line":115,"column":23},"end":{"line":122,"column":1}},"8":{"start":{"line":124,"column":26},"end":{"line":130,"column":2}},"9":{"start":{"line":132,"column":28},"end":{"line":143,"column":1}}},"fnMap":{"0":{"name":"(anonymous_0)","decl":{"start":{"line":19,"column":15},"end":{"line":19,"column":16}},"loc":{"start":{"line":19,"column":35},"end":{"line":60,"column":1}},"line":19},"1":{"name":"(anonymous_1)","decl":{"start":{"line":41,"column":23},"end":{"line":41,"column":24}},"loc":{"start":{"line":41,"column":29},"end":{"line":41,"column":63}},"line":41},"2":{"name":"(anonymous_2)","decl":{"start":{"line":83,"column":26},"end":{"line":83,"column":27}},"loc":{"start":{"line":83,"column":46},"end":{"line":113,"column":1}},"line":83}},"branchMap":{},"s":{"0":0,"1":0,"2":0,"3":0,"4":0,"5":0,"6":0,"7":0,"8":0,"9":0},"f":{"0":0,"1":0,"2":0},"b":{},"hash":"62d0263eb572973ae7624b42200224d05f20a28f"}
,"/Users/Krog/Desktop/Local-Projects/_Module-Four-Projects/_barstock/barstock_ui/src/components/Footer/Footer.js": {"path":"/Users/Krog/Desktop/Local-Projects/_Module-Four-Projects/_barstock/barstock_ui/src/components/Footer/Footer.js","statementMap":{"0":{"start":{"line":5,"column":15},"end":{"line":9,"column":1}},"1":{"start":{"line":6,"column":2},"end":{"line":8,"column":4}}},"fnMap":{"0":{"name":"(anonymous_0)","decl":{"start":{"line":5,"column":15},"end":{"line":5,"column":16}},"loc":{"start":{"line":5,"column":21},"end":{"line":9,"column":1}},"line":5}},"branchMap":{},"s":{"0":4,"1":0},"f":{"0":0},"b":{},"_coverageSchema":"43e27e138ebf9cfc5966b082cf9a028302ed4184","hash":"560d01166c671afa9bb960f2bc49bb3af9dfff2b"}
,"/Users/Krog/Desktop/Local-Projects/_Module-Four-Projects/_barstock/barstock_ui/src/components/Footer/Footer.style.js": {"path":"/Users/Krog/Desktop/Local-Projects/_Module-Four-Projects/_barstock/barstock_ui/src/components/Footer/Footer.style.js","statementMap":{"0":{"start":{"line":3,"column":20},"end":{"line":3,"column":50}},"1":{"start":{"line":4,"column":21},"end":{"line":4,"column":52}}},"fnMap":{},"branchMap":{},"s":{"0":4,"1":4},"f":{},"b":{},"_coverageSchema":"43e27e138ebf9cfc5966b082cf9a028302ed4184","hash":"4f7ea5a30380f252d4d196db3b0e75c864e2cdc5"}
,"/Users/Krog/Desktop/Local-Projects/_Module-Four-Projects/_barstock/barstock_ui/src/components/Loading/Loading.js": {"path":"/Users/Krog/Desktop/Local-Projects/_Module-Four-Projects/_barstock/barstock_ui/src/components/Loading/Loading.js","statementMap":{"0":{"start":{"line":7,"column":4},"end":{"line":11,"column":6}},"1":{"start":{"line":15,"column":15},"end":{"line":28,"column":2}}},"fnMap":{"0":{"name":"(anonymous_0)","decl":{"start":{"line":5,"column":2},"end":{"line":5,"column":3}},"loc":{"start":{"line":5,"column":11},"end":{"line":12,"column":3}},"line":5}},"branchMap":{},"s":{"0":1,"1":2},"f":{"0":1},"b":{},"_coverageSchema":"43e27e138ebf9cfc5966b082cf9a028302ed4184","hash":"8ab3283e4d2c33f927569282b80f77aa1a110c8c"}
,"/Users/Krog/Desktop/Local-Projects/_Module-Four-Projects/_barstock/barstock_ui/src/components/Loading/__snapshots__/Loading.test.js.snap": {"path":"/Users/Krog/Desktop/Local-Projects/_Module-Four-Projects/_barstock/barstock_ui/src/components/Loading/__snapshots__/Loading.test.js.snap","statementMap":{"0":{"start":{"line":3,"column":0},"end":{"line":22,"column":2}}},"fnMap":{},"branchMap":{},"s":{"0":0},"f":{},"b":{},"hash":"d1c7d28bf607d2f2ce11f515fd6db9a26be3b485"}
,"/Users/Krog/Desktop/Local-Projects/_Module-Four-Projects/_barstock/barstock_ui/src/components/LogoTitle/LogoTitle.js": {"path":"/Users/Krog/Desktop/Local-Projects/_Module-Four-Projects/_barstock/barstock_ui/src/components/LogoTitle/LogoTitle.js","statementMap":{"0":{"start":{"line":6,"column":4},"end":{"line":11,"column":6}}},"fnMap":{"0":{"name":"(anonymous_0)","decl":{"start":{"line":5,"column":2},"end":{"line":5,"column":3}},"loc":{"start":{"line":5,"column":11},"end":{"line":12,"column":3}},"line":5}},"branchMap":{},"s":{"0":0},"f":{"0":0},"b":{},"hash":"79d7459d29f2fdc897e5557dac49488bc80d3d72"}
,"/Users/Krog/Desktop/Local-Projects/_Module-Four-Projects/_barstock/barstock_ui/src/containers/Business/AccountContainer/AccountContainer.js": {"path":"/Users/Krog/Desktop/Local-Projects/_Module-Four-Projects/_barstock/barstock_ui/src/containers/Business/AccountContainer/AccountContainer.js","statementMap":{"0":{"start":{"line":11,"column":4},"end":{"line":19,"column":5}},"1":{"start":{"line":23,"column":20},"end":{"line":23,"column":50}},"2":{"start":{"line":24,"column":21},"end":{"line":24,"column":52}},"3":{"start":{"line":26,"column":15},"end":{"line":43,"column":2}},"4":{"start":{"line":45,"column":31},"end":{"line":47,"column":2}},"5":{"start":{"line":45,"column":43},"end":{"line":47,"column":1}}},"fnMap":{"0":{"name":"(anonymous_0)","decl":{"start":{"line":10,"column":2},"end":{"line":10,"column":3}},"loc":{"start":{"line":10,"column":10},"end":{"line":20,"column":3}},"line":10},"1":{"name":"(anonymous_1)","decl":{"start":{"line":45,"column":31},"end":{"line":45,"column":32}},"loc":{"start":{"line":45,"column":43},"end":{"line":47,"column":1}},"line":45}},"branchMap":{},"s":{"0":0,"1":0,"2":0,"3":0,"4":0,"5":0},"f":{"0":0,"1":0},"b":{},"hash":"97e87969d859d82f032d3aa0d36becfeaa6253ec"}
,"/Users/Krog/Desktop/Local-Projects/_Module-Four-Projects/_barstock/barstock_ui/src/containers/Business/AccountContainer/AccountContainer.style.js": {"path":"/Users/Krog/Desktop/Local-Projects/_Module-Four-Projects/_barstock/barstock_ui/src/containers/Business/AccountContainer/AccountContainer.style.js","statementMap":{},"fnMap":{},"branchMap":{},"s":{},"f":{},"b":{},"hash":"11ad30d629707b83b8e7e9dfa15bd757ad4787cb"}
,"/Users/Krog/Desktop/Local-Projects/_Module-Four-Projects/_barstock/barstock_ui/src/containers/Business/AccountInfo/AccountInfo.js": {"path":"/Users/Krog/Desktop/Local-Projects/_Module-Four-Projects/_barstock/barstock_ui/src/containers/Business/AccountInfo/AccountInfo.js","statementMap":{"0":{"start":{"line":9,"column":17},"end":{"line":9,"column":65}},"1":{"start":{"line":10,"column":4},"end":{"line":58,"column":5}},"2":{"start":{"line":62,"column":31},"end":{"line":64,"column":2}},"3":{"start":{"line":62,"column":43},"end":{"line":64,"column":1}}},"fnMap":{"0":{"name":"(anonymous_0)","decl":{"start":{"line":8,"column":2},"end":{"line":8,"column":3}},"loc":{"start":{"line":8,"column":11},"end":{"line":59,"column":3}},"line":8},"1":{"name":"(anonymous_1)","decl":{"start":{"line":62,"column":31},"end":{"line":62,"column":32}},"loc":{"start":{"line":62,"column":43},"end":{"line":64,"column":1}},"line":62}},"branchMap":{},"s":{"0":0,"1":0,"2":0,"3":0},"f":{"0":0,"1":0},"b":{},"hash":"4b1711ecd5c9f08f5d37b39f7a41cb5b11c9b5ff"}
,"/Users/Krog/Desktop/Local-Projects/_Module-Four-Projects/_barstock/barstock_ui/src/containers/Business/AccountInfo/AccountInfo.style.js": {"path":"/Users/Krog/Desktop/Local-Projects/_Module-Four-Projects/_barstock/barstock_ui/src/containers/Business/AccountInfo/AccountInfo.style.js","statementMap":{"0":{"start":{"line":3,"column":20},"end":{"line":3,"column":50}},"1":{"start":{"line":4,"column":21},"end":{"line":4,"column":52}}},"fnMap":{},"branchMap":{},"s":{"0":0,"1":0},"f":{},"b":{},"hash":"768cf525a6045f730b8c2170fe45f5abdaf69b8d"}
,"/Users/Krog/Desktop/Local-Projects/_Module-Four-Projects/_barstock/barstock_ui/src/containers/Business/AlcoholCategory/AlcoholCategory.js": {"path":"/Users/Krog/Desktop/Local-Projects/_Module-Four-Projects/_barstock/barstock_ui/src/containers/Business/AlcoholCategory/AlcoholCategory.js","statementMap":{"0":{"start":{"line":17,"column":17},"end":{"line":24,"column":3}},"1":{"start":{"line":18,"column":4},"end":{"line":18,"column":63}},"2":{"start":{"line":19,"column":4},"end":{"line":23,"column":5}},"3":{"start":{"line":20,"column":6},"end":{"line":20,"column":37}},"4":{"start":{"line":22,"column":6},"end":{"line":22,"column":51}},"5":{"start":{"line":29,"column":20},"end":{"line":33,"column":6}},"6":{"start":{"line":30,"column":6},"end":{"line":32,"column":7}},"7":{"start":{"line":35,"column":4},"end":{"line":39,"column":5}},"8":{"start":{"line":36,"column":6},"end":{"line":36,"column":67}},"9":{"start":{"line":38,"column":6},"end":{"line":38,"column":66}},"10":{"start":{"line":41,"column":4},"end":{"line":55,"column":5}},"11":{"start":{"line":59,"column":31},"end":{"line":62,"column":2}},"12":{"start":{"line":59,"column":43},"end":{"line":62,"column":1}},"13":{"start":{"line":64,"column":34},"end":{"line":66,"column":2}},"14":{"start":{"line":64,"column":49},"end":{"line":66,"column":1}},"15":{"start":{"line":65,"column":27},"end":{"line":65,"column":66}}},"fnMap":{"0":{"name":"(anonymous_0)","decl":{"start":{"line":17,"column":17},"end":{"line":17,"column":18}},"loc":{"start":{"line":17,"column":23},"end":{"line":24,"column":3}},"line":17},"1":{"name":"(anonymous_1)","decl":{"start":{"line":26,"column":2},"end":{"line":26,"column":3}},"loc":{"start":{"line":26,"column":10},"end":{"line":56,"column":3}},"line":26},"2":{"name":"(anonymous_2)","decl":{"start":{"line":29,"column":40},"end":{"line":29,"column":41}},"loc":{"start":{"line":29,"column":51},"end":{"line":33,"column":5}},"line":29},"3":{"name":"(anonymous_3)","decl":{"start":{"line":59,"column":31},"end":{"line":59,"column":32}},"loc":{"start":{"line":59,"column":43},"end":{"line":62,"column":1}},"line":59},"4":{"name":"(anonymous_4)","decl":{"start":{"line":64,"column":34},"end":{"line":64,"column":35}},"loc":{"start":{"line":64,"column":49},"end":{"line":66,"column":1}},"line":64},"5":{"name":"(anonymous_5)","decl":{"start":{"line":65,"column":20},"end":{"line":65,"column":21}},"loc":{"start":{"line":65,"column":27},"end":{"line":65,"column":66}},"line":65}},"branchMap":{"0":{"loc":{"start":{"line":19,"column":4},"end":{"line":23,"column":5}},"type":"if","locations":[{"start":{"line":19,"column":4},"end":{"line":23,"column":5}},{"start":{"line":19,"column":4},"end":{"line":23,"column":5}}],"line":19},"1":{"loc":{"start":{"line":35,"column":4},"end":{"line":39,"column":5}},"type":"if","locations":[{"start":{"line":35,"column":4},"end":{"line":39,"column":5}},{"start":{"line":35,"column":4},"end":{"line":39,"column":5}}],"line":35},"2":{"loc":{"start":{"line":50,"column":59},"end":{"line":50,"column":118}},"type":"cond-expr","locations":[{"start":{"line":50,"column":110},"end":{"line":50,"column":114}},{"start":{"line":50,"column":117},"end":{"line":50,"column":118}}],"line":50}},"s":{"0":0,"1":0,"2":0,"3":0,"4":0,"5":0,"6":0,"7":0,"8":0,"9":0,"10":0,"11":2,"12":0,"13":2,"14":0,"15":0},"f":{"0":0,"1":0,"2":0,"3":0,"4":0,"5":0},"b":{"0":[0,0],"1":[0,0],"2":[0,0]},"_coverageSchema":"43e27e138ebf9cfc5966b082cf9a028302ed4184","hash":"bc17bd15654073091aed511748e24dd0065ae6c7"}
,"/Users/Krog/Desktop/Local-Projects/_Module-Four-Projects/_barstock/barstock_ui/src/containers/Business/AlcoholCategory/AlcoholCategory.style.js": {"path":"/Users/Krog/Desktop/Local-Projects/_Module-Four-Projects/_barstock/barstock_ui/src/containers/Business/AlcoholCategory/AlcoholCategory.style.js","statementMap":{},"fnMap":{},"branchMap":{},"s":{},"f":{},"b":{},"_coverageSchema":"43e27e138ebf9cfc5966b082cf9a028302ed4184","hash":"6ea896dfddb5f3d7c16b1c3a4d31db84eeafd09e"}
,"/Users/Krog/Desktop/Local-Projects/_Module-Four-Projects/_barstock/barstock_ui/src/containers/Business/AlcoholModal/AlcoholModal.js": {"path":"/Users/Krog/Desktop/Local-Projects/_Module-Four-Projects/_barstock/barstock_ui/src/containers/Business/AlcoholModal/AlcoholModal.js","statementMap":{"0":{"start":{"line":12,"column":4},"end":{"line":12,"column":12}},"1":{"start":{"line":13,"column":4},"end":{"line":19,"column":5}},"2":{"start":{"line":23,"column":31},"end":{"line":23,"column":53}},"3":{"start":{"line":24,"column":21},"end":{"line":24,"column":89}},"4":{"start":{"line":24,"column":59},"end":{"line":24,"column":88}},"5":{"start":{"line":25,"column":4},"end":{"line":40,"column":5}},"6":{"start":{"line":26,"column":6},"end":{"line":31,"column":8}},"7":{"start":{"line":33,"column":6},"end":{"line":39,"column":8}},"8":{"start":{"line":43,"column":15},"end":{"line":89,"column":3}},"9":{"start":{"line":44,"column":19},"end":{"line":44,"column":41}},"10":{"start":{"line":45,"column":43},"end":{"line":45,"column":53}},"11":{"start":{"line":46,"column":4},"end":{"line":88,"column":5}},"12":{"start":{"line":47,"column":18},"end":{"line":47,"column":80}},"13":{"start":{"line":48,"column":22},"end":{"line":54,"column":7}},"14":{"start":{"line":56,"column":22},"end":{"line":56,"column":51}},"15":{"start":{"line":58,"column":6},"end":{"line":64,"column":7}},"16":{"start":{"line":59,"column":25},"end":{"line":59,"column":50}},"17":{"start":{"line":60,"column":21},"end":{"line":60,"column":42}},"18":{"start":{"line":61,"column":8},"end":{"line":61,"column":46}},"19":{"start":{"line":63,"column":8},"end":{"line":63,"column":27}},"20":{"start":{"line":66,"column":6},"end":{"line":66,"column":42}},"21":{"start":{"line":69,"column":18},"end":{"line":69,"column":86}},"22":{"start":{"line":70,"column":22},"end":{"line":75,"column":7}},"23":{"start":{"line":77,"column":22},"end":{"line":77,"column":52}},"24":{"start":{"line":79,"column":6},"end":{"line":85,"column":7}},"25":{"start":{"line":80,"column":25},"end":{"line":80,"column":50}},"26":{"start":{"line":81,"column":21},"end":{"line":81,"column":42}},"27":{"start":{"line":82,"column":8},"end":{"line":82,"column":49}},"28":{"start":{"line":84,"column":8},"end":{"line":84,"column":27}},"29":{"start":{"line":86,"column":6},"end":{"line":86,"column":42}},"30":{"start":{"line":93,"column":24},"end":{"line":93,"column":34}},"31":{"start":{"line":94,"column":31},"end":{"line":94,"column":53}},"32":{"start":{"line":95,"column":35},"end":{"line":95,"column":45}},"33":{"start":{"line":97,"column":19},"end":{"line":99,"column":6}},"34":{"start":{"line":98,"column":6},"end":{"line":98,"column":26}},"35":{"start":{"line":101,"column":21},"end":{"line":101,"column":57}},"36":{"start":{"line":102,"column":21},"end":{"line":102,"column":57}},"37":{"start":{"line":103,"column":21},"end":{"line":103,"column":57}},"38":{"start":{"line":105,"column":4},"end":{"line":105,"column":42}},"39":{"start":{"line":107,"column":4},"end":{"line":109,"column":5}},"40":{"start":{"line":108,"column":6},"end":{"line":108,"column":20}},"41":{"start":{"line":110,"column":4},"end":{"line":112,"column":5}},"42":{"start":{"line":111,"column":6},"end":{"line":111,"column":20}},"43":{"start":{"line":113,"column":4},"end":{"line":115,"column":5}},"44":{"start":{"line":114,"column":6},"end":{"line":114,"column":20}},"45":{"start":{"line":117,"column":4},"end":{"line":198,"column":5}},"46":{"start":{"line":146,"column":59},"end":{"line":146,"column":89}},"47":{"start":{"line":156,"column":59},"end":{"line":156,"column":95}},"48":{"start":{"line":166,"column":59},"end":{"line":166,"column":91}},"49":{"start":{"line":202,"column":31},"end":{"line":208,"column":2}},"50":{"start":{"line":202,"column":43},"end":{"line":208,"column":1}},"51":{"start":{"line":210,"column":34},"end":{"line":215,"column":2}},"52":{"start":{"line":210,"column":49},"end":{"line":215,"column":1}},"53":{"start":{"line":211,"column":30},"end":{"line":211,"column":72}},"54":{"start":{"line":212,"column":31},"end":{"line":212,"column":74}},"55":{"start":{"line":213,"column":32},"end":{"line":213,"column":76}},"56":{"start":{"line":214,"column":24},"end":{"line":214,"column":60}}},"fnMap":{"0":{"name":"(anonymous_0)","decl":{"start":{"line":11,"column":2},"end":{"line":11,"column":3}},"loc":{"start":{"line":11,"column":15},"end":{"line":20,"column":3}},"line":11},"1":{"name":"(anonymous_1)","decl":{"start":{"line":22,"column":2},"end":{"line":22,"column":3}},"loc":{"start":{"line":22,"column":21},"end":{"line":41,"column":3}},"line":22},"2":{"name":"(anonymous_2)","decl":{"start":{"line":24,"column":51},"end":{"line":24,"column":52}},"loc":{"start":{"line":24,"column":59},"end":{"line":24,"column":88}},"line":24},"3":{"name":"(anonymous_3)","decl":{"start":{"line":43,"column":15},"end":{"line":43,"column":16}},"loc":{"start":{"line":43,"column":27},"end":{"line":89,"column":3}},"line":43},"4":{"name":"(anonymous_4)","decl":{"start":{"line":92,"column":2},"end":{"line":92,"column":3}},"loc":{"start":{"line":92,"column":10},"end":{"line":199,"column":3}},"line":92},"5":{"name":"(anonymous_5)","decl":{"start":{"line":97,"column":32},"end":{"line":97,"column":33}},"loc":{"start":{"line":97,"column":40},"end":{"line":99,"column":5}},"line":97},"6":{"name":"(anonymous_6)","decl":{"start":{"line":146,"column":47},"end":{"line":146,"column":48}},"loc":{"start":{"line":146,"column":57},"end":{"line":146,"column":90}},"line":146},"7":{"name":"(anonymous_7)","decl":{"start":{"line":156,"column":47},"end":{"line":156,"column":48}},"loc":{"start":{"line":156,"column":57},"end":{"line":156,"column":96}},"line":156},"8":{"name":"(anonymous_8)","decl":{"start":{"line":166,"column":47},"end":{"line":166,"column":48}},"loc":{"start":{"line":166,"column":57},"end":{"line":166,"column":92}},"line":166},"9":{"name":"(anonymous_9)","decl":{"start":{"line":202,"column":31},"end":{"line":202,"column":32}},"loc":{"start":{"line":202,"column":43},"end":{"line":208,"column":1}},"line":202},"10":{"name":"(anonymous_10)","decl":{"start":{"line":210,"column":34},"end":{"line":210,"column":35}},"loc":{"start":{"line":210,"column":49},"end":{"line":215,"column":1}},"line":210},"11":{"name":"(anonymous_11)","decl":{"start":{"line":211,"column":22},"end":{"line":211,"column":23}},"loc":{"start":{"line":211,"column":30},"end":{"line":211,"column":72}},"line":211},"12":{"name":"(anonymous_12)","decl":{"start":{"line":212,"column":23},"end":{"line":212,"column":24}},"loc":{"start":{"line":212,"column":31},"end":{"line":212,"column":74}},"line":212},"13":{"name":"(anonymous_13)","decl":{"start":{"line":213,"column":20},"end":{"line":213,"column":21}},"loc":{"start":{"line":213,"column":32},"end":{"line":213,"column":76}},"line":213},"14":{"name":"(anonymous_14)","decl":{"start":{"line":214,"column":14},"end":{"line":214,"column":15}},"loc":{"start":{"line":214,"column":24},"end":{"line":214,"column":60}},"line":214}},"branchMap":{"0":{"loc":{"start":{"line":25,"column":4},"end":{"line":40,"column":5}},"type":"if","locations":[{"start":{"line":25,"column":4},"end":{"line":40,"column":5}},{"start":{"line":25,"column":4},"end":{"line":40,"column":5}}],"line":25},"1":{"loc":{"start":{"line":25,"column":7},"end":{"line":25,"column":23}},"type":"binary-expr","locations":[{"start":{"line":25,"column":7},"end":{"line":25,"column":9}},{"start":{"line":25,"column":13},"end":{"line":25,"column":23}}],"line":25},"2":{"loc":{"start":{"line":46,"column":4},"end":{"line":88,"column":5}},"type":"if","locations":[{"start":{"line":46,"column":4},"end":{"line":88,"column":5}},{"start":{"line":46,"column":4},"end":{"line":88,"column":5}}],"line":46},"3":{"loc":{"start":{"line":107,"column":4},"end":{"line":109,"column":5}},"type":"if","locations":[{"start":{"line":107,"column":4},"end":{"line":109,"column":5}},{"start":{"line":107,"column":4},"end":{"line":109,"column":5}}],"line":107},"4":{"loc":{"start":{"line":107,"column":7},"end":{"line":107,"column":51}},"type":"binary-expr","locations":[{"start":{"line":107,"column":7},"end":{"line":107,"column":30}},{"start":{"line":107,"column":34},"end":{"line":107,"column":51}}],"line":107},"5":{"loc":{"start":{"line":110,"column":4},"end":{"line":112,"column":5}},"type":"if","locations":[{"start":{"line":110,"column":4},"end":{"line":112,"column":5}},{"start":{"line":110,"column":4},"end":{"line":112,"column":5}}],"line":110},"6":{"loc":{"start":{"line":110,"column":7},"end":{"line":110,"column":46}},"type":"binary-expr","locations":[{"start":{"line":110,"column":7},"end":{"line":110,"column":25}},{"start":{"line":110,"column":29},"end":{"line":110,"column":46}}],"line":110},"7":{"loc":{"start":{"line":113,"column":4},"end":{"line":115,"column":5}},"type":"if","locations":[{"start":{"line":113,"column":4},"end":{"line":115,"column":5}},{"start":{"line":113,"column":4},"end":{"line":115,"column":5}}],"line":113},"8":{"loc":{"start":{"line":113,"column":7},"end":{"line":113,"column":46}},"type":"binary-expr","locations":[{"start":{"line":113,"column":7},"end":{"line":113,"column":25}},{"start":{"line":113,"column":29},"end":{"line":113,"column":46}}],"line":113}},"s":{"0":0,"1":0,"2":0,"3":0,"4":0,"5":0,"6":0,"7":0,"8":0,"9":0,"10":0,"11":0,"12":0,"13":0,"14":0,"15":0,"16":0,"17":0,"18":0,"19":0,"20":0,"21":0,"22":0,"23":0,"24":0,"25":0,"26":0,"27":0,"28":0,"29":0,"30":0,"31":0,"32":0,"33":0,"34":0,"35":0,"36":0,"37":0,"38":0,"39":0,"40":0,"41":0,"42":0,"43":0,"44":0,"45":0,"46":0,"47":0,"48":0,"49":1,"50":0,"51":1,"52":0,"53":0,"54":0,"55":0,"56":0},"f":{"0":0,"1":0,"2":0,"3":0,"4":0,"5":0,"6":0,"7":0,"8":0,"9":0,"10":0,"11":0,"12":0,"13":0,"14":0},"b":{"0":[0,0],"1":[0,0],"2":[0,0],"3":[0,0],"4":[0,0],"5":[0,0],"6":[0,0],"7":[0,0],"8":[0,0]},"_coverageSchema":"43e27e138ebf9cfc5966b082cf9a028302ed4184","hash":"33d2658a0106b4303737179422efca261492e80e"}
,"/Users/Krog/Desktop/Local-Projects/_Module-Four-Projects/_barstock/barstock_ui/src/containers/Business/AlcoholModal/AlcoholModal.style.js": {"path":"/Users/Krog/Desktop/Local-Projects/_Module-Four-Projects/_barstock/barstock_ui/src/containers/Business/AlcoholModal/AlcoholModal.style.js","statementMap":{"0":{"start":{"line":3,"column":20},"end":{"line":3,"column":50}},"1":{"start":{"line":4,"column":21},"end":{"line":4,"column":52}}},"fnMap":{},"branchMap":{},"s":{"0":1,"1":1},"f":{},"b":{},"_coverageSchema":"43e27e138ebf9cfc5966b082cf9a028302ed4184","hash":"2df6144dacad1a9f9f918f5bed43e1e67a6377d3"}
,"/Users/Krog/Desktop/Local-Projects/_Module-Four-Projects/_barstock/barstock_ui/src/containers/Business/BarInventory/BarInventory.js": {"path":"/Users/Krog/Desktop/Local-Projects/_Module-Four-Projects/_barstock/barstock_ui/src/containers/Business/BarInventory/BarInventory.js","statementMap":{"0":{"start":{"line":11,"column":16},"end":{"line":14,"column":3}},"1":{"start":{"line":12,"column":4},"end":{"line":12,"column":38}},"2":{"start":{"line":13,"column":4},"end":{"line":13,"column":39}},"3":{"start":{"line":16,"column":20},"end":{"line":26,"column":3}},"4":{"start":{"line":17,"column":45},"end":{"line":17,"column":55}},"5":{"start":{"line":18,"column":18},"end":{"line":18,"column":33}},"6":{"start":{"line":19,"column":19},"end":{"line":19,"column":76}},"7":{"start":{"line":19,"column":47},"end":{"line":19,"column":75}},"8":{"start":{"line":20,"column":27},"end":{"line":20,"column":53}},"9":{"start":{"line":21,"column":27},"end":{"line":21,"column":47}},"10":{"start":{"line":22,"column":20},"end":{"line":22,"column":38}},"11":{"start":{"line":23,"column":19},"end":{"line":23,"column":44}},"12":{"start":{"line":24,"column":24},"end":{"line":24,"column":102}},"13":{"start":{"line":25,"column":4},"end":{"line":25,"column":23}},"14":{"start":{"line":30,"column":19},"end":{"line":55,"column":6}},"15":{"start":{"line":31,"column":23},"end":{"line":31,"column":49}},"16":{"start":{"line":32,"column":6},"end":{"line":54,"column":7}},"17":{"start":{"line":33,"column":42},"end":{"line":33,"column":64}},"18":{"start":{"line":57,"column":4},"end":{"line":75,"column":5}},"19":{"start":{"line":79,"column":31},"end":{"line":84,"column":2}},"20":{"start":{"line":79,"column":43},"end":{"line":84,"column":1}},"21":{"start":{"line":86,"column":34},"end":{"line":89,"column":2}},"22":{"start":{"line":86,"column":49},"end":{"line":89,"column":1}},"23":{"start":{"line":87,"column":30},"end":{"line":87,"column":72}},"24":{"start":{"line":88,"column":26},"end":{"line":88,"column":64}}},"fnMap":{"0":{"name":"(anonymous_0)","decl":{"start":{"line":11,"column":16},"end":{"line":11,"column":17}},"loc":{"start":{"line":11,"column":29},"end":{"line":14,"column":3}},"line":11},"1":{"name":"(anonymous_1)","decl":{"start":{"line":16,"column":20},"end":{"line":16,"column":21}},"loc":{"start":{"line":16,"column":30},"end":{"line":26,"column":3}},"line":16},"2":{"name":"(anonymous_2)","decl":{"start":{"line":19,"column":32},"end":{"line":19,"column":33}},"loc":{"start":{"line":19,"column":47},"end":{"line":19,"column":75}},"line":19},"3":{"name":"(anonymous_3)","decl":{"start":{"line":29,"column":2},"end":{"line":29,"column":3}},"loc":{"start":{"line":29,"column":10},"end":{"line":76,"column":3}},"line":29},"4":{"name":"(anonymous_4)","decl":{"start":{"line":30,"column":48},"end":{"line":30,"column":49}},"loc":{"start":{"line":30,"column":56},"end":{"line":55,"column":5}},"line":30},"5":{"name":"(anonymous_5)","decl":{"start":{"line":33,"column":35},"end":{"line":33,"column":36}},"loc":{"start":{"line":33,"column":41},"end":{"line":33,"column":65}},"line":33},"6":{"name":"(anonymous_6)","decl":{"start":{"line":79,"column":31},"end":{"line":79,"column":32}},"loc":{"start":{"line":79,"column":43},"end":{"line":84,"column":1}},"line":79},"7":{"name":"(anonymous_7)","decl":{"start":{"line":86,"column":34},"end":{"line":86,"column":35}},"loc":{"start":{"line":86,"column":49},"end":{"line":89,"column":1}},"line":86},"8":{"name":"(anonymous_8)","decl":{"start":{"line":87,"column":22},"end":{"line":87,"column":23}},"loc":{"start":{"line":87,"column":30},"end":{"line":87,"column":72}},"line":87},"9":{"name":"(anonymous_9)","decl":{"start":{"line":88,"column":18},"end":{"line":88,"column":19}},"loc":{"start":{"line":88,"column":26},"end":{"line":88,"column":64}},"line":88}},"branchMap":{"0":{"loc":{"start":{"line":63,"column":10},"end":{"line":63,"column":52}},"type":"binary-expr","locations":[{"start":{"line":63,"column":10},"end":{"line":63,"column":33}},{"start":{"line":63,"column":37},"end":{"line":63,"column":52}}],"line":63}},"s":{"0":0,"1":0,"2":0,"3":0,"4":0,"5":0,"6":0,"7":0,"8":0,"9":0,"10":0,"11":0,"12":0,"13":0,"14":0,"15":0,"16":0,"17":0,"18":0,"19":0,"20":0,"21":0,"22":0,"23":0,"24":0},"f":{"0":0,"1":0,"2":0,"3":0,"4":0,"5":0,"6":0,"7":0,"8":0,"9":0},"b":{"0":[0,0]},"hash":"cef26bb8262d24ad0e1fe66a2f322b9a7c4c7c6e"}
,"/Users/Krog/Desktop/Local-Projects/_Module-Four-Projects/_barstock/barstock_ui/src/containers/Business/BarInventory/BarInventory.style.js": {"path":"/Users/Krog/Desktop/Local-Projects/_Module-Four-Projects/_barstock/barstock_ui/src/containers/Business/BarInventory/BarInventory.style.js","statementMap":{"0":{"start":{"line":3,"column":20},"end":{"line":3,"column":50}},"1":{"start":{"line":4,"column":21},"end":{"line":4,"column":52}}},"fnMap":{},"branchMap":{},"s":{"0":0,"1":0},"f":{},"b":{},"hash":"30424399a1a8a431bfbd6af50419a82a476b03a8"}
,"/Users/Krog/Desktop/Local-Projects/_Module-Four-Projects/_barstock/barstock_ui/src/containers/Business/CategoryItem/CategoryItem.js": {"path":"/Users/Krog/Desktop/Local-Projects/_Module-Four-Projects/_barstock/barstock_ui/src/containers/Business/CategoryItem/CategoryItem.js","statementMap":{"0":{"start":{"line":10,"column":17},"end":{"line":18,"column":3}},"1":{"start":{"line":11,"column":55},"end":{"line":11,"column":65}},"2":{"start":{"line":12,"column":19},"end":{"line":12,"column":51}},"3":{"start":{"line":12,"column":37},"end":{"line":12,"column":50}},"4":{"start":{"line":13,"column":4},"end":{"line":17,"column":5}},"5":{"start":{"line":14,"column":6},"end":{"line":14,"column":24}},"6":{"start":{"line":16,"column":6},"end":{"line":16,"column":29}},"7":{"start":{"line":20,"column":15},"end":{"line":25,"column":3}},"8":{"start":{"line":21,"column":50},"end":{"line":21,"column":60}},"9":{"start":{"line":22,"column":21},"end":{"line":22,"column":26}},"10":{"start":{"line":23,"column":4},"end":{"line":23,"column":67}},"11":{"start":{"line":23,"column":25},"end":{"line":23,"column":65}},"12":{"start":{"line":24,"column":4},"end":{"line":24,"column":56}},"13":{"start":{"line":27,"column":16},"end":{"line":34,"column":3}},"14":{"start":{"line":28,"column":24},"end":{"line":28,"column":34}},"15":{"start":{"line":29,"column":19},"end":{"line":31,"column":6}},"16":{"start":{"line":30,"column":6},"end":{"line":30,"column":26}},"17":{"start":{"line":32,"column":4},"end":{"line":32,"column":39}},"18":{"start":{"line":33,"column":4},"end":{"line":33,"column":39}},"19":{"start":{"line":37,"column":40},"end":{"line":37,"column":46}},"20":{"start":{"line":38,"column":57},"end":{"line":38,"column":72}},"21":{"start":{"line":40,"column":23},"end":{"line":40,"column":24}},"22":{"start":{"line":41,"column":25},"end":{"line":41,"column":29}},"23":{"start":{"line":42,"column":20},"end":{"line":42,"column":38}},"24":{"start":{"line":44,"column":4},"end":{"line":50,"column":6}},"25":{"start":{"line":45,"column":6},"end":{"line":49,"column":7}},"26":{"start":{"line":46,"column":8},"end":{"line":46,"column":36}},"27":{"start":{"line":47,"column":8},"end":{"line":47,"column":31}},"28":{"start":{"line":48,"column":8},"end":{"line":48,"column":36}},"29":{"start":{"line":52,"column":25},"end":{"line":52,"column":93}},"30":{"start":{"line":52,"column":63},"end":{"line":52,"column":92}},"31":{"start":{"line":53,"column":4},"end":{"line":85,"column":5}},"32":{"start":{"line":70,"column":43},"end":{"line":70,"column":63}},"33":{"start":{"line":74,"column":45},"end":{"line":74,"column":66}},"34":{"start":{"line":78,"column":45},"end":{"line":78,"column":64}},"35":{"start":{"line":89,"column":31},"end":{"line":94,"column":2}},"36":{"start":{"line":89,"column":43},"end":{"line":94,"column":1}},"37":{"start":{"line":96,"column":34},"end":{"line":102,"column":2}},"38":{"start":{"line":96,"column":49},"end":{"line":102,"column":1}},"39":{"start":{"line":97,"column":19},"end":{"line":97,"column":50}},"40":{"start":{"line":98,"column":30},"end":{"line":98,"column":70}},"41":{"start":{"line":99,"column":24},"end":{"line":99,"column":60}},"42":{"start":{"line":100,"column":30},"end":{"line":100,"column":72}},"43":{"start":{"line":101,"column":26},"end":{"line":101,"column":64}}},"fnMap":{"0":{"name":"(anonymous_0)","decl":{"start":{"line":10,"column":17},"end":{"line":10,"column":18}},"loc":{"start":{"line":10,"column":25},"end":{"line":18,"column":3}},"line":10},"1":{"name":"(anonymous_1)","decl":{"start":{"line":12,"column":29},"end":{"line":12,"column":30}},"loc":{"start":{"line":12,"column":37},"end":{"line":12,"column":50}},"line":12},"2":{"name":"(anonymous_2)","decl":{"start":{"line":20,"column":15},"end":{"line":20,"column":16}},"loc":{"start":{"line":20,"column":23},"end":{"line":25,"column":3}},"line":20},"3":{"name":"(anonymous_3)","decl":{"start":{"line":23,"column":17},"end":{"line":23,"column":18}},"loc":{"start":{"line":23,"column":25},"end":{"line":23,"column":65}},"line":23},"4":{"name":"(anonymous_4)","decl":{"start":{"line":27,"column":16},"end":{"line":27,"column":17}},"loc":{"start":{"line":27,"column":24},"end":{"line":34,"column":3}},"line":27},"5":{"name":"(anonymous_5)","decl":{"start":{"line":29,"column":32},"end":{"line":29,"column":33}},"loc":{"start":{"line":29,"column":40},"end":{"line":31,"column":5}},"line":29},"6":{"name":"(anonymous_6)","decl":{"start":{"line":36,"column":2},"end":{"line":36,"column":3}},"loc":{"start":{"line":36,"column":11},"end":{"line":86,"column":3}},"line":36},"7":{"name":"(anonymous_7)","decl":{"start":{"line":44,"column":28},"end":{"line":44,"column":29}},"loc":{"start":{"line":44,"column":36},"end":{"line":50,"column":5}},"line":44},"8":{"name":"(anonymous_8)","decl":{"start":{"line":52,"column":55},"end":{"line":52,"column":56}},"loc":{"start":{"line":52,"column":63},"end":{"line":52,"column":92}},"line":52},"9":{"name":"(anonymous_9)","decl":{"start":{"line":70,"column":37},"end":{"line":70,"column":38}},"loc":{"start":{"line":70,"column":43},"end":{"line":70,"column":63}},"line":70},"10":{"name":"(anonymous_10)","decl":{"start":{"line":74,"column":39},"end":{"line":74,"column":40}},"loc":{"start":{"line":74,"column":45},"end":{"line":74,"column":66}},"line":74},"11":{"name":"(anonymous_11)","decl":{"start":{"line":78,"column":39},"end":{"line":78,"column":40}},"loc":{"start":{"line":78,"column":45},"end":{"line":78,"column":64}},"line":78},"12":{"name":"(anonymous_12)","decl":{"start":{"line":89,"column":31},"end":{"line":89,"column":32}},"loc":{"start":{"line":89,"column":43},"end":{"line":94,"column":1}},"line":89},"13":{"name":"(anonymous_13)","decl":{"start":{"line":96,"column":34},"end":{"line":96,"column":35}},"loc":{"start":{"line":96,"column":49},"end":{"line":102,"column":1}},"line":96},"14":{"name":"(anonymous_14)","decl":{"start":{"line":97,"column":13},"end":{"line":97,"column":14}},"loc":{"start":{"line":97,"column":19},"end":{"line":97,"column":50}},"line":97},"15":{"name":"(anonymous_15)","decl":{"start":{"line":98,"column":14},"end":{"line":98,"column":15}},"loc":{"start":{"line":98,"column":30},"end":{"line":98,"column":70}},"line":98},"16":{"name":"(anonymous_16)","decl":{"start":{"line":99,"column":18},"end":{"line":99,"column":19}},"loc":{"start":{"line":99,"column":24},"end":{"line":99,"column":60}},"line":99},"17":{"name":"(anonymous_17)","decl":{"start":{"line":100,"column":22},"end":{"line":100,"column":23}},"loc":{"start":{"line":100,"column":30},"end":{"line":100,"column":72}},"line":100},"18":{"name":"(anonymous_18)","decl":{"start":{"line":101,"column":18},"end":{"line":101,"column":19}},"loc":{"start":{"line":101,"column":26},"end":{"line":101,"column":64}},"line":101}},"branchMap":{"0":{"loc":{"start":{"line":13,"column":4},"end":{"line":17,"column":5}},"type":"if","locations":[{"start":{"line":13,"column":4},"end":{"line":17,"column":5}},{"start":{"line":13,"column":4},"end":{"line":17,"column":5}}],"line":13},"1":{"loc":{"start":{"line":23,"column":25},"end":{"line":23,"column":65}},"type":"cond-expr","locations":[{"start":{"line":23,"column":41},"end":{"line":23,"column":58}},{"start":{"line":23,"column":61},"end":{"line":23,"column":65}}],"line":23},"2":{"loc":{"start":{"line":24,"column":4},"end":{"line":24,"column":55}},"type":"cond-expr","locations":[{"start":{"line":24,"column":17},"end":{"line":24,"column":34}},{"start":{"line":24,"column":37},"end":{"line":24,"column":55}}],"line":24},"3":{"loc":{"start":{"line":45,"column":6},"end":{"line":49,"column":7}},"type":"if","locations":[{"start":{"line":45,"column":6},"end":{"line":49,"column":7}},{"start":{"line":45,"column":6},"end":{"line":49,"column":7}}],"line":45},"4":{"loc":{"start":{"line":62,"column":15},"end":{"line":62,"column":43}},"type":"cond-expr","locations":[{"start":{"line":62,"column":32},"end":{"line":62,"column":38}},{"start":{"line":62,"column":41},"end":{"line":62,"column":43}}],"line":62},"5":{"loc":{"start":{"line":69,"column":10},"end":{"line":81,"column":17}},"type":"cond-expr","locations":[{"start":{"line":70,"column":10},"end":{"line":72,"column":29}},{"start":{"line":73,"column":10},"end":{"line":81,"column":17}}],"line":69}},"s":{"0":0,"1":0,"2":0,"3":0,"4":0,"5":0,"6":0,"7":0,"8":0,"9":0,"10":0,"11":0,"12":0,"13":0,"14":0,"15":0,"16":0,"17":0,"18":0,"19":0,"20":0,"21":0,"22":0,"23":0,"24":0,"25":0,"26":0,"27":0,"28":0,"29":0,"30":0,"31":0,"32":0,"33":0,"34":0,"35":2,"36":0,"37":2,"38":0,"39":0,"40":0,"41":0,"42":0,"43":0},"f":{"0":0,"1":0,"2":0,"3":0,"4":0,"5":0,"6":0,"7":0,"8":0,"9":0,"10":0,"11":0,"12":0,"13":0,"14":0,"15":0,"16":0,"17":0,"18":0},"b":{"0":[0,0],"1":[0,0],"2":[0,0],"3":[0,0],"4":[0,0],"5":[0,0]},"_coverageSchema":"43e27e138ebf9cfc5966b082cf9a028302ed4184","hash":"bae7c3cd058717723adbabcf2f6eb954ff170275"}
,"/Users/Krog/Desktop/Local-Projects/_Module-Four-Projects/_barstock/barstock_ui/src/containers/Business/CategoryItem/CategoryItem.style.js": {"path":"/Users/Krog/Desktop/Local-Projects/_Module-Four-Projects/_barstock/barstock_ui/src/containers/Business/CategoryItem/CategoryItem.style.js","statementMap":{"0":{"start":{"line":3,"column":20},"end":{"line":3,"column":50}},"1":{"start":{"line":4,"column":21},"end":{"line":4,"column":52}}},"fnMap":{},"branchMap":{},"s":{"0":2,"1":2},"f":{},"b":{},"_coverageSchema":"43e27e138ebf9cfc5966b082cf9a028302ed4184","hash":"3c3d08cc7be81d9c864e6c9d9312a49a84c6aeee"}
,"/Users/Krog/Desktop/Local-Projects/_Module-Four-Projects/_barstock/barstock_ui/src/containers/Business/CurrentOrder/CurrentOrder.js": {"path":"/Users/Krog/Desktop/Local-Projects/_Module-Four-Projects/_barstock/barstock_ui/src/containers/Business/CurrentOrder/CurrentOrder.js","statementMap":{"0":{"start":{"line":14,"column":16},"end":{"line":16,"column":3}},"1":{"start":{"line":15,"column":4},"end":{"line":15,"column":49}},"2":{"start":{"line":18,"column":13},"end":{"line":31,"column":3}},"3":{"start":{"line":20,"column":4},"end":{"line":29,"column":5}},"4":{"start":{"line":22,"column":8},"end":{"line":22,"column":53}},"5":{"start":{"line":23,"column":8},"end":{"line":23,"column":14}},"6":{"start":{"line":25,"column":8},"end":{"line":25,"column":51}},"7":{"start":{"line":26,"column":8},"end":{"line":26,"column":14}},"8":{"start":{"line":28,"column":8},"end":{"line":28,"column":26}},"9":{"start":{"line":30,"column":4},"end":{"line":30,"column":21}},"10":{"start":{"line":33,"column":19},"end":{"line":46,"column":3}},"11":{"start":{"line":34,"column":45},"end":{"line":34,"column":55}},"12":{"start":{"line":35,"column":22},"end":{"line":44,"column":9}},"13":{"start":{"line":36,"column":23},"end":{"line":36,"column":63}},"14":{"start":{"line":36,"column":44},"end":{"line":36,"column":62}},"15":{"start":{"line":37,"column":22},"end":{"line":37,"column":72}},"16":{"start":{"line":37,"column":49},"end":{"line":37,"column":71}},"17":{"start":{"line":38,"column":29},"end":{"line":38,"column":55}},"18":{"start":{"line":39,"column":29},"end":{"line":39,"column":60}},"19":{"start":{"line":40,"column":22},"end":{"line":40,"column":51}},"20":{"start":{"line":41,"column":21},"end":{"line":41,"column":46}},"21":{"start":{"line":42,"column":6},"end":{"line":43,"column":88}},"22":{"start":{"line":45,"column":4},"end":{"line":45,"column":22}},"23":{"start":{"line":48,"column":20},"end":{"line":57,"column":3}},"24":{"start":{"line":49,"column":30},"end":{"line":49,"column":40}},"25":{"start":{"line":50,"column":18},"end":{"line":50,"column":69}},"26":{"start":{"line":50,"column":45},"end":{"line":50,"column":67}},"27":{"start":{"line":51,"column":27},"end":{"line":51,"column":69}},"28":{"start":{"line":52,"column":27},"end":{"line":52,"column":58}},"29":{"start":{"line":53,"column":20},"end":{"line":53,"column":49}},"30":{"start":{"line":54,"column":19},"end":{"line":54,"column":60}},"31":{"start":{"line":55,"column":24},"end":{"line":55,"column":84}},"32":{"start":{"line":56,"column":4},"end":{"line":56,"column":23}},"33":{"start":{"line":59,"column":20},"end":{"line":68,"column":3}},"34":{"start":{"line":60,"column":30},"end":{"line":60,"column":40}},"35":{"start":{"line":61,"column":18},"end":{"line":61,"column":68}},"36":{"start":{"line":61,"column":45},"end":{"line":61,"column":67}},"37":{"start":{"line":62,"column":27},"end":{"line":62,"column":53}},"38":{"start":{"line":63,"column":27},"end":{"line":63,"column":58}},"39":{"start":{"line":64,"column":20},"end":{"line":64,"column":49}},"40":{"start":{"line":65,"column":19},"end":{"line":65,"column":44}},"41":{"start":{"line":66,"column":24},"end":{"line":66,"column":102}},"42":{"start":{"line":67,"column":4},"end":{"line":67,"column":23}},"43":{"start":{"line":70,"column":16},"end":{"line":80,"column":3}},"44":{"start":{"line":72,"column":4},"end":{"line":78,"column":5}},"45":{"start":{"line":73,"column":6},"end":{"line":73,"column":32}},"46":{"start":{"line":74,"column":11},"end":{"line":78,"column":5}},"47":{"start":{"line":75,"column":6},"end":{"line":75,"column":33}},"48":{"start":{"line":77,"column":6},"end":{"line":77,"column":30}},"49":{"start":{"line":79,"column":4},"end":{"line":79,"column":16}},"50":{"start":{"line":82,"column":19},"end":{"line":84,"column":3}},"51":{"start":{"line":83,"column":4},"end":{"line":83,"column":38}},"52":{"start":{"line":86,"column":16},"end":{"line":91,"column":3}},"53":{"start":{"line":87,"column":30},"end":{"line":87,"column":40}},"54":{"start":{"line":88,"column":18},"end":{"line":88,"column":63}},"55":{"start":{"line":88,"column":45},"end":{"line":88,"column":62}},"56":{"start":{"line":89,"column":4},"end":{"line":89,"column":38}},"57":{"start":{"line":90,"column":4},"end":{"line":90,"column":39}},"58":{"start":{"line":97,"column":4},"end":{"line":103,"column":5}},"59":{"start":{"line":98,"column":6},"end":{"line":98,"column":28}},"60":{"start":{"line":99,"column":6},"end":{"line":99,"column":39}},"61":{"start":{"line":101,"column":6},"end":{"line":101,"column":27}},"62":{"start":{"line":102,"column":6},"end":{"line":102,"column":41}},"63":{"start":{"line":105,"column":20},"end":{"line":105,"column":69}},"64":{"start":{"line":106,"column":22},"end":{"line":106,"column":43}},"65":{"start":{"line":108,"column":4},"end":{"line":140,"column":6}},"66":{"start":{"line":110,"column":26},"end":{"line":112,"column":8}},"67":{"start":{"line":111,"column":8},"end":{"line":111,"column":36}},"68":{"start":{"line":114,"column":21},"end":{"line":114,"column":82}},"69":{"start":{"line":115,"column":23},"end":{"line":115,"column":62}},"70":{"start":{"line":116,"column":23},"end":{"line":116,"column":56}},"71":{"start":{"line":117,"column":24},"end":{"line":117,"column":52}},"72":{"start":{"line":118,"column":25},"end":{"line":129,"column":7}},"73":{"start":{"line":122,"column":27},"end":{"line":122,"column":59}},"74":{"start":{"line":127,"column":27},"end":{"line":127,"column":62}},"75":{"start":{"line":130,"column":6},"end":{"line":139,"column":7}},"76":{"start":{"line":142,"column":4},"end":{"line":178,"column":5}},"77":{"start":{"line":171,"column":41},"end":{"line":171,"column":59}},"78":{"start":{"line":182,"column":31},"end":{"line":188,"column":2}},"79":{"start":{"line":182,"column":43},"end":{"line":188,"column":1}},"80":{"start":{"line":190,"column":34},"end":{"line":194,"column":2}},"81":{"start":{"line":190,"column":49},"end":{"line":194,"column":1}},"82":{"start":{"line":191,"column":25},"end":{"line":191,"column":62}},"83":{"start":{"line":192,"column":30},"end":{"line":192,"column":72}},"84":{"start":{"line":193,"column":26},"end":{"line":193,"column":64}}},"fnMap":{"0":{"name":"(anonymous_0)","decl":{"start":{"line":14,"column":16},"end":{"line":14,"column":17}},"loc":{"start":{"line":14,"column":22},"end":{"line":16,"column":3}},"line":14},"1":{"name":"(anonymous_1)","decl":{"start":{"line":18,"column":13},"end":{"line":18,"column":14}},"loc":{"start":{"line":18,"column":33},"end":{"line":31,"column":3}},"line":18},"2":{"name":"(anonymous_2)","decl":{"start":{"line":33,"column":19},"end":{"line":33,"column":20}},"loc":{"start":{"line":33,"column":25},"end":{"line":46,"column":3}},"line":33},"3":{"name":"(anonymous_3)","decl":{"start":{"line":35,"column":34},"end":{"line":35,"column":35}},"loc":{"start":{"line":35,"column":49},"end":{"line":44,"column":5}},"line":35},"4":{"name":"(anonymous_4)","decl":{"start":{"line":36,"column":36},"end":{"line":36,"column":37}},"loc":{"start":{"line":36,"column":44},"end":{"line":36,"column":62}},"line":36},"5":{"name":"(anonymous_5)","decl":{"start":{"line":37,"column":41},"end":{"line":37,"column":42}},"loc":{"start":{"line":37,"column":49},"end":{"line":37,"column":71}},"line":37},"6":{"name":"(anonymous_6)","decl":{"start":{"line":48,"column":20},"end":{"line":48,"column":21}},"loc":{"start":{"line":48,"column":40},"end":{"line":57,"column":3}},"line":48},"7":{"name":"(anonymous_7)","decl":{"start":{"line":50,"column":37},"end":{"line":50,"column":38}},"loc":{"start":{"line":50,"column":45},"end":{"line":50,"column":67}},"line":50},"8":{"name":"(anonymous_8)","decl":{"start":{"line":59,"column":20},"end":{"line":59,"column":21}},"loc":{"start":{"line":59,"column":34},"end":{"line":68,"column":3}},"line":59},"9":{"name":"(anonymous_9)","decl":{"start":{"line":61,"column":37},"end":{"line":61,"column":38}},"loc":{"start":{"line":61,"column":45},"end":{"line":61,"column":67}},"line":61},"10":{"name":"(anonymous_10)","decl":{"start":{"line":70,"column":16},"end":{"line":70,"column":17}},"loc":{"start":{"line":70,"column":25},"end":{"line":80,"column":3}},"line":70},"11":{"name":"(anonymous_11)","decl":{"start":{"line":82,"column":19},"end":{"line":82,"column":20}},"loc":{"start":{"line":82,"column":31},"end":{"line":84,"column":3}},"line":82},"12":{"name":"(anonymous_12)","decl":{"start":{"line":86,"column":16},"end":{"line":86,"column":17}},"loc":{"start":{"line":86,"column":28},"end":{"line":91,"column":3}},"line":86},"13":{"name":"(anonymous_13)","decl":{"start":{"line":88,"column":37},"end":{"line":88,"column":38}},"loc":{"start":{"line":88,"column":45},"end":{"line":88,"column":62}},"line":88},"14":{"name":"(anonymous_14)","decl":{"start":{"line":93,"column":2},"end":{"line":93,"column":3}},"loc":{"start":{"line":93,"column":11},"end":{"line":179,"column":3}},"line":93},"15":{"name":"(anonymous_15)","decl":{"start":{"line":108,"column":38},"end":{"line":108,"column":39}},"loc":{"start":{"line":108,"column":46},"end":{"line":140,"column":5}},"line":108},"16":{"name":"(anonymous_16)","decl":{"start":{"line":110,"column":50},"end":{"line":110,"column":51}},"loc":{"start":{"line":110,"column":61},"end":{"line":112,"column":7}},"line":110},"17":{"name":"(anonymous_17)","decl":{"start":{"line":122,"column":19},"end":{"line":122,"column":20}},"loc":{"start":{"line":122,"column":25},"end":{"line":122,"column":61}},"line":122},"18":{"name":"(anonymous_18)","decl":{"start":{"line":127,"column":19},"end":{"line":127,"column":20}},"loc":{"start":{"line":127,"column":25},"end":{"line":127,"column":64}},"line":127},"19":{"name":"(anonymous_19)","decl":{"start":{"line":171,"column":35},"end":{"line":171,"column":36}},"loc":{"start":{"line":171,"column":41},"end":{"line":171,"column":59}},"line":171},"20":{"name":"(anonymous_20)","decl":{"start":{"line":182,"column":31},"end":{"line":182,"column":32}},"loc":{"start":{"line":182,"column":43},"end":{"line":188,"column":1}},"line":182},"21":{"name":"(anonymous_21)","decl":{"start":{"line":190,"column":34},"end":{"line":190,"column":35}},"loc":{"start":{"line":190,"column":49},"end":{"line":194,"column":1}},"line":190},"22":{"name":"(anonymous_22)","decl":{"start":{"line":191,"column":19},"end":{"line":191,"column":20}},"loc":{"start":{"line":191,"column":25},"end":{"line":191,"column":62}},"line":191},"23":{"name":"(anonymous_23)","decl":{"start":{"line":192,"column":22},"end":{"line":192,"column":23}},"loc":{"start":{"line":192,"column":30},"end":{"line":192,"column":72}},"line":192},"24":{"name":"(anonymous_24)","decl":{"start":{"line":193,"column":18},"end":{"line":193,"column":19}},"loc":{"start":{"line":193,"column":26},"end":{"line":193,"column":64}},"line":193}},"branchMap":{"0":{"loc":{"start":{"line":20,"column":4},"end":{"line":29,"column":5}},"type":"switch","locations":[{"start":{"line":21,"column":6},"end":{"line":23,"column":14}},{"start":{"line":24,"column":6},"end":{"line":26,"column":14}},{"start":{"line":27,"column":6},"end":{"line":28,"column":26}}],"line":20},"1":{"loc":{"start":{"line":22,"column":21},"end":{"line":22,"column":53}},"type":"cond-expr","locations":[{"start":{"line":22,"column":37},"end":{"line":22,"column":43}},{"start":{"line":22,"column":46},"end":{"line":22,"column":53}}],"line":22},"2":{"loc":{"start":{"line":25,"column":21},"end":{"line":25,"column":51}},"type":"cond-expr","locations":[{"start":{"line":25,"column":37},"end":{"line":25,"column":42}},{"start":{"line":25,"column":45},"end":{"line":25,"column":51}}],"line":25},"3":{"loc":{"start":{"line":72,"column":4},"end":{"line":78,"column":5}},"type":"if","locations":[{"start":{"line":72,"column":4},"end":{"line":78,"column":5}},{"start":{"line":72,"column":4},"end":{"line":78,"column":5}}],"line":72},"4":{"loc":{"start":{"line":74,"column":11},"end":{"line":78,"column":5}},"type":"if","locations":[{"start":{"line":74,"column":11},"end":{"line":78,"column":5}},{"start":{"line":74,"column":11},"end":{"line":78,"column":5}}],"line":74},"5":{"loc":{"start":{"line":97,"column":4},"end":{"line":103,"column":5}},"type":"if","locations":[{"start":{"line":97,"column":4},"end":{"line":103,"column":5}},{"start":{"line":97,"column":4},"end":{"line":103,"column":5}}],"line":97},"6":{"loc":{"start":{"line":158,"column":12},"end":{"line":158,"column":54}},"type":"binary-expr","locations":[{"start":{"line":158,"column":12},"end":{"line":158,"column":35}},{"start":{"line":158,"column":39},"end":{"line":158,"column":54}}],"line":158}},"s":{"0":0,"1":0,"2":0,"3":0,"4":0,"5":0,"6":0,"7":0,"8":0,"9":0,"10":0,"11":0,"12":0,"13":0,"14":0,"15":0,"16":0,"17":0,"18":0,"19":0,"20":0,"21":0,"22":0,"23":0,"24":0,"25":0,"26":0,"27":0,"28":0,"29":0,"30":0,"31":0,"32":0,"33":0,"34":0,"35":0,"36":0,"37":0,"38":0,"39":0,"40":0,"41":0,"42":0,"43":0,"44":0,"45":0,"46":0,"47":0,"48":0,"49":0,"50":0,"51":0,"52":0,"53":0,"54":0,"55":0,"56":0,"57":0,"58":0,"59":0,"60":0,"61":0,"62":0,"63":0,"64":0,"65":0,"66":0,"67":0,"68":0,"69":0,"70":0,"71":0,"72":0,"73":0,"74":0,"75":0,"76":0,"77":0,"78":1,"79":0,"80":1,"81":0,"82":0,"83":0,"84":0},"f":{"0":0,"1":0,"2":0,"3":0,"4":0,"5":0,"6":0,"7":0,"8":0,"9":0,"10":0,"11":0,"12":0,"13":0,"14":0,"15":0,"16":0,"17":0,"18":0,"19":0,"20":0,"21":0,"22":0,"23":0,"24":0},"b":{"0":[0,0,0],"1":[0,0],"2":[0,0],"3":[0,0],"4":[0,0],"5":[0,0],"6":[0,0]},"_coverageSchema":"43e27e138ebf9cfc5966b082cf9a028302ed4184","hash":"6376ceda64dc35514320d22c0d2566f7cdd6c491"}
,"/Users/Krog/Desktop/Local-Projects/_Module-Four-Projects/_barstock/barstock_ui/src/containers/Business/CurrentOrder/CurrentOrder.style.js": {"path":"/Users/Krog/Desktop/Local-Projects/_Module-Four-Projects/_barstock/barstock_ui/src/containers/Business/CurrentOrder/CurrentOrder.style.js","statementMap":{"0":{"start":{"line":3,"column":20},"end":{"line":3,"column":50}},"1":{"start":{"line":4,"column":21},"end":{"line":4,"column":52}}},"fnMap":{},"branchMap":{},"s":{"0":1,"1":1},"f":{},"b":{},"_coverageSchema":"43e27e138ebf9cfc5966b082cf9a028302ed4184","hash":"355e6e7b184dfef2e8a93958a52444dc1659e242"}
,"/Users/Krog/Desktop/Local-Projects/_Module-Four-Projects/_barstock/barstock_ui/src/containers/Business/DistributorInventory/DistributorInventory.js": {"path":"/Users/Krog/Desktop/Local-Projects/_Module-Four-Projects/_barstock/barstock_ui/src/containers/Business/DistributorInventory/DistributorInventory.js","statementMap":{"0":{"start":{"line":12,"column":4},"end":{"line":12,"column":11}},"1":{"start":{"line":13,"column":4},"end":{"line":15,"column":5}},"2":{"start":{"line":18,"column":22},"end":{"line":21,"column":3}},"3":{"start":{"line":19,"column":28},"end":{"line":19,"column":38}},"4":{"start":{"line":20,"column":4},"end":{"line":20,"column":41}},"5":{"start":{"line":27,"column":4},"end":{"line":62,"column":5}},"6":{"start":{"line":28,"column":26},"end":{"line":28,"column":36}},"7":{"start":{"line":30,"column":23},"end":{"line":35,"column":11}},"8":{"start":{"line":31,"column":8},"end":{"line":33,"column":9}},"9":{"start":{"line":32,"column":10},"end":{"line":32,"column":44}},"10":{"start":{"line":34,"column":8},"end":{"line":34,"column":18}},"11":{"start":{"line":37,"column":6},"end":{"line":39,"column":8}},"12":{"start":{"line":38,"column":8},"end":{"line":38,"column":46}},"13":{"start":{"line":41,"column":25},"end":{"line":43,"column":8}},"14":{"start":{"line":42,"column":8},"end":{"line":42,"column":66}},"15":{"start":{"line":45,"column":23},"end":{"line":52,"column":12}},"16":{"start":{"line":46,"column":26},"end":{"line":46,"column":57}},"17":{"start":{"line":47,"column":8},"end":{"line":49,"column":9}},"18":{"start":{"line":48,"column":10},"end":{"line":48,"column":47}},"19":{"start":{"line":50,"column":8},"end":{"line":50,"column":58}},"20":{"start":{"line":51,"column":8},"end":{"line":51,"column":18}},"21":{"start":{"line":54,"column":6},"end":{"line":61,"column":8}},"22":{"start":{"line":55,"column":8},"end":{"line":60,"column":9}},"23":{"start":{"line":64,"column":4},"end":{"line":79,"column":5}},"24":{"start":{"line":83,"column":31},"end":{"line":86,"column":2}},"25":{"start":{"line":83,"column":43},"end":{"line":86,"column":1}},"26":{"start":{"line":88,"column":34},"end":{"line":91,"column":2}},"27":{"start":{"line":88,"column":49},"end":{"line":91,"column":1}},"28":{"start":{"line":89,"column":25},"end":{"line":89,"column":62}},"29":{"start":{"line":90,"column":24},"end":{"line":90,"column":60}}},"fnMap":{"0":{"name":"(anonymous_0)","decl":{"start":{"line":11,"column":2},"end":{"line":11,"column":3}},"loc":{"start":{"line":11,"column":16},"end":{"line":16,"column":3}},"line":11},"1":{"name":"(anonymous_1)","decl":{"start":{"line":18,"column":22},"end":{"line":18,"column":23}},"loc":{"start":{"line":18,"column":32},"end":{"line":21,"column":3}},"line":18},"2":{"name":"(anonymous_2)","decl":{"start":{"line":23,"column":2},"end":{"line":23,"column":3}},"loc":{"start":{"line":23,"column":11},"end":{"line":80,"column":3}},"line":23},"3":{"name":"(anonymous_3)","decl":{"start":{"line":30,"column":38},"end":{"line":30,"column":39}},"loc":{"start":{"line":30,"column":53},"end":{"line":35,"column":7}},"line":30},"4":{"name":"(anonymous_4)","decl":{"start":{"line":37,"column":35},"end":{"line":37,"column":36}},"loc":{"start":{"line":37,"column":43},"end":{"line":39,"column":7}},"line":37},"5":{"name":"(anonymous_5)","decl":{"start":{"line":41,"column":40},"end":{"line":41,"column":41}},"loc":{"start":{"line":41,"column":48},"end":{"line":43,"column":7}},"line":41},"6":{"name":"(anonymous_6)","decl":{"start":{"line":45,"column":43},"end":{"line":45,"column":44}},"loc":{"start":{"line":45,"column":57},"end":{"line":52,"column":7}},"line":45},"7":{"name":"(anonymous_7)","decl":{"start":{"line":54,"column":45},"end":{"line":54,"column":46}},"loc":{"start":{"line":54,"column":53},"end":{"line":61,"column":7}},"line":54},"8":{"name":"(anonymous_8)","decl":{"start":{"line":83,"column":31},"end":{"line":83,"column":32}},"loc":{"start":{"line":83,"column":43},"end":{"line":86,"column":1}},"line":83},"9":{"name":"(anonymous_9)","decl":{"start":{"line":88,"column":34},"end":{"line":88,"column":35}},"loc":{"start":{"line":88,"column":49},"end":{"line":91,"column":1}},"line":88},"10":{"name":"(anonymous_10)","decl":{"start":{"line":89,"column":14},"end":{"line":89,"column":15}},"loc":{"start":{"line":89,"column":25},"end":{"line":89,"column":62}},"line":89},"11":{"name":"(anonymous_11)","decl":{"start":{"line":90,"column":14},"end":{"line":90,"column":15}},"loc":{"start":{"line":90,"column":24},"end":{"line":90,"column":60}},"line":90}},"branchMap":{"0":{"loc":{"start":{"line":27,"column":4},"end":{"line":62,"column":5}},"type":"if","locations":[{"start":{"line":27,"column":4},"end":{"line":62,"column":5}},{"start":{"line":27,"column":4},"end":{"line":62,"column":5}}],"line":27},"1":{"loc":{"start":{"line":31,"column":8},"end":{"line":33,"column":9}},"type":"if","locations":[{"start":{"line":31,"column":8},"end":{"line":33,"column":9}},{"start":{"line":31,"column":8},"end":{"line":33,"column":9}}],"line":31},"2":{"loc":{"start":{"line":47,"column":8},"end":{"line":49,"column":9}},"type":"if","locations":[{"start":{"line":47,"column":8},"end":{"line":49,"column":9}},{"start":{"line":47,"column":8},"end":{"line":49,"column":9}}],"line":47}},"s":{"0":1,"1":1,"2":1,"3":0,"4":0,"5":1,"6":0,"7":0,"8":0,"9":0,"10":0,"11":0,"12":0,"13":0,"14":0,"15":0,"16":0,"17":0,"18":0,"19":0,"20":0,"21":0,"22":0,"23":1,"24":2,"25":0,"26":2,"27":0,"28":0,"29":0},"f":{"0":1,"1":0,"2":1,"3":0,"4":0,"5":0,"6":0,"7":0,"8":0,"9":0,"10":0,"11":0},"b":{"0":[0,1],"1":[0,0],"2":[0,0]},"_coverageSchema":"43e27e138ebf9cfc5966b082cf9a028302ed4184","hash":"5279fc07c1c30aa7a71081daa408be66555fe651"}
,"/Users/Krog/Desktop/Local-Projects/_Module-Four-Projects/_barstock/barstock_ui/src/containers/Business/DistributorInventory/DistributorInventory.style.js": {"path":"/Users/Krog/Desktop/Local-Projects/_Module-Four-Projects/_barstock/barstock_ui/src/containers/Business/DistributorInventory/DistributorInventory.style.js","statementMap":{"0":{"start":{"line":3,"column":20},"end":{"line":3,"column":50}},"1":{"start":{"line":4,"column":21},"end":{"line":4,"column":52}}},"fnMap":{},"branchMap":{},"s":{"0":2,"1":2},"f":{},"b":{},"_coverageSchema":"43e27e138ebf9cfc5966b082cf9a028302ed4184","hash":"afe067d9bb02b3d895ddfd5a34426fab78649f57"}
,"/Users/Krog/Desktop/Local-Projects/_Module-Four-Projects/_barstock/barstock_ui/src/containers/Business/DistributorInventory/__snapshots__/DistributorInventory.test.js.snap": {"path":"/Users/Krog/Desktop/Local-Projects/_Module-Four-Projects/_barstock/barstock_ui/src/containers/Business/DistributorInventory/__snapshots__/DistributorInventory.test.js.snap","statementMap":{"0":{"start":{"line":3,"column":0},"end":{"line":48,"column":2}}},"fnMap":{},"branchMap":{},"s":{"0":0},"f":{},"b":{},"hash":"7a7f49abbf06756975d3264011fbf570243f10a5"}
,"/Users/Krog/Desktop/Local-Projects/_Module-Four-Projects/_barstock/barstock_ui/src/containers/Business/LiquorCategory/LiquorCategory.js": {"path":"/Users/Krog/Desktop/Local-Projects/_Module-Four-Projects/_barstock/barstock_ui/src/containers/Business/LiquorCategory/LiquorCategory.js","statementMap":{"0":{"start":{"line":10,"column":4},"end":{"line":10,"column":12}},"1":{"start":{"line":11,"column":4},"end":{"line":13,"column":5}},"2":{"start":{"line":15,"column":17},"end":{"line":18,"column":3}},"3":{"start":{"line":16,"column":4},"end":{"line":16,"column":63}},"4":{"start":{"line":17,"column":4},"end":{"line":17,"column":54}},"5":{"start":{"line":20,"column":21},"end":{"line":23,"column":3}},"6":{"start":{"line":21,"column":4},"end":{"line":21,"column":31}},"7":{"start":{"line":22,"column":4},"end":{"line":22,"column":54}},"8":{"start":{"line":26,"column":25},"end":{"line":34,"column":6}},"9":{"start":{"line":27,"column":6},"end":{"line":33,"column":7}},"10":{"start":{"line":28,"column":41},"end":{"line":28,"column":68}},"11":{"start":{"line":39,"column":4},"end":{"line":45,"column":5}},"12":{"start":{"line":40,"column":6},"end":{"line":40,"column":91}},"13":{"start":{"line":41,"column":6},"end":{"line":41,"column":42}},"14":{"start":{"line":43,"column":6},"end":{"line":43,"column":91}},"15":{"start":{"line":44,"column":6},"end":{"line":44,"column":43}},"16":{"start":{"line":47,"column":4},"end":{"line":61,"column":5}},"17":{"start":{"line":65,"column":31},"end":{"line":67,"column":2}},"18":{"start":{"line":65,"column":43},"end":{"line":67,"column":1}},"19":{"start":{"line":69,"column":34},"end":{"line":72,"column":2}},"20":{"start":{"line":69,"column":49},"end":{"line":72,"column":1}},"21":{"start":{"line":70,"column":24},"end":{"line":70,"column":60}},"22":{"start":{"line":71,"column":29},"end":{"line":71,"column":70}}},"fnMap":{"0":{"name":"(anonymous_0)","decl":{"start":{"line":9,"column":2},"end":{"line":9,"column":3}},"loc":{"start":{"line":9,"column":15},"end":{"line":14,"column":3}},"line":9},"1":{"name":"(anonymous_1)","decl":{"start":{"line":15,"column":17},"end":{"line":15,"column":18}},"loc":{"start":{"line":15,"column":23},"end":{"line":18,"column":3}},"line":15},"2":{"name":"(anonymous_2)","decl":{"start":{"line":20,"column":21},"end":{"line":20,"column":22}},"loc":{"start":{"line":20,"column":31},"end":{"line":23,"column":3}},"line":20},"3":{"name":"(anonymous_3)","decl":{"start":{"line":25,"column":2},"end":{"line":25,"column":3}},"loc":{"start":{"line":25,"column":10},"end":{"line":62,"column":3}},"line":25},"4":{"name":"(anonymous_4)","decl":{"start":{"line":26,"column":49},"end":{"line":26,"column":50}},"loc":{"start":{"line":26,"column":57},"end":{"line":34,"column":5}},"line":26},"5":{"name":"(anonymous_5)","decl":{"start":{"line":28,"column":35},"end":{"line":28,"column":36}},"loc":{"start":{"line":28,"column":41},"end":{"line":28,"column":68}},"line":28},"6":{"name":"(anonymous_6)","decl":{"start":{"line":65,"column":31},"end":{"line":65,"column":32}},"loc":{"start":{"line":65,"column":43},"end":{"line":67,"column":1}},"line":65},"7":{"name":"(anonymous_7)","decl":{"start":{"line":69,"column":34},"end":{"line":69,"column":35}},"loc":{"start":{"line":69,"column":49},"end":{"line":72,"column":1}},"line":69},"8":{"name":"(anonymous_8)","decl":{"start":{"line":70,"column":13},"end":{"line":70,"column":14}},"loc":{"start":{"line":70,"column":24},"end":{"line":70,"column":60}},"line":70},"9":{"name":"(anonymous_9)","decl":{"start":{"line":71,"column":18},"end":{"line":71,"column":19}},"loc":{"start":{"line":71,"column":29},"end":{"line":71,"column":70}},"line":71}},"branchMap":{"0":{"loc":{"start":{"line":39,"column":4},"end":{"line":45,"column":5}},"type":"if","locations":[{"start":{"line":39,"column":4},"end":{"line":45,"column":5}},{"start":{"line":39,"column":4},"end":{"line":45,"column":5}}],"line":39},"1":{"loc":{"start":{"line":56,"column":50},"end":{"line":56,"column":80}},"type":"cond-expr","locations":[{"start":{"line":56,"column":72},"end":{"line":56,"column":76}},{"start":{"line":56,"column":79},"end":{"line":56,"column":80}}],"line":56}},"s":{"0":1,"1":1,"2":1,"3":0,"4":0,"5":1,"6":0,"7":0,"8":1,"9":0,"10":0,"11":0,"12":0,"13":0,"14":0,"15":0,"16":0,"17":3,"18":0,"19":3,"20":0,"21":0,"22":0},"f":{"0":1,"1":0,"2":0,"3":1,"4":0,"5":0,"6":0,"7":0,"8":0,"9":0},"b":{"0":[0,0],"1":[0,0]},"_coverageSchema":"43e27e138ebf9cfc5966b082cf9a028302ed4184","hash":"ea7b676bd8bf72be72a46a0c261a8a3e0b2fb92a"}
,"/Users/Krog/Desktop/Local-Projects/_Module-Four-Projects/_barstock/barstock_ui/src/containers/Business/LiquorCategory/LiquorCategory.style.js": {"path":"/Users/Krog/Desktop/Local-Projects/_Module-Four-Projects/_barstock/barstock_ui/src/containers/Business/LiquorCategory/LiquorCategory.style.js","statementMap":{},"fnMap":{},"branchMap":{},"s":{},"f":{},"b":{},"_coverageSchema":"43e27e138ebf9cfc5966b082cf9a028302ed4184","hash":"e007f84d05fbb365419517b78bb451c999d65d5b"}
,"/Users/Krog/Desktop/Local-Projects/_Module-Four-Projects/_barstock/barstock_ui/src/containers/Business/LiquorCategory/__snapshots__/LiquorCategory.test.js.snap": {"path":"/Users/Krog/Desktop/Local-Projects/_Module-Four-Projects/_barstock/barstock_ui/src/containers/Business/LiquorCategory/__snapshots__/LiquorCategory.test.js.snap","statementMap":{"0":{"start":{"line":3,"column":0},"end":{"line":3,"column":64}}},"fnMap":{},"branchMap":{},"s":{"0":0},"f":{},"b":{},"hash":"76d3fad4c65b78a55a09b01e1bd1c070effc9921"}
,"/Users/Krog/Desktop/Local-Projects/_Module-Four-Projects/_barstock/barstock_ui/src/containers/Business/OrderContainer/OrderContianer.js": {"path":"/Users/Krog/Desktop/Local-Projects/_Module-Four-Projects/_barstock/barstock_ui/src/containers/Business/OrderContainer/OrderContianer.js","statementMap":{"0":{"start":{"line":12,"column":4},"end":{"line":12,"column":12}},"1":{"start":{"line":13,"column":4},"end":{"line":15,"column":5}},"2":{"start":{"line":19,"column":4},"end":{"line":24,"column":5}},"3":{"start":{"line":28,"column":15},"end":{"line":34,"column":2}},"4":{"start":{"line":36,"column":31},"end":{"line":40,"column":2}},"5":{"start":{"line":36,"column":43},"end":{"line":40,"column":1}},"6":{"start":{"line":42,"column":34},"end":{"line":45,"column":2}},"7":{"start":{"line":42,"column":49},"end":{"line":45,"column":1}},"8":{"start":{"line":43,"column":25},"end":{"line":43,"column":62}},"9":{"start":{"line":44,"column":24},"end":{"line":44,"column":60}}},"fnMap":{"0":{"name":"(anonymous_0)","decl":{"start":{"line":11,"column":2},"end":{"line":11,"column":3}},"loc":{"start":{"line":11,"column":16},"end":{"line":16,"column":3}},"line":11},"1":{"name":"(anonymous_1)","decl":{"start":{"line":18,"column":2},"end":{"line":18,"column":3}},"loc":{"start":{"line":18,"column":10},"end":{"line":25,"column":3}},"line":18},"2":{"name":"(anonymous_2)","decl":{"start":{"line":36,"column":31},"end":{"line":36,"column":32}},"loc":{"start":{"line":36,"column":43},"end":{"line":40,"column":1}},"line":36},"3":{"name":"(anonymous_3)","decl":{"start":{"line":42,"column":34},"end":{"line":42,"column":35}},"loc":{"start":{"line":42,"column":49},"end":{"line":45,"column":1}},"line":42},"4":{"name":"(anonymous_4)","decl":{"start":{"line":43,"column":14},"end":{"line":43,"column":15}},"loc":{"start":{"line":43,"column":25},"end":{"line":43,"column":62}},"line":43},"5":{"name":"(anonymous_5)","decl":{"start":{"line":44,"column":14},"end":{"line":44,"column":15}},"loc":{"start":{"line":44,"column":24},"end":{"line":44,"column":60}},"line":44}},"branchMap":{},"s":{"0":0,"1":0,"2":0,"3":1,"4":1,"5":0,"6":1,"7":0,"8":0,"9":0},"f":{"0":0,"1":0,"2":0,"3":0,"4":0,"5":0},"b":{},"_coverageSchema":"43e27e138ebf9cfc5966b082cf9a028302ed4184","hash":"26a7c8a8f10f5ff45ebe6a93c5e357d211bfb2e6"}
,"/Users/Krog/Desktop/Local-Projects/_Module-Four-Projects/_barstock/barstock_ui/src/containers/Business/OrderContainer/__snapshots__/OrderContainer.test.js.snap": {"path":"/Users/Krog/Desktop/Local-Projects/_Module-Four-Projects/_barstock/barstock_ui/src/containers/Business/OrderContainer/__snapshots__/OrderContainer.test.js.snap","statementMap":{"0":{"start":{"line":3,"column":0},"end":{"line":3,"column":64}}},"fnMap":{},"branchMap":{},"s":{"0":0},"f":{},"b":{},"hash":"aa6b17e2121c2c31523838411a2f270ec7bce916"}
,"/Users/Krog/Desktop/Local-Projects/_Module-Four-Projects/_barstock/barstock_ui/src/containers/Business/PastOrderCard/PastOrderCard.js": {"path":"/Users/Krog/Desktop/Local-Projects/_Module-Four-Projects/_barstock/barstock_ui/src/containers/Business/PastOrderCard/PastOrderCard.js","statementMap":{"0":{"start":{"line":9,"column":4},"end":{"line":9,"column":12}},"1":{"start":{"line":10,"column":4},"end":{"line":12,"column":5}},"2":{"start":{"line":15,"column":11},"end":{"line":20,"column":3}},"3":{"start":{"line":16,"column":4},"end":{"line":16,"column":63}},"4":{"start":{"line":17,"column":4},"end":{"line":19,"column":6}},"5":{"start":{"line":22,"column":14},"end":{"line":27,"column":3}},"6":{"start":{"line":23,"column":22},"end":{"line":23,"column":49}},"7":{"start":{"line":24,"column":4},"end":{"line":24,"column":29}},"8":{"start":{"line":25,"column":4},"end":{"line":25,"column":29}},"9":{"start":{"line":26,"column":4},"end":{"line":26,"column":43}},"10":{"start":{"line":30,"column":21},"end":{"line":47,"column":6}},"11":{"start":{"line":31,"column":21},"end":{"line":33,"column":8}},"12":{"start":{"line":32,"column":8},"end":{"line":32,"column":36}},"13":{"start":{"line":34,"column":6},"end":{"line":46,"column":7}},"14":{"start":{"line":48,"column":15},"end":{"line":48,"column":63}},"15":{"start":{"line":50,"column":4},"end":{"line":71,"column":5}},"16":{"start":{"line":75,"column":34},"end":{"line":78,"column":2}},"17":{"start":{"line":75,"column":49},"end":{"line":78,"column":1}},"18":{"start":{"line":76,"column":20},"end":{"line":76,"column":52}},"19":{"start":{"line":77,"column":24},"end":{"line":77,"column":60}},"20":{"start":{"line":80,"column":31},"end":{"line":82,"column":2}},"21":{"start":{"line":80,"column":43},"end":{"line":82,"column":1}}},"fnMap":{"0":{"name":"(anonymous_0)","decl":{"start":{"line":8,"column":2},"end":{"line":8,"column":3}},"loc":{"start":{"line":8,"column":15},"end":{"line":13,"column":3}},"line":8},"1":{"name":"(anonymous_1)","decl":{"start":{"line":15,"column":11},"end":{"line":15,"column":12}},"loc":{"start":{"line":15,"column":17},"end":{"line":20,"column":3}},"line":15},"2":{"name":"(anonymous_2)","decl":{"start":{"line":22,"column":14},"end":{"line":22,"column":15}},"loc":{"start":{"line":22,"column":20},"end":{"line":27,"column":3}},"line":22},"3":{"name":"(anonymous_3)","decl":{"start":{"line":29,"column":2},"end":{"line":29,"column":3}},"loc":{"start":{"line":29,"column":10},"end":{"line":72,"column":3}},"line":29},"4":{"name":"(anonymous_4)","decl":{"start":{"line":30,"column":59},"end":{"line":30,"column":60}},"loc":{"start":{"line":30,"column":67},"end":{"line":47,"column":5}},"line":30},"5":{"name":"(anonymous_5)","decl":{"start":{"line":31,"column":45},"end":{"line":31,"column":46}},"loc":{"start":{"line":31,"column":56},"end":{"line":33,"column":7}},"line":31},"6":{"name":"(anonymous_6)","decl":{"start":{"line":75,"column":34},"end":{"line":75,"column":35}},"loc":{"start":{"line":75,"column":49},"end":{"line":78,"column":1}},"line":75},"7":{"name":"(anonymous_7)","decl":{"start":{"line":76,"column":11},"end":{"line":76,"column":12}},"loc":{"start":{"line":76,"column":20},"end":{"line":76,"column":52}},"line":76},"8":{"name":"(anonymous_8)","decl":{"start":{"line":77,"column":15},"end":{"line":77,"column":16}},"loc":{"start":{"line":77,"column":24},"end":{"line":77,"column":60}},"line":77},"9":{"name":"(anonymous_9)","decl":{"start":{"line":80,"column":31},"end":{"line":80,"column":32}},"loc":{"start":{"line":80,"column":43},"end":{"line":82,"column":1}},"line":80}},"branchMap":{"0":{"loc":{"start":{"line":55,"column":32},"end":{"line":55,"column":58}},"type":"cond-expr","locations":[{"start":{"line":55,"column":50},"end":{"line":55,"column":54}},{"start":{"line":55,"column":57},"end":{"line":55,"column":58}}],"line":55}},"s":{"0":1,"1":1,"2":1,"3":0,"4":0,"5":1,"6":0,"7":0,"8":0,"9":0,"10":1,"11":0,"12":0,"13":0,"14":0,"15":0,"16":2,"17":0,"18":0,"19":0,"20":2,"21":0},"f":{"0":1,"1":0,"2":0,"3":1,"4":0,"5":0,"6":0,"7":0,"8":0,"9":0},"b":{"0":[0,0]},"_coverageSchema":"43e27e138ebf9cfc5966b082cf9a028302ed4184","hash":"e0848c575bc11d79e1a3cdbae606443a9d924973"}
,"/Users/Krog/Desktop/Local-Projects/_Module-Four-Projects/_barstock/barstock_ui/src/containers/Business/PastOrderCard/PastOrderCard.style.js": {"path":"/Users/Krog/Desktop/Local-Projects/_Module-Four-Projects/_barstock/barstock_ui/src/containers/Business/PastOrderCard/PastOrderCard.style.js","statementMap":{},"fnMap":{},"branchMap":{},"s":{},"f":{},"b":{},"_coverageSchema":"43e27e138ebf9cfc5966b082cf9a028302ed4184","hash":"eeaf979763958b5014f407339389e4de3896010f"}
,"/Users/Krog/Desktop/Local-Projects/_Module-Four-Projects/_barstock/barstock_ui/src/containers/Business/PastOrderCard/__snapshots__/PastOrderCard.test.js.snap": {"path":"/Users/Krog/Desktop/Local-Projects/_Module-Four-Projects/_barstock/barstock_ui/src/containers/Business/PastOrderCard/__snapshots__/PastOrderCard.test.js.snap","statementMap":{"0":{"start":{"line":3,"column":0},"end":{"line":3,"column":63}}},"fnMap":{},"branchMap":{},"s":{"0":0},"f":{},"b":{},"hash":"eccf2bb6407382818acd7a2c9ae3cb89bf91d849"}
,"/Users/Krog/Desktop/Local-Projects/_Module-Four-Projects/_barstock/barstock_ui/src/containers/Business/PastOrders/PastOrders.js": {"path":"/Users/Krog/Desktop/Local-Projects/_Module-Four-Projects/_barstock/barstock_ui/src/containers/Business/PastOrders/PastOrders.js","statementMap":{"0":{"start":{"line":10,"column":20},"end":{"line":14,"column":6}},"1":{"start":{"line":11,"column":6},"end":{"line":13,"column":7}},"2":{"start":{"line":15,"column":4},"end":{"line":29,"column":5}},"3":{"start":{"line":33,"column":31},"end":{"line":35,"column":2}},"4":{"start":{"line":33,"column":43},"end":{"line":35,"column":1}}},"fnMap":{"0":{"name":"(anonymous_0)","decl":{"start":{"line":9,"column":2},"end":{"line":9,"column":3}},"loc":{"start":{"line":9,"column":10},"end":{"line":30,"column":3}},"line":9},"1":{"name":"(anonymous_1)","decl":{"start":{"line":10,"column":45},"end":{"line":10,"column":46}},"loc":{"start":{"line":10,"column":54},"end":{"line":14,"column":5}},"line":10},"2":{"name":"(anonymous_2)","decl":{"start":{"line":33,"column":31},"end":{"line":33,"column":32}},"loc":{"start":{"line":33,"column":43},"end":{"line":35,"column":1}},"line":33}},"branchMap":{},"s":{"0":1,"1":0,"2":0,"3":1,"4":0},"f":{"0":1,"1":0,"2":0},"b":{},"_coverageSchema":"43e27e138ebf9cfc5966b082cf9a028302ed4184","hash":"705fa0cb32d2194b1dfeb5030708cf8566274f70"}
,"/Users/Krog/Desktop/Local-Projects/_Module-Four-Projects/_barstock/barstock_ui/src/containers/Business/PastOrders/PastOrders.style.js": {"path":"/Users/Krog/Desktop/Local-Projects/_Module-Four-Projects/_barstock/barstock_ui/src/containers/Business/PastOrders/PastOrders.style.js","statementMap":{"0":{"start":{"line":3,"column":20},"end":{"line":3,"column":50}},"1":{"start":{"line":4,"column":21},"end":{"line":4,"column":52}}},"fnMap":{},"branchMap":{},"s":{"0":1,"1":1},"f":{},"b":{},"_coverageSchema":"43e27e138ebf9cfc5966b082cf9a028302ed4184","hash":"7c4bf1ac045e6e75f2288b32aaad081883c1302c"}
,"/Users/Krog/Desktop/Local-Projects/_Module-Four-Projects/_barstock/barstock_ui/src/containers/Business/PastOrders/__snapshots__/PastOrders.test.js.snap": {"path":"/Users/Krog/Desktop/Local-Projects/_Module-Four-Projects/_barstock/barstock_ui/src/containers/Business/PastOrders/__snapshots__/PastOrders.test.js.snap","statementMap":{"0":{"start":{"line":3,"column":0},"end":{"line":3,"column":60}}},"fnMap":{},"branchMap":{},"s":{"0":0},"f":{},"b":{},"hash":"abdd8cf8b04e48c3a2801f200b5672982b30a4e3"}
,"/Users/Krog/Desktop/Local-Projects/_Module-Four-Projects/_barstock/barstock_ui/src/containers/Business/SideMenu/SideMenu.js": {"path":"/Users/Krog/Desktop/Local-Projects/_Module-Four-Projects/_barstock/barstock_ui/src/containers/Business/SideMenu/SideMenu.js","statementMap":{"0":{"start":{"line":13,"column":21},"end":{"line":21,"column":3}},"1":{"start":{"line":13,"column":39},"end":{"line":21,"column":3}},"2":{"start":{"line":14,"column":27},"end":{"line":16,"column":6}},"3":{"start":{"line":17,"column":24},"end":{"line":17,"column":51}},"4":{"start":{"line":18,"column":4},"end":{"line":18,"column":40}},"5":{"start":{"line":19,"column":4},"end":{"line":19,"column":51}},"6":{"start":{"line":20,"column":4},"end":{"line":20,"column":34}},"7":{"start":{"line":23,"column":13},"end":{"line":29,"column":3}},"8":{"start":{"line":24,"column":16},"end":{"line":27,"column":4}},"9":{"start":{"line":28,"column":4},"end":{"line":28,"column":35}},"10":{"start":{"line":31,"column":16},"end":{"line":38,"column":3}},"11":{"start":{"line":32,"column":15},"end":{"line":32,"column":34}},"12":{"start":{"line":33,"column":4},"end":{"line":37,"column":27}},"13":{"start":{"line":42,"column":4},"end":{"line":84,"column":6}},"14":{"start":{"line":75,"column":42},"end":{"line":75,"column":57}},"15":{"start":{"line":78,"column":42},"end":{"line":78,"column":60}},"16":{"start":{"line":88,"column":0},"end":{"line":90,"column":2}},"17":{"start":{"line":92,"column":34},"end":{"line":94,"column":2}},"18":{"start":{"line":92,"column":49},"end":{"line":94,"column":1}},"19":{"start":{"line":93,"column":24},"end":{"line":93,"column":60}}},"fnMap":{"0":{"name":"(anonymous_0)","decl":{"start":{"line":13,"column":21},"end":{"line":13,"column":22}},"loc":{"start":{"line":13,"column":39},"end":{"line":21,"column":3}},"line":13},"1":{"name":"(anonymous_1)","decl":{"start":{"line":13,"column":39},"end":{"line":13,"column":40}},"loc":{"start":{"line":13,"column":45},"end":{"line":21,"column":3}},"line":13},"2":{"name":"(anonymous_2)","decl":{"start":{"line":23,"column":13},"end":{"line":23,"column":14}},"loc":{"start":{"line":23,"column":25},"end":{"line":29,"column":3}},"line":23},"3":{"name":"(anonymous_3)","decl":{"start":{"line":31,"column":16},"end":{"line":31,"column":17}},"loc":{"start":{"line":31,"column":22},"end":{"line":38,"column":3}},"line":31},"4":{"name":"(anonymous_4)","decl":{"start":{"line":41,"column":2},"end":{"line":41,"column":3}},"loc":{"start":{"line":41,"column":12},"end":{"line":85,"column":3}},"line":41},"5":{"name":"(anonymous_5)","decl":{"start":{"line":75,"column":37},"end":{"line":75,"column":38}},"loc":{"start":{"line":75,"column":42},"end":{"line":75,"column":57}},"line":75},"6":{"name":"(anonymous_6)","decl":{"start":{"line":78,"column":37},"end":{"line":78,"column":38}},"loc":{"start":{"line":78,"column":42},"end":{"line":78,"column":60}},"line":78},"7":{"name":"(anonymous_7)","decl":{"start":{"line":92,"column":34},"end":{"line":92,"column":35}},"loc":{"start":{"line":92,"column":49},"end":{"line":94,"column":1}},"line":92},"8":{"name":"(anonymous_8)","decl":{"start":{"line":93,"column":15},"end":{"line":93,"column":16}},"loc":{"start":{"line":93,"column":24},"end":{"line":93,"column":60}},"line":93}},"branchMap":{},"s":{"0":1,"1":5,"2":0,"3":0,"4":0,"5":0,"6":0,"7":1,"8":0,"9":0,"10":1,"11":0,"12":0,"13":1,"14":0,"15":0,"16":1,"17":1,"18":0,"19":0},"f":{"0":5,"1":0,"2":0,"3":0,"4":1,"5":0,"6":0,"7":0,"8":0},"b":{},"_coverageSchema":"43e27e138ebf9cfc5966b082cf9a028302ed4184","hash":"e9a6feb2d0c1b5c055dd95509cd1eada04d00035"}
,"/Users/Krog/Desktop/Local-Projects/_Module-Four-Projects/_barstock/barstock_ui/src/containers/Business/SideMenu/SideMenu.style.js": {"path":"/Users/Krog/Desktop/Local-Projects/_Module-Four-Projects/_barstock/barstock_ui/src/containers/Business/SideMenu/SideMenu.style.js","statementMap":{},"fnMap":{},"branchMap":{},"s":{},"f":{},"b":{},"_coverageSchema":"43e27e138ebf9cfc5966b082cf9a028302ed4184","hash":"f215287bb124012b7ee5ce872bb30f391fc844a3"}
,"/Users/Krog/Desktop/Local-Projects/_Module-Four-Projects/_barstock/barstock_ui/src/containers/Business/SideMenu/__snapshots__/SideMenu.test.js.snap": {"path":"/Users/Krog/Desktop/Local-Projects/_Module-Four-Projects/_barstock/barstock_ui/src/containers/Business/SideMenu/__snapshots__/SideMenu.test.js.snap","statementMap":{"0":{"start":{"line":3,"column":0},"end":{"line":273,"column":2}}},"fnMap":{},"branchMap":{},"s":{"0":0},"f":{},"b":{},"hash":"1455c13d7c42e2d9cc9c79908eff977a4f1e4c6d"}
[...]
,"/Users/Krog/Desktop/Local-Projects/_Module-Four-Projects/_barstock/barstock_ui/src/redux/reducers/orderReducer.js": {"path":"/Users/Krog/Desktop/Local-Projects/_Module-Four-Projects/_barstock/barstock_ui/src/redux/reducers/orderReducer.js","statementMap":{"0":{"start":{"line":1,"column":28},"end":{"line":8,"column":1}},"1":{"start":{"line":2,"column":2},"end":{"line":7,"column":3}},"2":{"start":{"line":4,"column":6},"end":{"line":4,"column":26}},"3":{"start":{"line":6,"column":6},"end":{"line":6,"column":19}}},"fnMap":{"0":{"name":"(anonymous_0)","decl":{"start":{"line":1,"column":28},"end":{"line":1,"column":29}},"loc":{"start":{"line":1,"column":52},"end":{"line":8,"column":1}},"line":1}},"branchMap":{"0":{"loc":{"start":{"line":1,"column":29},"end":{"line":1,"column":39}},"type":"default-arg","locations":[{"start":{"line":1,"column":37},"end":{"line":1,"column":39}}],"line":1},"1":{"loc":{"start":{"line":2,"column":2},"end":{"line":7,"column":3}},"type":"switch","locations":[{"start":{"line":3,"column":4},"end":{"line":4,"column":26}},{"start":{"line":5,"column":4},"end":{"line":6,"column":19}}],"line":2}},"s":{"0":0,"1":0,"2":0,"3":0},"f":{"0":0},"b":{"0":[0],"1":[0,0]},"hash":"9db86a00778e42669d7b38ecde2bcc12b73fdd13"}
,"/Users/Krog/Desktop/Local-Projects/_Module-Four-Projects/_barstock/barstock_ui/src/redux/reducers/pastOrderReducer.js": {"path":"/Users/Krog/Desktop/Local-Projects/_Module-Four-Projects/_barstock/barstock_ui/src/redux/reducers/pastOrderReducer.js","statementMap":{"0":{"start":{"line":1,"column":32},"end":{"line":13,"column":1}},"1":{"start":{"line":2,"column":2},"end":{"line":12,"column":3}},"2":{"start":{"line":4,"column":6},"end":{"line":4,"column":25}},"3":{"start":{"line":6,"column":25},"end":{"line":6,"column":49}},"4":{"start":{"line":7,"column":22},"end":{"line":7,"column":40}},"5":{"start":{"line":8,"column":6},"end":{"line":8,"column":37}},"6":{"start":{"line":9,"column":6},"end":{"line":9,"column":25}},"7":{"start":{"line":11,"column":6},"end":{"line":11,"column":19}}},"fnMap":{"0":{"name":"(anonymous_0)","decl":{"start":{"line":1,"column":32},"end":{"line":1,"column":33}},"loc":{"start":{"line":1,"column":56},"end":{"line":13,"column":1}},"line":1}},"branchMap":{"0":{"loc":{"start":{"line":1,"column":33},"end":{"line":1,"column":43}},"type":"default-arg","locations":[{"start":{"line":1,"column":41},"end":{"line":1,"column":43}}],"line":1},"1":{"loc":{"start":{"line":2,"column":2},"end":{"line":12,"column":3}},"type":"switch","locations":[{"start":{"line":3,"column":4},"end":{"line":4,"column":25}},{"start":{"line":5,"column":4},"end":{"line":9,"column":25}},{"start":{"line":10,"column":4},"end":{"line":11,"column":19}}],"line":2}},"s":{"0":0,"1":0,"2":0,"3":0,"4":0,"5":0,"6":0,"7":0},"f":{"0":0},"b":{"0":[0],"1":[0,0,0]},"hash":"a9c7f2c3e999329f29ffc330ae16ceffd1022c7b"}
,"/Users/Krog/Desktop/Local-Projects/_Module-Four-Projects/_barstock/barstock_ui/src/redux/reducers/swiperReducer.js": {"path":"/Users/Krog/Desktop/Local-Projects/_Module-Four-Projects/_barstock/barstock_ui/src/redux/reducers/swiperReducer.js","statementMap":{"0":{"start":{"line":1,"column":29},"end":{"line":8,"column":1}},"1":{"start":{"line":2,"column":2},"end":{"line":7,"column":3}},"2":{"start":{"line":4,"column":6},"end":{"line":4,"column":26}},"3":{"start":{"line":6,"column":6},"end":{"line":6,"column":19}}},"fnMap":{"0":{"name":"(anonymous_0)","decl":{"start":{"line":1,"column":29},"end":{"line":1,"column":30}},"loc":{"start":{"line":1,"column":52},"end":{"line":8,"column":1}},"line":1}},"branchMap":{"0":{"loc":{"start":{"line":1,"column":30},"end":{"line":1,"column":39}},"type":"default-arg","locations":[{"start":{"line":1,"column":38},"end":{"line":1,"column":39}}],"line":1},"1":{"loc":{"start":{"line":2,"column":2},"end":{"line":7,"column":3}},"type":"switch","locations":[{"start":{"line":3,"column":4},"end":{"line":4,"column":26}},{"start":{"line":5,"column":4},"end":{"line":6,"column":19}}],"line":2}},"s":{"0":0,"1":0,"2":0,"3":0},"f":{"0":0},"b":{"0":[0],"1":[0,0]},"hash":"650c7012ec2bfad75e9903c17c4add8c45a888de"}
,"/Users/Krog/Desktop/Local-Projects/_Module-Four-Projects/_barstock/barstock_ui/src/redux/thunks/fetchAllItems.js": {"path":"/Users/Krog/Desktop/Local-Projects/_Module-Four-Projects/_barstock/barstock_ui/src/redux/thunks/fetchAllItems.js","statementMap":{"0":{"start":{"line":7,"column":29},"end":{"line":20,"column":1}},"1":{"start":{"line":8,"column":2},"end":{"line":19,"column":3}},"2":{"start":{"line":9,"column":4},"end":{"line":18,"column":5}},"3":{"start":{"line":10,"column":18},"end":{"line":10,"column":102}},"4":{"start":{"line":11,"column":23},"end":{"line":11,"column":43}},"5":{"start":{"line":12,"column":6},"end":{"line":12,"column":50}},"6":{"start":{"line":13,"column":6},"end":{"line":13,"column":42}},"7":{"start":{"line":14,"column":6},"end":{"line":14,"column":39}},"8":{"start":{"line":15,"column":6},"end":{"line":15,"column":41}},"9":{"start":{"line":17,"column":6},"end":{"line":17,"column":33}}},"fnMap":{"0":{"name":"(anonymous_0)","decl":{"start":{"line":7,"column":29},"end":{"line":7,"column":30}},"loc":{"start":{"line":7,"column":35},"end":{"line":20,"column":1}},"line":7},"1":{"name":"(anonymous_1)","decl":{"start":{"line":8,"column":9},"end":{"line":8,"column":10}},"loc":{"start":{"line":8,"column":29},"end":{"line":19,"column":3}},"line":8}},"branchMap":{},"s":{"0":0,"1":0,"2":0,"3":0,"4":0,"5":0,"6":0,"7":0,"8":0,"9":0},"f":{"0":0,"1":0},"b":{},"hash":"b6bfd5816a4b22b2dcf2f13fdd44f1a4445c5161"}
,"/Users/Krog/Desktop/Local-Projects/_Module-Four-Projects/_barstock/barstock_ui/src/redux/thunks/fetchBusinessInfo.js": {"path":"/Users/Krog/Desktop/Local-Projects/_Module-Four-Projects/_barstock/barstock_ui/src/redux/thunks/fetchBusinessInfo.js","statementMap":{"0":{"start":{"line":4,"column":33},"end":{"line":15,"column":1}},"1":{"start":{"line":5,"column":2},"end":{"line":14,"column":3}},"2":{"start":{"line":6,"column":4},"end":{"line":13,"column":5}},"3":{"start":{"line":7,"column":18},"end":{"line":7,"column":115}},"4":{"start":{"line":8,"column":23},"end":{"line":8,"column":43}},"5":{"start":{"line":9,"column":6},"end":{"line":9,"column":46}},"6":{"start":{"line":9,"column":23},"end":{"line":9,"column":46}},"7":{"start":{"line":10,"column":6},"end":{"line":10,"column":50}},"8":{"start":{"line":12,"column":6},"end":{"line":12,"column":33}}},"fnMap":{"0":{"name":"(anonymous_0)","decl":{"start":{"line":4,"column":33},"end":{"line":4,"column":34}},"loc":{"start":{"line":4,"column":39},"end":{"line":15,"column":1}},"line":4},"1":{"name":"(anonymous_1)","decl":{"start":{"line":5,"column":9},"end":{"line":5,"column":10}},"loc":{"start":{"line":5,"column":29},"end":{"line":14,"column":3}},"line":5}},"branchMap":{"0":{"loc":{"start":{"line":9,"column":6},"end":{"line":9,"column":46}},"type":"if","locations":[{"start":{"line":9,"column":6},"end":{"line":9,"column":46}},{"start":{"line":9,"column":6},"end":{"line":9,"column":46}}],"line":9}},"s":{"0":0,"1":0,"2":0,"3":0,"4":0,"5":0,"6":0,"7":0,"8":0},"f":{"0":0,"1":0},"b":{"0":[0,0]},"hash":"2a8bd5f0ff3ba4e948ad3a699e8534493b4e0cec"}
,"/Users/Krog/Desktop/Local-Projects/_Module-Four-Projects/_barstock/barstock_ui/src/redux/thunks/fetchBusinessItems.js": {"path":"/Users/Krog/Desktop/Local-Projects/_Module-Four-Projects/_barstock/barstock_ui/src/redux/thunks/fetchBusinessItems.js","statementMap":{"0":{"start":{"line":4,"column":34},"end":{"line":14,"column":1}},"1":{"start":{"line":5,"column":2},"end":{"line":13,"column":3}},"2":{"start":{"line":6,"column":4},"end":{"line":12,"column":5}},"3":{"start":{"line":7,"column":18},"end":{"line":7,"column":111}},"4":{"start":{"line":8,"column":23},"end":{"line":8,"column":43}},"5":{"start":{"line":9,"column":6},"end":{"line":9,"column":56}},"6":{"start":{"line":11,"column":6},"end":{"line":11,"column":33}}},"fnMap":{"0":{"name":"(anonymous_0)","decl":{"start":{"line":4,"column":34},"end":{"line":4,"column":35}},"loc":{"start":{"line":4,"column":40},"end":{"line":14,"column":1}},"line":4},"1":{"name":"(anonymous_1)","decl":{"start":{"line":5,"column":9},"end":{"line":5,"column":10}},"loc":{"start":{"line":5,"column":29},"end":{"line":13,"column":3}},"line":5}},"branchMap":{},"s":{"0":0,"1":0,"2":0,"3":0,"4":0,"5":0,"6":0},"f":{"0":0,"1":0},"b":{},"hash":"e1c3081f359a933e7731853b4921ad62b5e866f0"}
,"/Users/Krog/Desktop/Local-Projects/_Module-Four-Projects/_barstock/barstock_ui/src/redux/thunks/fetchPastOrders.js": {"path":"/Users/Krog/Desktop/Local-Projects/_Module-Four-Projects/_barstock/barstock_ui/src/redux/thunks/fetchPastOrders.js","statementMap":{"0":{"start":{"line":4,"column":31},"end":{"line":14,"column":1}},"1":{"start":{"line":5,"column":2},"end":{"line":13,"column":3}},"2":{"start":{"line":6,"column":4},"end":{"line":12,"column":5}},"3":{"start":{"line":7,"column":18},"end":{"line":7,"column":103}},"4":{"start":{"line":8,"column":23},"end":{"line":8,"column":43}},"5":{"start":{"line":9,"column":6},"end":{"line":9,"column":52}},"6":{"start":{"line":11,"column":6},"end":{"line":11,"column":33}}},"fnMap":{"0":{"name":"(anonymous_0)","decl":{"start":{"line":4,"column":31},"end":{"line":4,"column":32}},"loc":{"start":{"line":4,"column":37},"end":{"line":14,"column":1}},"line":4},"1":{"name":"(anonymous_1)","decl":{"start":{"line":5,"column":9},"end":{"line":5,"column":10}},"loc":{"start":{"line":5,"column":29},"end":{"line":13,"column":3}},"line":5}},"branchMap":{},"s":{"0":0,"1":0,"2":0,"3":0,"4":0,"5":0,"6":0},"f":{"0":0,"1":0},"b":{},"hash":"e381c8fae069ad610e18e4a63cf3c4bec57a756b"}
,"/Users/Krog/Desktop/Local-Projects/_Module-Four-Projects/_barstock/barstock_ui/src/utility/apiInfo.js": {"path":"/Users/Krog/Desktop/Local-Projects/_Module-Four-Projects/_barstock/barstock_ui/src/utility/apiInfo.js","statementMap":{"0":{"start":{"line":2,"column":18},"end":{"line":2,"column":103}}},"fnMap":{},"branchMap":{},"s":{"0":0},"f":{},"b":{},"hash":"90cbae1caa98589593be0730c99cb2630f0fd70e"}
,"/Users/Krog/Desktop/Local-Projects/_Module-Four-Projects/_barstock/barstock_ui/src/utility/fetchData.js": {"path":"/Users/Krog/Desktop/Local-Projects/_Module-Four-Projects/_barstock/barstock_ui/src/utility/fetchData.js","statementMap":{"0":{"start":{"line":1,"column":25},"end":{"line":10,"column":1}},"1":{"start":{"line":2,"column":2},"end":{"line":9,"column":3}},"2":{"start":{"line":3,"column":21},"end":{"line":3,"column":37}},"3":{"start":{"line":4,"column":4},"end":{"line":4,"column":68}},"4":{"start":{"line":4,"column":23},"end":{"line":4,"column":67}},"5":{"start":{"line":5,"column":17},"end":{"line":5,"column":38}},"6":{"start":{"line":6,"column":4},"end":{"line":6,"column":16}},"7":{"start":{"line":8,"column":4},"end":{"line":8,"column":17}}},"fnMap":{"0":{"name":"(anonymous_0)","decl":{"start":{"line":1,"column":25},"end":{"line":1,"column":26}},"loc":{"start":{"line":1,"column":46},"end":{"line":10,"column":1}},"line":1}},"branchMap":{"0":{"loc":{"start":{"line":4,"column":4},"end":{"line":4,"column":68}},"type":"if","locations":[{"start":{"line":4,"column":4},"end":{"line":4,"column":68}},{"start":{"line":4,"column":4},"end":{"line":4,"column":68}}],"line":4}},"s":{"0":0,"1":0,"2":0,"3":0,"4":0,"5":0,"6":0,"7":0},"f":{"0":0},"b":{"0":[0,0]},"hash":"2360d04dda38a36412686efe0d91642bd5229d48"}
,"/Users/Krog/Desktop/Local-Projects/_Module-Four-Projects/_barstock/barstock_ui/src/utility/fetchOptions.js": {"path":"/Users/Krog/Desktop/Local-Projects/_Module-Four-Projects/_barstock/barstock_ui/src/utility/fetchOptions.js","statementMap":{"0":{"start":{"line":1,"column":28},"end":{"line":7,"column":2}},"1":{"start":{"line":1,"column":45},"end":{"line":7,"column":1}}},"fnMap":{"0":{"name":"(anonymous_0)","decl":{"start":{"line":1,"column":28},"end":{"line":1,"column":29}},"loc":{"start":{"line":1,"column":45},"end":{"line":7,"column":1}},"line":1}},"branchMap":{},"s":{"0":2,"1":0},"f":{"0":0},"b":{},"_coverageSchema":"43e27e138ebf9cfc5966b082cf9a028302ed4184","hash":"31ae206a7b5c1bb91c470d3db619e471f2c40981"}
,"/Users/Krog/Desktop/Local-Projects/_Module-Four-Projects/_barstock/barstock_ui/src/utility/generateMargin.js": {"path":"/Users/Krog/Desktop/Local-Projects/_Module-Four-Projects/_barstock/barstock_ui/src/utility/generateMargin.js","statementMap":{"0":{"start":{"line":1,"column":25},"end":{"line":10,"column":1}},"1":{"start":{"line":3,"column":25},"end":{"line":3,"column":51}},"2":{"start":{"line":4,"column":25},"end":{"line":4,"column":44}},"3":{"start":{"line":5,"column":18},"end":{"line":5,"column":31}},"4":{"start":{"line":6,"column":24},"end":{"line":6,"column":59}},"5":{"start":{"line":7,"column":23},"end":{"line":7,"column":65}},"6":{"start":{"line":8,"column":21},"end":{"line":8,"column":70}},"7":{"start":{"line":9,"column":2},"end":{"line":9,"column":21}},"8":{"start":{"line":12,"column":25},"end":{"line":22,"column":1}},"9":{"start":{"line":14,"column":25},"end":{"line":14,"column":51}},"10":{"start":{"line":15,"column":25},"end":{"line":15,"column":52}},"11":{"start":{"line":16,"column":18},"end":{"line":16,"column":39}},"12":{"start":{"line":17,"column":13},"end":{"line":17,"column":38}},"13":{"start":{"line":18,"column":17},"end":{"line":18,"column":66}},"14":{"start":{"line":19,"column":24},"end":{"line":19,"column":59}},"15":{"start":{"line":20,"column":21},"end":{"line":20,"column":55}},"16":{"start":{"line":21,"column":2},"end":{"line":21,"column":21}},"17":{"start":{"line":24,"column":25},"end":{"line":31,"column":1}},"18":{"start":{"line":25,"column":25},"end":{"line":25,"column":51}},"19":{"start":{"line":26,"column":25},"end":{"line":26,"column":36}},"20":{"start":{"line":27,"column":18},"end":{"line":27,"column":23}},"21":{"start":{"line":28,"column":17},"end":{"line":28,"column":42}},"22":{"start":{"line":29,"column":21},"end":{"line":29,"column":81}},"23":{"start":{"line":30,"column":2},"end":{"line":30,"column":20}}},"fnMap":{"0":{"name":"(anonymous_0)","decl":{"start":{"line":1,"column":25},"end":{"line":1,"column":26}},"loc":{"start":{"line":1,"column":63},"end":{"line":10,"column":1}},"line":1},"1":{"name":"(anonymous_1)","decl":{"start":{"line":12,"column":25},"end":{"line":12,"column":26}},"loc":{"start":{"line":12,"column":48},"end":{"line":22,"column":1}},"line":12},"2":{"name":"(anonymous_2)","decl":{"start":{"line":24,"column":25},"end":{"line":24,"column":26}},"loc":{"start":{"line":24,"column":63},"end":{"line":31,"column":1}},"line":24}},"branchMap":{},"s":{"0":1,"1":0,"2":0,"3":0,"4":0,"5":0,"6":0,"7":0,"8":1,"9":0,"10":0,"11":0,"12":0,"13":0,"14":0,"15":0,"16":0,"17":1,"18":0,"19":0,"20":0,"21":0,"22":0,"23":0},"f":{"0":0,"1":0,"2":0},"b":{},"_coverageSchema":"43e27e138ebf9cfc5966b082cf9a028302ed4184","hash":"ff35d5fa1fe201862fc920ecee93435453ad3fe9"}
,"/Users/Krog/Desktop/Local-Projects/_Module-Four-Projects/_barstock/barstock_ui/src/utility/liquorCleaner.js": {"path":"/Users/Krog/Desktop/Local-Projects/_Module-Four-Projects/_barstock/barstock_ui/src/utility/liquorCleaner.js","statementMap":{"0":{"start":{"line":2,"column":27},"end":{"line":6,"column":1}},"1":{"start":{"line":3,"column":23},"end":{"line":3,"column":47}},"2":{"start":{"line":4,"column":22},"end":{"line":4,"column":54}},"3":{"start":{"line":5,"column":2},"end":{"line":5,"column":22}},"4":{"start":{"line":8,"column":26},"end":{"line":15,"column":1}},"5":{"start":{"line":9,"column":23},"end":{"line":13,"column":8}},"6":{"start":{"line":10,"column":4},"end":{"line":10,"column":39}},"7":{"start":{"line":10,"column":23},"end":{"line":10,"column":39}},"8":{"start":{"line":11,"column":4},"end":{"line":11,"column":19}},"9":{"start":{"line":12,"column":4},"end":{"line":12,"column":15}},"10":{"start":{"line":14,"column":2},"end":{"line":14,"column":24}},"11":{"start":{"line":17,"column":28},"end":{"line":24,"column":1}},"12":{"start":{"line":18,"column":20},"end":{"line":22,"column":7}},"13":{"start":{"line":19,"column":24},"end":{"line":19,"column":70}},"14":{"start":{"line":19,"column":48},"end":{"line":19,"column":69}},"15":{"start":{"line":20,"column":4},"end":{"line":20,"column":57}},"16":{"start":{"line":21,"column":4},"end":{"line":21,"column":14}},"17":{"start":{"line":23,"column":2},"end":{"line":23,"column":18}},"18":{"start":{"line":27,"column":27},"end":{"line":46,"column":1}},"19":{"start":{"line":28,"column":21},"end":{"line":44,"column":4}},"20":{"start":{"line":29,"column":19},"end":{"line":29,"column":75}},"21":{"start":{"line":29,"column":52},"end":{"line":29,"column":74}},"22":{"start":{"line":30,"column":15},"end":{"line":30,"column":69}},"23":{"start":{"line":31,"column":4},"end":{"line":43,"column":5}},"24":{"start":{"line":45,"column":2},"end":{"line":45,"column":22}}},"fnMap":{"0":{"name":"(anonymous_0)","decl":{"start":{"line":2,"column":27},"end":{"line":2,"column":28}},"loc":{"start":{"line":2,"column":33},"end":{"line":6,"column":1}},"line":2},"1":{"name":"(anonymous_1)","decl":{"start":{"line":8,"column":26},"end":{"line":8,"column":27}},"loc":{"start":{"line":8,"column":32},"end":{"line":15,"column":1}},"line":8},"2":{"name":"(anonymous_2)","decl":{"start":{"line":9,"column":46},"end":{"line":9,"column":47}},"loc":{"start":{"line":9,"column":59},"end":{"line":13,"column":3}},"line":9},"3":{"name":"(anonymous_3)","decl":{"start":{"line":17,"column":28},"end":{"line":17,"column":29}},"loc":{"start":{"line":17,"column":47},"end":{"line":24,"column":1}},"line":17},"4":{"name":"(anonymous_4)","decl":{"start":{"line":18,"column":32},"end":{"line":18,"column":33}},"loc":{"start":{"line":18,"column":47},"end":{"line":22,"column":3}},"line":18},"5":{"name":"(anonymous_5)","decl":{"start":{"line":19,"column":37},"end":{"line":19,"column":38}},"loc":{"start":{"line":19,"column":48},"end":{"line":19,"column":69}},"line":19},"6":{"name":"(anonymous_6)","decl":{"start":{"line":27,"column":27},"end":{"line":27,"column":28}},"loc":{"start":{"line":27,"column":47},"end":{"line":46,"column":1}},"line":27},"7":{"name":"(anonymous_7)","decl":{"start":{"line":28,"column":53},"end":{"line":28,"column":54}},"loc":{"start":{"line":28,"column":70},"end":{"line":44,"column":3}},"line":28},"8":{"name":"(anonymous_8)","decl":{"start":{"line":29,"column":40},"end":{"line":29,"column":41}},"loc":{"start":{"line":29,"column":52},"end":{"line":29,"column":74}},"line":29}},"branchMap":{"0":{"loc":{"start":{"line":10,"column":4},"end":{"line":10,"column":39}},"type":"if","locations":[{"start":{"line":10,"column":4},"end":{"line":10,"column":39}},{"start":{"line":10,"column":4},"end":{"line":10,"column":39}}],"line":10}},"s":{"0":2,"1":0,"2":0,"3":0,"4":2,"5":0,"6":0,"7":0,"8":0,"9":0,"10":0,"11":2,"12":1,"13":0,"14":0,"15":0,"16":0,"17":0,"18":2,"19":0,"20":0,"21":0,"22":0,"23":0,"24":0},"f":{"0":0,"1":0,"2":0,"3":1,"4":0,"5":0,"6":0,"7":0,"8":0},"b":{"0":[0,0]},"_coverageSchema":"43e27e138ebf9cfc5966b082cf9a028302ed4184","hash":"40d02e219b9e3c7f0190ac332282b39f4626e2e6"}
}
