TN:
SF:/Users/Krog/Desktop/Local-Projects/_Module-Four-Projects/_barstock/barstock_ui/src/App.js
FN:5,(anonymous_0)
FNF:1
FNH:0
FNDA:0,(anonymous_0)
DA:6,0
LF:1
LH:0
BRF:0
BRH:0
end_of_record
TN:
SF:/Users/Krog/Desktop/Local-Projects/_Module-Four-Projects/_barstock/barstock_ui/src/navigation.js
FN:19,(anonymous_0)
FN:41,(anonymous_1)
FN:83,(anonymous_2)
FNF:3
FNH:0
FNDA:0,(anonymous_0)
FNDA:0,(anonymous_1)
FNDA:0,(anonymous_2)
DA:19,0
DA:20,0
DA:41,0
DA:62,0
DA:74,0
DA:83,0
DA:84,0
DA:115,0
DA:124,0
DA:132,0
LF:10
LH:0
BRF:0
BRH:0
end_of_record
TN:
SF:/Users/Krog/Desktop/Local-Projects/_Module-Four-Projects/_barstock/barstock_ui/src/components/Footer/Footer.js
FN:5,(anonymous_0)
FNF:1
FNH:0
FNDA:0,(anonymous_0)
DA:5,4
DA:6,0
LF:2
LH:1
BRF:0
BRH:0
end_of_record
TN:
SF:/Users/Krog/Desktop/Local-Projects/_Module-Four-Projects/_barstock/barstock_ui/src/components/Footer/Footer.style.js
FNF:0
FNH:0
DA:3,4
DA:4,4
LF:2
LH:2
BRF:0
BRH:0
end_of_record
TN:
SF:/Users/Krog/Desktop/Local-Projects/_Module-Four-Projects/_barstock/barstock_ui/src/components/Loading/Loading.js
FN:5,(anonymous_0)
FNF:1
FNH:1
FNDA:1,(anonymous_0)
DA:7,1
DA:15,2
LF:2
LH:2
BRF:0
BRH:0
end_of_record
TN:
SF:/Users/Krog/Desktop/Local-Projects/_Module-Four-Projects/_barstock/barstock_ui/src/components/Loading/__snapshots__/Loading.test.js.snap
FNF:0
FNH:0
DA:3,0
LF:1
LH:0
BRF:0
BRH:0
end_of_record
TN:
SF:/Users/Krog/Desktop/Local-Projects/_Module-Four-Projects/_barstock/barstock_ui/src/components/LogoTitle/LogoTitle.js
FN:5,(anonymous_0)
FNF:1
FNH:0
FNDA:0,(anonymous_0)
DA:6,0
LF:1
LH:0
BRF:0
BRH:0
end_of_record
TN:
SF:/Users/Krog/Desktop/Local-Projects/_Module-Four-Projects/_barstock/barstock_ui/src/containers/Business/AccountContainer/AccountContainer.js
FN:10,(anonymous_0)
FN:45,(anonymous_1)
FNF:2
FNH:0
FNDA:0,(anonymous_0)
FNDA:0,(anonymous_1)
DA:11,0
DA:23,0
DA:24,0
DA:26,0
DA:45,0
LF:5
LH:0
BRF:0
BRH:0
end_of_record
TN:
SF:/Users/Krog/Desktop/Local-Projects/_Module-Four-Projects/_barstock/barstock_ui/src/containers/Business/AccountContainer/AccountContainer.style.js
FNF:0
FNH:0
LF:0
LH:0
BRF:0
BRH:0
end_of_record
TN:
SF:/Users/Krog/Desktop/Local-Projects/_Module-Four-Projects/_barstock/barstock_ui/src/containers/Business/AccountInfo/AccountInfo.js
FN:8,(anonymous_0)
FN:62,(anonymous_1)
FNF:2
FNH:0
FNDA:0,(anonymous_0)
FNDA:0,(anonymous_1)
DA:9,0
DA:10,0
DA:62,0
LF:3
LH:0
BRF:0
BRH:0
end_of_record
TN:
SF:/Users/Krog/Desktop/Local-Projects/_Module-Four-Projects/_barstock/barstock_ui/src/containers/Business/AccountInfo/AccountInfo.style.js
FNF:0
FNH:0
DA:3,0
DA:4,0
LF:2
LH:0
BRF:0
BRH:0
end_of_record
TN:
SF:/Users/Krog/Desktop/Local-Projects/_Module-Four-Projects/_barstock/barstock_ui/src/containers/Business/AlcoholCategory/AlcoholCategory.js
FN:17,(anonymous_0)
FN:26,(anonymous_1)
FN:29,(anonymous_2)
FN:59,(anonymous_3)
FN:64,(anonymous_4)
FN:65,(anonymous_5)
FNF:6
FNH:0
FNDA:0,(anonymous_0)
FNDA:0,(anonymous_1)
FNDA:0,(anonymous_2)
FNDA:0,(anonymous_3)
FNDA:0,(anonymous_4)
FNDA:0,(anonymous_5)
DA:17,0
DA:18,0
DA:19,0
DA:20,0
DA:22,0
DA:29,0
DA:30,0
DA:35,0
DA:36,0
DA:38,0
DA:41,0
DA:59,2
DA:64,2
DA:65,0
LF:14
LH:2
BRDA:19,0,0,0
BRDA:19,0,1,0
BRDA:35,1,0,0
BRDA:35,1,1,0
BRDA:50,2,0,0
BRDA:50,2,1,0
BRF:6
BRH:0
end_of_record
TN:
SF:/Users/Krog/Desktop/Local-Projects/_Module-Four-Projects/_barstock/barstock_ui/src/containers/Business/AlcoholCategory/AlcoholCategory.style.js
FNF:0
FNH:0
LF:0
LH:0
BRF:0
BRH:0
end_of_record
TN:
SF:/Users/Krog/Desktop/Local-Projects/_Module-Four-Projects/_barstock/barstock_ui/src/containers/Business/AlcoholModal/AlcoholModal.js
FN:11,(anonymous_0)
FN:22,(anonymous_1)
FN:24,(anonymous_2)
FN:43,(anonymous_3)
FN:92,(anonymous_4)
FN:97,(anonymous_5)
FN:146,(anonymous_6)
FN:156,(anonymous_7)
FN:166,(anonymous_8)
FN:202,(anonymous_9)
FN:210,(anonymous_10)
FN:211,(anonymous_11)
FN:212,(anonymous_12)
FN:213,(anonymous_13)
FN:214,(anonymous_14)
FNF:15
FNH:0
FNDA:0,(anonymous_0)
FNDA:0,(anonymous_1)
FNDA:0,(anonymous_2)
FNDA:0,(anonymous_3)
FNDA:0,(anonymous_4)
FNDA:0,(anonymous_5)
FNDA:0,(anonymous_6)
FNDA:0,(anonymous_7)
FNDA:0,(anonymous_8)
FNDA:0,(anonymous_9)
FNDA:0,(anonymous_10)
FNDA:0,(anonymous_11)
FNDA:0,(anonymous_12)
FNDA:0,(anonymous_13)
FNDA:0,(anonymous_14)
DA:12,0
DA:13,0
DA:23,0
DA:24,0
DA:25,0
DA:26,0
DA:33,0
DA:43,0
DA:44,0
DA:45,0
DA:46,0
DA:47,0
DA:48,0
DA:56,0
DA:58,0
DA:59,0
DA:60,0
DA:61,0
DA:63,0
DA:66,0
DA:69,0
DA:70,0
DA:77,0
DA:79,0
DA:80,0
DA:81,0
DA:82,0
DA:84,0
DA:86,0
DA:93,0
DA:94,0
DA:95,0
DA:97,0
DA:98,0
DA:101,0
DA:102,0
DA:103,0
DA:105,0
DA:107,0
DA:108,0
DA:110,0
DA:111,0
DA:113,0
DA:114,0
DA:117,0
DA:146,0
DA:156,0
DA:166,0
DA:202,1
DA:210,1
DA:211,0
DA:212,0
DA:213,0
DA:214,0
LF:54
LH:2
BRDA:25,0,0,0
BRDA:25,0,1,0
BRDA:25,1,0,0
BRDA:25,1,1,0
BRDA:46,2,0,0
BRDA:46,2,1,0
BRDA:107,3,0,0
BRDA:107,3,1,0
BRDA:107,4,0,0
BRDA:107,4,1,0
BRDA:110,5,0,0
BRDA:110,5,1,0
BRDA:110,6,0,0
BRDA:110,6,1,0
BRDA:113,7,0,0
BRDA:113,7,1,0
BRDA:113,8,0,0
BRDA:113,8,1,0
BRF:18
BRH:0
end_of_record
TN:
SF:/Users/Krog/Desktop/Local-Projects/_Module-Four-Projects/_barstock/barstock_ui/src/containers/Business/AlcoholModal/AlcoholModal.style.js
FNF:0
FNH:0
DA:3,1
DA:4,1
LF:2
LH:2
BRF:0
BRH:0
end_of_record
TN:
SF:/Users/Krog/Desktop/Local-Projects/_Module-Four-Projects/_barstock/barstock_ui/src/containers/Business/BarInventory/BarInventory.js
FN:11,(anonymous_0)
FN:16,(anonymous_1)
FN:19,(anonymous_2)
FN:29,(anonymous_3)
FN:30,(anonymous_4)
FN:33,(anonymous_5)
FN:79,(anonymous_6)
FN:86,(anonymous_7)
FN:87,(anonymous_8)
FN:88,(anonymous_9)
FNF:10
FNH:0
FNDA:0,(anonymous_0)
FNDA:0,(anonymous_1)
FNDA:0,(anonymous_2)
FNDA:0,(anonymous_3)
FNDA:0,(anonymous_4)
FNDA:0,(anonymous_5)
FNDA:0,(anonymous_6)
FNDA:0,(anonymous_7)
FNDA:0,(anonymous_8)
FNDA:0,(anonymous_9)
DA:11,0
DA:12,0
DA:13,0
DA:16,0
DA:17,0
DA:18,0
DA:19,0
DA:20,0
DA:21,0
DA:22,0
DA:23,0
DA:24,0
DA:25,0
DA:30,0
DA:31,0
DA:32,0
DA:33,0
DA:57,0
DA:79,0
DA:86,0
DA:87,0
DA:88,0
LF:22
LH:0
BRDA:63,0,0,0
BRDA:63,0,1,0
BRF:2
BRH:0
end_of_record
TN:
SF:/Users/Krog/Desktop/Local-Projects/_Module-Four-Projects/_barstock/barstock_ui/src/containers/Business/BarInventory/BarInventory.style.js
FNF:0
FNH:0
DA:3,0
DA:4,0
LF:2
LH:0
BRF:0
BRH:0
end_of_record
TN:
SF:/Users/Krog/Desktop/Local-Projects/_Module-Four-Projects/_barstock/barstock_ui/src/containers/Business/CategoryItem/CategoryItem.js
FN:10,(anonymous_0)
FN:12,(anonymous_1)
FN:20,(anonymous_2)
FN:23,(anonymous_3)
FN:27,(anonymous_4)
FN:29,(anonymous_5)
FN:36,(anonymous_6)
FN:44,(anonymous_7)
FN:52,(anonymous_8)
FN:70,(anonymous_9)
FN:74,(anonymous_10)
FN:78,(anonymous_11)
FN:89,(anonymous_12)
FN:96,(anonymous_13)
FN:97,(anonymous_14)
FN:98,(anonymous_15)
FN:99,(anonymous_16)
FN:100,(anonymous_17)
FN:101,(anonymous_18)
FNF:19
FNH:0
FNDA:0,(anonymous_0)
FNDA:0,(anonymous_1)
FNDA:0,(anonymous_2)
FNDA:0,(anonymous_3)
FNDA:0,(anonymous_4)
FNDA:0,(anonymous_5)
FNDA:0,(anonymous_6)
FNDA:0,(anonymous_7)
FNDA:0,(anonymous_8)
FNDA:0,(anonymous_9)
FNDA:0,(anonymous_10)
FNDA:0,(anonymous_11)
FNDA:0,(anonymous_12)
FNDA:0,(anonymous_13)
FNDA:0,(anonymous_14)
FNDA:0,(anonymous_15)
FNDA:0,(anonymous_16)
FNDA:0,(anonymous_17)
FNDA:0,(anonymous_18)
DA:10,0
DA:11,0
DA:12,0
DA:13,0
DA:14,0
DA:16,0
DA:20,0
DA:21,0
DA:22,0
DA:23,0
DA:24,0
DA:27,0
DA:28,0
DA:29,0
DA:30,0
DA:32,0
DA:33,0
DA:37,0
DA:38,0
DA:40,0
DA:41,0
DA:42,0
DA:44,0
DA:45,0
DA:46,0
DA:47,0
DA:48,0
DA:52,0
DA:53,0
DA:70,0
DA:74,0
DA:78,0
DA:89,2
DA:96,2
DA:97,0
DA:98,0
DA:99,0
DA:100,0
DA:101,0
LF:39
LH:2
BRDA:13,0,0,0
BRDA:13,0,1,0
BRDA:23,1,0,0
BRDA:23,1,1,0
BRDA:24,2,0,0
BRDA:24,2,1,0
BRDA:45,3,0,0
BRDA:45,3,1,0
BRDA:62,4,0,0
BRDA:62,4,1,0
BRDA:69,5,0,0
BRDA:69,5,1,0
BRF:12
BRH:0
end_of_record
TN:
SF:/Users/Krog/Desktop/Local-Projects/_Module-Four-Projects/_barstock/barstock_ui/src/containers/Business/CategoryItem/CategoryItem.style.js
FNF:0
FNH:0
DA:3,2
DA:4,2
LF:2
LH:2
BRF:0
BRH:0
end_of_record
TN:
SF:/Users/Krog/Desktop/Local-Projects/_Module-Four-Projects/_barstock/barstock_ui/src/containers/Business/CurrentOrder/CurrentOrder.js
FN:14,(anonymous_0)
FN:18,(anonymous_1)
FN:33,(anonymous_2)
FN:35,(anonymous_3)
FN:36,(anonymous_4)
FN:37,(anonymous_5)
FN:48,(anonymous_6)
FN:50,(anonymous_7)
FN:59,(anonymous_8)
FN:61,(anonymous_9)
FN:70,(anonymous_10)
FN:82,(anonymous_11)
FN:86,(anonymous_12)
FN:88,(anonymous_13)
FN:93,(anonymous_14)
FN:108,(anonymous_15)
FN:110,(anonymous_16)
FN:122,(anonymous_17)
FN:127,(anonymous_18)
FN:171,(anonymous_19)
FN:182,(anonymous_20)
FN:190,(anonymous_21)
FN:191,(anonymous_22)
FN:192,(anonymous_23)
FN:193,(anonymous_24)
FNF:25
FNH:0
FNDA:0,(anonymous_0)
FNDA:0,(anonymous_1)
FNDA:0,(anonymous_2)
FNDA:0,(anonymous_3)
FNDA:0,(anonymous_4)
FNDA:0,(anonymous_5)
FNDA:0,(anonymous_6)
FNDA:0,(anonymous_7)
FNDA:0,(anonymous_8)
FNDA:0,(anonymous_9)
FNDA:0,(anonymous_10)
FNDA:0,(anonymous_11)
FNDA:0,(anonymous_12)
FNDA:0,(anonymous_13)
FNDA:0,(anonymous_14)
FNDA:0,(anonymous_15)
FNDA:0,(anonymous_16)
FNDA:0,(anonymous_17)
FNDA:0,(anonymous_18)
FNDA:0,(anonymous_19)
FNDA:0,(anonymous_20)
FNDA:0,(anonymous_21)
FNDA:0,(anonymous_22)
FNDA:0,(anonymous_23)
FNDA:0,(anonymous_24)
DA:14,0
DA:15,0
DA:18,0
DA:20,0
DA:22,0
DA:23,0
DA:25,0
DA:26,0
DA:28,0
DA:30,0
DA:33,0
DA:34,0
DA:35,0
DA:36,0
DA:37,0
DA:38,0
DA:39,0
DA:40,0
DA:41,0
DA:42,0
DA:45,0
DA:48,0
DA:49,0
DA:50,0
DA:51,0
DA:52,0
DA:53,0
DA:54,0
DA:55,0
DA:56,0
DA:59,0
DA:60,0
DA:61,0
DA:62,0
DA:63,0
DA:64,0
DA:65,0
DA:66,0
DA:67,0
DA:70,0
DA:72,0
DA:73,0
DA:74,0
DA:75,0
DA:77,0
DA:79,0
DA:82,0
DA:83,0
DA:86,0
DA:87,0
DA:88,0
DA:89,0
DA:90,0
DA:97,0
DA:98,0
DA:99,0
DA:101,0
DA:102,0
DA:105,0
DA:106,0
DA:108,0
DA:110,0
DA:111,0
DA:114,0
DA:115,0
DA:116,0
DA:117,0
DA:118,0
DA:122,0
DA:127,0
DA:130,0
DA:142,0
DA:171,0
DA:182,1
DA:190,1
DA:191,0
DA:192,0
DA:193,0
LF:78
LH:2
BRDA:20,0,0,0
BRDA:20,0,1,0
BRDA:20,0,2,0
BRDA:22,1,0,0
BRDA:22,1,1,0
BRDA:25,2,0,0
BRDA:25,2,1,0
BRDA:72,3,0,0
BRDA:72,3,1,0
BRDA:74,4,0,0
BRDA:74,4,1,0
BRDA:97,5,0,0
BRDA:97,5,1,0
BRDA:158,6,0,0
BRDA:158,6,1,0
BRF:15
BRH:0
end_of_record
TN:
SF:/Users/Krog/Desktop/Local-Projects/_Module-Four-Projects/_barstock/barstock_ui/src/containers/Business/CurrentOrder/CurrentOrder.style.js
FNF:0
FNH:0
DA:3,1
DA:4,1
LF:2
LH:2
BRF:0
BRH:0
end_of_record
TN:
SF:/Users/Krog/Desktop/Local-Projects/_Module-Four-Projects/_barstock/barstock_ui/src/containers/Business/DistributorInventory/DistributorInventory.js
FN:11,(anonymous_0)
FN:18,(anonymous_1)
FN:23,(anonymous_2)
FN:30,(anonymous_3)
FN:37,(anonymous_4)
FN:41,(anonymous_5)
FN:45,(anonymous_6)
FN:54,(anonymous_7)
FN:83,(anonymous_8)
FN:88,(anonymous_9)
FN:89,(anonymous_10)
FN:90,(anonymous_11)
FNF:12
FNH:2
FNDA:1,(anonymous_0)
FNDA:0,(anonymous_1)
FNDA:1,(anonymous_2)
FNDA:0,(anonymous_3)
FNDA:0,(anonymous_4)
FNDA:0,(anonymous_5)
FNDA:0,(anonymous_6)
FNDA:0,(anonymous_7)
FNDA:0,(anonymous_8)
FNDA:0,(anonymous_9)
FNDA:0,(anonymous_10)
FNDA:0,(anonymous_11)
DA:12,1
DA:13,1
DA:18,1
DA:19,0
DA:20,0
DA:27,1
DA:28,0
DA:30,0
DA:31,0
DA:32,0
DA:34,0
DA:37,0
DA:38,0
DA:41,0
DA:42,0
DA:45,0
DA:46,0
DA:47,0
DA:48,0
DA:50,0
DA:51,0
DA:54,0
DA:55,0
DA:64,1
DA:83,2
DA:88,2
DA:89,0
DA:90,0
LF:28
LH:7
BRDA:27,0,0,0
BRDA:27,0,1,1
BRDA:31,1,0,0
BRDA:31,1,1,0
BRDA:47,2,0,0
BRDA:47,2,1,0
BRF:6
BRH:1
end_of_record
TN:
SF:/Users/Krog/Desktop/Local-Projects/_Module-Four-Projects/_barstock/barstock_ui/src/containers/Business/DistributorInventory/DistributorInventory.style.js
FNF:0
FNH:0
DA:3,2
DA:4,2
LF:2
LH:2
BRF:0
BRH:0
end_of_record
TN:
SF:/Users/Krog/Desktop/Local-Projects/_Module-Four-Projects/_barstock/barstock_ui/src/containers/Business/DistributorInventory/__snapshots__/DistributorInventory.test.js.snap
FNF:0
FNH:0
DA:3,0
LF:1
LH:0
BRF:0
BRH:0
end_of_record
TN:
SF:/Users/Krog/Desktop/Local-Projects/_Module-Four-Projects/_barstock/barstock_ui/src/containers/Business/LiquorCategory/LiquorCategory.js
FN:9,(anonymous_0)
FN:15,(anonymous_1)
FN:20,(anonymous_2)
FN:25,(anonymous_3)
FN:26,(anonymous_4)
FN:28,(anonymous_5)
FN:65,(anonymous_6)
FN:69,(anonymous_7)
FN:70,(anonymous_8)
FN:71,(anonymous_9)
FNF:10
FNH:2
FNDA:1,(anonymous_0)
FNDA:0,(anonymous_1)
FNDA:0,(anonymous_2)
FNDA:1,(anonymous_3)
FNDA:0,(anonymous_4)
FNDA:0,(anonymous_5)
FNDA:0,(anonymous_6)
FNDA:0,(anonymous_7)
FNDA:0,(anonymous_8)
FNDA:0,(anonymous_9)
DA:10,1
DA:11,1
DA:15,1
DA:16,0
DA:17,0
DA:20,1
DA:21,0
DA:22,0
DA:26,1
DA:27,0
DA:28,0
DA:39,0
DA:40,0
DA:41,0
DA:43,0
DA:44,0
DA:47,0
DA:65,3
DA:69,3
DA:70,0
DA:71,0
LF:21
LH:7
BRDA:39,0,0,0
BRDA:39,0,1,0
BRDA:56,1,0,0
BRDA:56,1,1,0
BRF:4
BRH:0
end_of_record
TN:
SF:/Users/Krog/Desktop/Local-Projects/_Module-Four-Projects/_barstock/barstock_ui/src/containers/Business/LiquorCategory/LiquorCategory.style.js
FNF:0
FNH:0
LF:0
LH:0
BRF:0
BRH:0
end_of_record
TN:
SF:/Users/Krog/Desktop/Local-Projects/_Module-Four-Projects/_barstock/barstock_ui/src/containers/Business/LiquorCategory/__snapshots__/LiquorCategory.test.js.snap
FNF:0
FNH:0
DA:3,0
LF:1
LH:0
BRF:0
BRH:0
end_of_record
TN:
SF:/Users/Krog/Desktop/Local-Projects/_Module-Four-Projects/_barstock/barstock_ui/src/containers/Business/OrderContainer/OrderContianer.js
FN:11,(anonymous_0)
FN:18,(anonymous_1)
FN:36,(anonymous_2)
FN:42,(anonymous_3)
FN:43,(anonymous_4)
FN:44,(anonymous_5)
FNF:6
FNH:0
FNDA:0,(anonymous_0)
FNDA:0,(anonymous_1)
FNDA:0,(anonymous_2)
FNDA:0,(anonymous_3)
FNDA:0,(anonymous_4)
FNDA:0,(anonymous_5)
DA:12,0
DA:13,0
DA:19,0
DA:28,1
DA:36,1
DA:42,1
DA:43,0
DA:44,0
LF:8
LH:3
BRF:0
BRH:0
end_of_record
TN:
SF:/Users/Krog/Desktop/Local-Projects/_Module-Four-Projects/_barstock/barstock_ui/src/containers/Business/OrderContainer/__snapshots__/OrderContainer.test.js.snap
FNF:0
FNH:0
DA:3,0
LF:1
LH:0
BRF:0
BRH:0
end_of_record
TN:
SF:/Users/Krog/Desktop/Local-Projects/_Module-Four-Projects/_barstock/barstock_ui/src/containers/Business/PastOrderCard/PastOrderCard.js
FN:8,(anonymous_0)
FN:15,(anonymous_1)
FN:22,(anonymous_2)
FN:29,(anonymous_3)
FN:30,(anonymous_4)
FN:31,(anonymous_5)
FN:75,(anonymous_6)
FN:76,(anonymous_7)
FN:77,(anonymous_8)
FN:80,(anonymous_9)
FNF:10
FNH:2
FNDA:1,(anonymous_0)
FNDA:0,(anonymous_1)
FNDA:0,(anonymous_2)
FNDA:1,(anonymous_3)
FNDA:0,(anonymous_4)
FNDA:0,(anonymous_5)
FNDA:0,(anonymous_6)
FNDA:0,(anonymous_7)
FNDA:0,(anonymous_8)
FNDA:0,(anonymous_9)
DA:9,1
DA:10,1
DA:15,1
DA:16,0
DA:17,0
DA:22,1
DA:23,0
DA:24,0
DA:25,0
DA:26,0
DA:30,1
DA:31,0
DA:32,0
DA:34,0
DA:48,0
DA:50,0
DA:75,2
DA:76,0
DA:77,0
DA:80,2
LF:20
LH:7
BRDA:55,0,0,0
BRDA:55,0,1,0
BRF:2
BRH:0
end_of_record
TN:
SF:/Users/Krog/Desktop/Local-Projects/_Module-Four-Projects/_barstock/barstock_ui/src/containers/Business/PastOrderCard/PastOrderCard.style.js
FNF:0
FNH:0
LF:0
LH:0
BRF:0
BRH:0
end_of_record
TN:
SF:/Users/Krog/Desktop/Local-Projects/_Module-Four-Projects/_barstock/barstock_ui/src/containers/Business/PastOrderCard/__snapshots__/PastOrderCard.test.js.snap
FNF:0
FNH:0
DA:3,0
LF:1
LH:0
BRF:0
BRH:0
end_of_record
TN:
SF:/Users/Krog/Desktop/Local-Projects/_Module-Four-Projects/_barstock/barstock_ui/src/containers/Business/PastOrders/PastOrders.js
FN:9,(anonymous_0)
FN:10,(anonymous_1)
FN:33,(anonymous_2)
FNF:3
FNH:1
FNDA:1,(anonymous_0)
FNDA:0,(anonymous_1)
FNDA:0,(anonymous_2)
DA:10,1
DA:11,0
DA:15,0
DA:33,1
LF:4
LH:2
BRF:0
BRH:0
end_of_record
TN:
SF:/Users/Krog/Desktop/Local-Projects/_Module-Four-Projects/_barstock/barstock_ui/src/containers/Business/PastOrders/PastOrders.style.js
FNF:0
FNH:0
DA:3,1
DA:4,1
LF:2
LH:2
BRF:0
BRH:0
end_of_record
TN:
SF:/Users/Krog/Desktop/Local-Projects/_Module-Four-Projects/_barstock/barstock_ui/src/containers/Business/PastOrders/__snapshots__/PastOrders.test.js.snap
FNF:0
FNH:0
DA:3,0
LF:1
LH:0
BRF:0
BRH:0
end_of_record
TN:
SF:/Users/Krog/Desktop/Local-Projects/_Module-Four-Projects/_barstock/barstock_ui/src/containers/Business/SideMenu/SideMenu.js
FN:13,(anonymous_0)
FN:13,(anonymous_1)
FN:23,(anonymous_2)
FN:31,(anonymous_3)
FN:41,(anonymous_4)
FN:75,(anonymous_5)
FN:78,(anonymous_6)
FN:92,(anonymous_7)
FN:93,(anonymous_8)
FNF:9
FNH:2
FNDA:5,(anonymous_0)
FNDA:0,(anonymous_1)
FNDA:0,(anonymous_2)
FNDA:0,(anonymous_3)
FNDA:1,(anonymous_4)
FNDA:0,(anonymous_5)
FNDA:0,(anonymous_6)
FNDA:0,(anonymous_7)
FNDA:0,(anonymous_8)
DA:13,5
DA:14,0
DA:17,0
DA:18,0
DA:19,0
DA:20,0
DA:23,1
DA:24,0
DA:28,0
DA:31,1
DA:32,0
DA:33,0
DA:42,1
DA:75,0
DA:78,0
DA:88,1
DA:92,1
DA:93,0
LF:18
LH:6
BRF:0
BRH:0
end_of_record
TN:
SF:/Users/Krog/Desktop/Local-Projects/_Module-Four-Projects/_barstock/barstock_ui/src/containers/Business/SideMenu/SideMenu.style.js
FNF:0
FNH:0
LF:0
LH:0
BRF:0
BRH:0
end_of_record
TN:
SF:/Users/Krog/Desktop/Local-Projects/_Module-Four-Projects/_barstock/barstock_ui/src/containers/Business/SideMenu/__snapshots__/SideMenu.test.js.snap
FNF:0
FNH:0
DA:3,0
LF:1
LH:0
BRF:0
BRH:0
end_of_record
TN:
SF:/Users/Krog/Desktop/Local-Projects/_Module-Four-Projects/_barstock/barstock_ui/src/containers/Business/SubmitOrder/SubmitOrder.js
FN:13,(anonymous_0)
FN:17,(anonymous_1)
FN:18,(anonymous_2)
FN:19,(anonymous_3)
FN:51,(anonymous_4)
FN:57,(anonymous_5)
FN:58,(anonymous_6)
FN:95,(anonymous_7)
FN:107,(anonymous_8)
FN:113,(anonymous_9)
FN:114,(anonymous_10)
FN:115,(anonymous_11)
FN:116,(anonymous_12)
FN:117,(anonymous_13)
FNF:14
FNH:1
FNDA:0,(anonymous_0)
FNDA:0,(anonymous_1)
FNDA:0,(anonymous_2)
FNDA:0,(anonymous_3)
FNDA:1,(anonymous_4)
FNDA:0,(anonymous_5)
FNDA:0,(anonymous_6)
FNDA:0,(anonymous_7)
FNDA:0,(anonymous_8)
FNDA:0,(anonymous_9)
FNDA:0,(anonymous_10)
FNDA:0,(anonymous_11)
FNDA:0,(anonymous_12)
FNDA:0,(anonymous_13)
DA:13,1
DA:14,0
DA:17,1
DA:18,0
DA:19,0
DA:20,0
DA:22,0
DA:24,0
DA:25,0
DA:30,0
DA:32,0
DA:33,0
DA:34,0
DA:35,0
DA:36,0
DA:44,0
DA:45,0
DA:47,0
DA:52,1
DA:55,1
DA:57,0
DA:58,0
DA:59,0
DA:67,0
DA:95,0
DA:107,1
DA:113,1
DA:114,0
DA:115,0
DA:116,0
DA:117,0
LF:31
LH:6
BRF:0
BRH:0
end_of_record
TN:
SF:/Users/Krog/Desktop/Local-Projects/_Module-Four-Projects/_barstock/barstock_ui/src/containers/Business/SubmitOrder/SubmitOrder.style.js
FNF:0
FNH:0
DA:3,1
DA:4,1
LF:2
LH:2
BRF:0
BRH:0
end_of_record
TN:
SF:/Users/Krog/Desktop/Local-Projects/_Module-Four-Projects/_barstock/barstock_ui/src/containers/Business/SubmitOrder/__snapshots__/SubmitOrder.test.js.snap
FNF:0
FNH:0
DA:3,0
LF:1
LH:0
BRF:0
BRH:0
end_of_record
TN:
SF:/Users/Krog/Desktop/Local-Projects/_Module-Four-Projects/_barstock/barstock_ui/src/containers/Business/ThankYou/ThankYou.js
FN:7,(anonymous_0)
FN:11,(anonymous_1)
FNF:2
FNH:0
FNDA:0,(anonymous_0)
FNDA:0,(anonymous_1)
DA:7,0
DA:8,0
DA:12,0
DA:27,0
DA:28,0
DA:30,0
LF:6
LH:0
BRF:0
BRH:0
end_of_record
TN:
SF:/Users/Krog/Desktop/Local-Projects/_Module-Four-Projects/_barstock/barstock_ui/src/containers/Distributor/AlcoholCategory/AlcoholCategory.js
FN:16,(anonymous_0)
FN:25,(anonymous_1)
FN:26,(anonymous_2)
FN:47,(anonymous_3)
FN:52,(anonymous_4)
FN:53,(anonymous_5)
FN:54,(anonymous_6)
FN:55,(anonymous_7)
FNF:8
FNH:0
FNDA:0,(anonymous_0)
FNDA:0,(anonymous_1)
FNDA:0,(anonymous_2)
FNDA:0,(anonymous_3)
FNDA:0,(anonymous_4)
FNDA:0,(anonymous_5)
FNDA:0,(anonymous_6)
FNDA:0,(anonymous_7)
DA:16,0
DA:17,0
DA:18,0
DA:19,0
DA:21,0
DA:26,0
DA:27,0
DA:32,0
DA:47,0
DA:52,0
DA:53,0
DA:54,0
DA:55,0
LF:13
LH:0
BRDA:18,0,0,0
BRDA:18,0,1,0
BRDA:38,1,0,0
BRDA:38,1,1,0
BRF:4
BRH:0
end_of_record
TN:
SF:/Users/Krog/Desktop/Local-Projects/_Module-Four-Projects/_barstock/barstock_ui/src/containers/Distributor/AlcoholCategory/AlcoholCategory.style.js
FNF:0
FNH:0
LF:0
LH:0
BRF:0
BRH:0
end_of_record
TN:
SF:/Users/Krog/Desktop/Local-Projects/_Module-Four-Projects/_barstock/barstock_ui/src/containers/Distributor/AlcoholModal/AlcoholModal.js
FN:9,(anonymous_0)
FN:19,(anonymous_1)
FN:31,(anonymous_2)
FN:57,(anonymous_3)
FN:61,(anonymous_4)
FN:85,(anonymous_5)
FN:94,(anonymous_6)
FN:103,(anonymous_7)
FN:124,(anonymous_8)
FN:130,(anonymous_9)
FN:131,(anonymous_10)
FN:132,(anonymous_11)
FNF:12
FNH:0
FNDA:0,(anonymous_0)
FNDA:0,(anonymous_1)
FNDA:0,(anonymous_2)
FNDA:0,(anonymous_3)
FNDA:0,(anonymous_4)
FNDA:0,(anonymous_5)
FNDA:0,(anonymous_6)
FNDA:0,(anonymous_7)
FNDA:0,(anonymous_8)
FNDA:0,(anonymous_9)
FNDA:0,(anonymous_10)
FNDA:0,(anonymous_11)
DA:10,0
DA:11,0
DA:20,0
DA:21,0
DA:22,0
DA:31,0
DA:32,0
DA:33,0
DA:34,0
DA:35,0
DA:42,0
DA:44,0
DA:45,0
DA:46,0
DA:47,0
DA:49,0
DA:52,0
DA:58,0
DA:59,0
DA:61,0
DA:62,0
DA:65,0
DA:85,0
DA:94,0
DA:103,0
DA:124,0
DA:130,0
DA:131,0
DA:132,0
LF:29
LH:0
BRDA:21,0,0,0
BRDA:21,0,1,0
BRF:2
BRH:0
end_of_record
TN:
SF:/Users/Krog/Desktop/Local-Projects/_Module-Four-Projects/_barstock/barstock_ui/src/containers/Distributor/AlcoholModal/AlcoholModal.style.js
FNF:0
FNH:0
DA:3,0
DA:4,0
LF:2
LH:0
BRF:0
BRH:0
end_of_record
TN:
SF:/Users/Krog/Desktop/Local-Projects/_Module-Four-Projects/_barstock/barstock_ui/src/containers/Distributor/CategoryItem/CategoryItem.js
FN:11,(anonymous_0)
FN:13,(anonymous_1)
FN:19,(anonymous_2)
FN:37,(anonymous_3)
FN:48,(anonymous_4)
FN:53,(anonymous_5)
FN:54,(anonymous_6)
FN:55,(anonymous_7)
FNF:8
FNH:0
FNDA:0,(anonymous_0)
FNDA:0,(anonymous_1)
FNDA:0,(anonymous_2)
FNDA:0,(anonymous_3)
FNDA:0,(anonymous_4)
FNDA:0,(anonymous_5)
FNDA:0,(anonymous_6)
FNDA:0,(anonymous_7)
DA:11,0
DA:12,0
DA:13,0
DA:14,0
DA:15,0
DA:16,0
DA:20,0
DA:21,0
DA:23,0
DA:37,0
DA:48,0
DA:53,0
DA:54,0
DA:55,0
LF:14
LH:0
BRDA:42,0,0,0
BRDA:42,0,1,0
BRF:2
BRH:0
end_of_record
TN:
SF:/Users/Krog/Desktop/Local-Projects/_Module-Four-Projects/_barstock/barstock_ui/src/containers/Distributor/CategoryItem/CategoryItem.style.js
FNF:0
FNH:0
DA:3,0
DA:4,0
LF:2
LH:0
BRF:0
BRH:0
end_of_record
TN:
SF:/Users/Krog/Desktop/Local-Projects/_Module-Four-Projects/_barstock/barstock_ui/src/containers/Distributor/DistSideMenu/DistSideMenu.js
FN:9,(anonymous_0)
FN:9,(anonymous_1)
FN:19,(anonymous_2)
FNF:3
FNH:0
FNDA:0,(anonymous_0)
FNDA:0,(anonymous_1)
FNDA:0,(anonymous_2)
DA:9,0
DA:10,0
DA:13,0
DA:14,0
DA:16,0
DA:20,0
DA:36,0
LF:7
LH:0
BRF:0
BRH:0
end_of_record
TN:
SF:/Users/Krog/Desktop/Local-Projects/_Module-Four-Projects/_barstock/barstock_ui/src/containers/Distributor/DistSideMenu/DistSideMenu.style.js
FNF:0
FNH:0
LF:0
LH:0
BRF:0
BRH:0
end_of_record
TN:
SF:/Users/Krog/Desktop/Local-Projects/_Module-Four-Projects/_barstock/barstock_ui/src/containers/Distributor/DistributorInventory/DistributorInventory.js
FN:11,(anonymous_0)
FN:18,(anonymous_1)
FN:23,(anonymous_2)
FN:30,(anonymous_3)
FN:37,(anonymous_4)
FN:41,(anonymous_5)
FN:45,(anonymous_6)
FN:54,(anonymous_7)
FN:83,(anonymous_8)
FN:88,(anonymous_9)
FN:89,(anonymous_10)
FN:90,(anonymous_11)
FNF:12
FNH:0
FNDA:0,(anonymous_0)
FNDA:0,(anonymous_1)
FNDA:0,(anonymous_2)
FNDA:0,(anonymous_3)
FNDA:0,(anonymous_4)
FNDA:0,(anonymous_5)
FNDA:0,(anonymous_6)
FNDA:0,(anonymous_7)
FNDA:0,(anonymous_8)
FNDA:0,(anonymous_9)
FNDA:0,(anonymous_10)
FNDA:0,(anonymous_11)
DA:12,0
DA:13,0
DA:18,0
DA:19,0
DA:20,0
DA:27,0
DA:28,0
DA:30,0
DA:31,0
DA:32,0
DA:34,0
DA:37,0
DA:38,0
DA:41,0
DA:42,0
DA:45,0
DA:46,0
DA:47,0
DA:48,0
DA:50,0
DA:51,0
DA:54,0
DA:55,0
DA:64,0
DA:83,0
DA:88,0
DA:89,0
DA:90,0
LF:28
LH:0
BRDA:27,0,0,0
BRDA:27,0,1,0
BRDA:31,1,0,0
BRDA:31,1,1,0
BRDA:47,2,0,0
BRDA:47,2,1,0
BRF:6
BRH:0
end_of_record
TN:
SF:/Users/Krog/Desktop/Local-Projects/_Module-Four-Projects/_barstock/barstock_ui/src/containers/Distributor/DistributorInventory/DistributorInventory.style.js
FNF:0
FNH:0
DA:3,0
DA:4,0
LF:2
LH:0
BRF:0
BRH:0
end_of_record
TN:
SF:/Users/Krog/Desktop/Local-Projects/_Module-Four-Projects/_barstock/barstock_ui/src/containers/Distributor/Inventory/Inventory.js
FN:9,(anonymous_0)
FN:16,(anonymous_1)
FN:21,(anonymous_2)
FN:33,(anonymous_3)
FN:45,(anonymous_4)
FN:50,(anonymous_5)
FN:51,(anonymous_6)
FN:52,(anonymous_7)
FN:53,(anonymous_8)
FNF:9
FNH:0
FNDA:0,(anonymous_0)
FNDA:0,(anonymous_1)
FNDA:0,(anonymous_2)
FNDA:0,(anonymous_3)
FNDA:0,(anonymous_4)
FNDA:0,(anonymous_5)
FNDA:0,(anonymous_6)
FNDA:0,(anonymous_7)
FNDA:0,(anonymous_8)
DA:10,0
DA:11,0
DA:17,0
DA:18,0
DA:21,0
DA:22,0
DA:23,0
DA:24,0
DA:25,0
DA:26,0
DA:27,0
DA:29,0
DA:35,0
DA:45,0
DA:50,0
DA:51,0
DA:52,0
DA:53,0
LF:18
LH:0
BRF:0
BRH:0
end_of_record
TN:
SF:/Users/Krog/Desktop/Local-Projects/_Module-Four-Projects/_barstock/barstock_ui/src/containers/Distributor/Inventory/Inventory.style.js
FNF:0
FNH:0
DA:3,0
DA:4,0
LF:2
LH:0
BRF:0
BRH:0
end_of_record
TN:
SF:/Users/Krog/Desktop/Local-Projects/_Module-Four-Projects/_barstock/barstock_ui/src/containers/Distributor/LiquorCategory/LiquorCategory.js
FN:9,(anonymous_0)
FN:15,(anonymous_1)
FN:20,(anonymous_2)
FN:25,(anonymous_3)
FN:26,(anonymous_4)
FN:28,(anonymous_5)
FN:60,(anonymous_6)
FN:64,(anonymous_7)
FN:65,(anonymous_8)
FN:66,(anonymous_9)
FNF:10
FNH:0
FNDA:0,(anonymous_0)
FNDA:0,(anonymous_1)
FNDA:0,(anonymous_2)
FNDA:0,(anonymous_3)
FNDA:0,(anonymous_4)
FNDA:0,(anonymous_5)
FNDA:0,(anonymous_6)
FNDA:0,(anonymous_7)
FNDA:0,(anonymous_8)
FNDA:0,(anonymous_9)
DA:10,0
DA:11,0
DA:15,0
DA:16,0
DA:17,0
DA:20,0
DA:21,0
DA:22,0
DA:26,0
DA:27,0
DA:28,0
DA:37,0
DA:38,0
DA:40,0
DA:43,0
DA:60,0
DA:64,0
DA:65,0
DA:66,0
LF:19
LH:0
BRDA:37,0,0,0
BRDA:37,0,1,0
BRDA:51,1,0,0
BRDA:51,1,1,0
BRF:4
BRH:0
end_of_record
TN:
SF:/Users/Krog/Desktop/Local-Projects/_Module-Four-Projects/_barstock/barstock_ui/src/containers/Distributor/LiquorCategory/LiquorCategory.style.js
FNF:0
FNH:0
LF:0
LH:0
BRF:0
BRH:0
end_of_record
TN:
SF:/Users/Krog/Desktop/Local-Projects/_Module-Four-Projects/_barstock/barstock_ui/src/containers/HomeScreen/HomeScreen.js
FN:15,(anonymous_0)
FN:23,(anonymous_1)
FN:62,(anonymous_2)
FN:67,(anonymous_3)
FN:68,(anonymous_4)
FN:69,(anonymous_5)
FN:70,(anonymous_6)
FN:71,(anonymous_7)
FN:72,(anonymous_8)
FNF:9
FNH:0
FNDA:0,(anonymous_0)
FNDA:0,(anonymous_1)
FNDA:0,(anonymous_2)
FNDA:0,(anonymous_3)
FNDA:0,(anonymous_4)
FNDA:0,(anonymous_5)
FNDA:0,(anonymous_6)
FNDA:0,(anonymous_7)
FNDA:0,(anonymous_8)
DA:16,0
DA:17,0
DA:18,0
DA:19,0
DA:20,0
DA:24,0
DA:25,0
DA:27,0
DA:40,0
DA:41,0
DA:43,0
DA:62,0
DA:67,0
DA:68,0
DA:69,0
DA:70,0
DA:71,0
DA:72,0
LF:18
LH:0
BRDA:24,0,0,0
BRDA:24,0,1,0
BRDA:31,1,0,0
BRDA:31,1,1,0
BRF:4
BRH:0
end_of_record
TN:
SF:/Users/Krog/Desktop/Local-Projects/_Module-Four-Projects/_barstock/barstock_ui/src/containers/LoginScreen/LoginScreen.js
FN:8,(anonymous_0)
FN:16,(anonymous_1)
FN:30,(anonymous_2)
FN:41,(anonymous_3)
FN:45,(anonymous_4)
FN:55,(anonymous_5)
FN:64,(anonymous_6)
FNF:7
FNH:0
FNDA:0,(anonymous_0)
FNDA:0,(anonymous_1)
FNDA:0,(anonymous_2)
FNDA:0,(anonymous_3)
FNDA:0,(anonymous_4)
FNDA:0,(anonymous_5)
FNDA:0,(anonymous_6)
DA:9,0
DA:10,0
DA:16,0
DA:17,0
DA:18,0
DA:19,0
DA:20,0
DA:21,0
DA:22,0
DA:23,0
DA:24,0
DA:26,0
DA:30,0
DA:31,0
DA:32,0
DA:33,0
DA:34,0
DA:35,0
DA:36,0
DA:37,0
DA:42,0
DA:46,0
DA:55,0
DA:64,0
LF:24
LH:0
BRDA:34,0,0,0
BRDA:34,0,1,0
BRDA:36,1,0,0
BRDA:36,1,1,0
BRF:4
BRH:0
end_of_record
TN:
SF:/Users/Krog/Desktop/Local-Projects/_Module-Four-Projects/_barstock/barstock_ui/src/containers/LoginScreen/LoginScreen.style.js
FNF:0
FNH:0
DA:3,0
DA:4,0
LF:2
LH:0
BRF:0
BRH:0
end_of_record
TN:
SF:/Users/Krog/Desktop/Local-Projects/_Module-Four-Projects/_barstock/barstock_ui/src/containers/LoginScreen/SetUpScreen.js
FN:8,(anonymous_0)
FN:21,(anonymous_1)
FN:25,(anonymous_2)
FN:50,(anonymous_3)
FN:60,(anonymous_4)
FN:67,(anonymous_5)
FN:74,(anonymous_6)
FN:81,(anonymous_7)
FN:90,(anonymous_8)
FN:97,(anonymous_9)
FN:104,(anonymous_10)
FNF:11
FNH:0
FNDA:0,(anonymous_0)
FNDA:0,(anonymous_1)
FNDA:0,(anonymous_2)
FNDA:0,(anonymous_3)
FNDA:0,(anonymous_4)
FNDA:0,(anonymous_5)
FNDA:0,(anonymous_6)
FNDA:0,(anonymous_7)
FNDA:0,(anonymous_8)
FNDA:0,(anonymous_9)
FNDA:0,(anonymous_10)
DA:9,0
DA:10,0
DA:21,0
DA:22,0
DA:25,0
DA:26,0
DA:27,0
DA:28,0
DA:38,0
DA:39,0
DA:40,0
DA:41,0
DA:42,0
DA:43,0
DA:45,0
DA:47,0
DA:51,0
DA:60,0
DA:67,0
DA:74,0
DA:81,0
DA:90,0
DA:97,0
DA:104,0
LF:24
LH:0
BRF:0
BRH:0
end_of_record
TN:
SF:/Users/Krog/Desktop/Local-Projects/_Module-Four-Projects/_barstock/barstock_ui/src/redux/actions/index.js
FN:1,(anonymous_0)
FN:6,(anonymous_1)
FN:11,(anonymous_2)
FN:16,(anonymous_3)
FN:21,(anonymous_4)
FN:26,(anonymous_5)
FN:31,(anonymous_6)
FN:36,(anonymous_7)
FN:41,(anonymous_8)
FN:46,(anonymous_9)
FN:52,(anonymous_10)
FN:57,(anonymous_11)
FN:62,(anonymous_12)
FN:67,(anonymous_13)
FN:72,(anonymous_14)
FN:77,(anonymous_15)
FN:82,(anonymous_16)
FN:87,(anonymous_17)
FN:92,(anonymous_18)
FNF:19
FNH:0
FNDA:0,(anonymous_0)
FNDA:0,(anonymous_1)
FNDA:0,(anonymous_2)
FNDA:0,(anonymous_3)
FNDA:0,(anonymous_4)
FNDA:0,(anonymous_5)
FNDA:0,(anonymous_6)
FNDA:0,(anonymous_7)
FNDA:0,(anonymous_8)
FNDA:0,(anonymous_9)
FNDA:0,(anonymous_10)
FNDA:0,(anonymous_11)
FNDA:0,(anonymous_12)
FNDA:0,(anonymous_13)
FNDA:0,(anonymous_14)
FNDA:0,(anonymous_15)
FNDA:0,(anonymous_16)
FNDA:0,(anonymous_17)
FNDA:0,(anonymous_18)
DA:1,7
DA:6,7
DA:11,7
DA:16,7
DA:21,7
DA:26,7
DA:31,7
DA:36,7
DA:41,7
DA:46,7
DA:52,7
DA:57,7
DA:62,7
DA:67,7
DA:72,7
DA:77,7
DA:82,7
DA:87,7
DA:92,7
LF:19
LH:19
BRF:0
BRH:0
end_of_record
TN:
SF:/Users/Krog/Desktop/Local-Projects/_Module-Four-Projects/_barstock/barstock_ui/src/redux/reducers/alcoholInfoReducer.js
FN:1,(anonymous_0)
FNF:1
FNH:0
FNDA:0,(anonymous_0)
DA:1,0
DA:2,0
DA:4,0
DA:6,0
LF:4
LH:0
BRDA:1,0,0,0
BRDA:2,1,0,0
BRDA:2,1,1,0
BRF:3
BRH:0
end_of_record
TN:
SF:/Users/Krog/Desktop/Local-Projects/_Module-Four-Projects/_barstock/barstock_ui/src/redux/reducers/alcoholReducer.js
FN:1,(anonymous_0)
FNF:1
FNH:0
FNDA:0,(anonymous_0)
DA:1,0
DA:2,0
DA:4,0
DA:6,0
LF:4
LH:0
BRDA:1,0,0,0
BRDA:2,1,0,0
BRDA:2,1,1,0
BRF:3
BRH:0
end_of_record
TN:
SF:/Users/Krog/Desktop/Local-Projects/_Module-Four-Projects/_barstock/barstock_ui/src/redux/reducers/businessInfoReducer.js
FN:2,(anonymous_0)
FNF:1
FNH:0
FNDA:0,(anonymous_0)
DA:2,0
DA:3,0
DA:5,0
DA:7,0
LF:4
LH:0
BRDA:2,0,0,0
BRDA:3,1,0,0
BRDA:3,1,1,0
BRF:3
BRH:0
end_of_record
TN:
SF:/Users/Krog/Desktop/Local-Projects/_Module-Four-Projects/_barstock/barstock_ui/src/redux/reducers/businessItemsReducer.js
FN:1,(anonymous_0)
FN:11,(anonymous_1)
FNF:2
FNH:0
FNDA:0,(anonymous_0)
FNDA:0,(anonymous_1)
DA:1,0
DA:2,0
DA:4,0
DA:6,0
DA:7,0
DA:8,0
DA:9,0
DA:11,0
DA:12,0
DA:13,0
DA:14,0
DA:15,0
DA:16,0
DA:18,0
DA:21,0
DA:23,0
LF:16
LH:0
BRDA:1,0,0,0
BRDA:2,1,0,0
BRDA:2,1,1,0
BRDA:2,1,2,0
BRDA:2,1,3,0
BRDA:12,2,0,0
BRDA:12,2,1,0
BRF:7
BRH:0
end_of_record
TN:
SF:/Users/Krog/Desktop/Local-Projects/_Module-Four-Projects/_barstock/barstock_ui/src/redux/reducers/cartReducer.js
FN:2,(anonymous_0)
FN:8,(anonymous_1)
FN:22,(anonymous_2)
FNF:3
FNH:0
FNDA:0,(anonymous_0)
FNDA:0,(anonymous_1)
FNDA:0,(anonymous_2)
DA:2,0
DA:3,0
DA:5,0
DA:6,0
DA:8,0
DA:9,0
DA:10,0
DA:11,0
DA:12,0
DA:14,0
DA:16,0
DA:18,0
DA:19,0
DA:20,0
DA:22,0
DA:23,0
DA:25,0
DA:26,0
DA:28,0
DA:30,0
LF:20
LH:0
BRDA:2,0,0,0
BRDA:3,1,0,0
BRDA:3,1,1,0
BRDA:3,1,2,0
BRDA:3,1,3,0
BRDA:3,1,4,0
BRDA:3,1,5,0
BRDA:3,1,6,0
BRDA:9,2,0,0
BRDA:9,2,1,0
BRDA:11,3,0,0
BRDA:11,3,1,0
BRF:12
BRH:0
end_of_record
TN:
SF:/Users/Krog/Desktop/Local-Projects/_Module-Four-Projects/_barstock/barstock_ui/src/redux/reducers/categorySelectedReducer.js
FN:1,(anonymous_0)
FNF:1
FNH:0
FNDA:0,(anonymous_0)
DA:1,0
DA:2,0
DA:4,0
DA:6,0
LF:4
LH:0
BRDA:1,0,0,0
BRDA:2,1,0,0
BRDA:2,1,1,0
BRF:3
BRH:0
end_of_record
TN:
SF:/Users/Krog/Desktop/Local-Projects/_Module-Four-Projects/_barstock/barstock_ui/src/redux/reducers/index.js
FNF:0
FNH:0
DA:14,0
LF:1
LH:0
BRF:0
BRH:0
end_of_record
TN:
SF:/Users/Krog/Desktop/Local-Projects/_Module-Four-Projects/_barstock/barstock_ui/src/redux/reducers/loadingReducer.js
FN:1,(anonymous_0)
FNF:1
FNH:0
FNDA:0,(anonymous_0)
DA:1,0
DA:2,0
DA:4,0
DA:6,0
LF:4
LH:0
BRDA:1,0,0,0
BRDA:2,1,0,0
BRDA:2,1,1,0
BRF:3
BRH:0
end_of_record
TN:
SF:/Users/Krog/Desktop/Local-Projects/_Module-Four-Projects/_barstock/barstock_ui/src/redux/reducers/modalReducer.js
FN:1,(anonymous_0)
FNF:1
FNH:0
FNDA:0,(anonymous_0)
DA:1,0
DA:2,0
DA:4,0
DA:6,0
LF:4
LH:0
BRDA:1,0,0,0
BRDA:2,1,0,0
BRDA:2,1,1,0
BRF:3
BRH:0
end_of_record
TN:
SF:/Users/Krog/Desktop/Local-Projects/_Module-Four-Projects/_barstock/barstock_ui/src/redux/reducers/orderReducer.js
FN:1,(anonymous_0)
FNF:1
FNH:0
FNDA:0,(anonymous_0)
DA:1,0
DA:2,0
DA:4,0
DA:6,0
LF:4
LH:0
BRDA:1,0,0,0
BRDA:2,1,0,0
BRDA:2,1,1,0
BRF:3
BRH:0
end_of_record
TN:
SF:/Users/Krog/Desktop/Local-Projects/_Module-Four-Projects/_barstock/barstock_ui/src/redux/reducers/pastOrderReducer.js
FN:1,(anonymous_0)
FNF:1
FNH:0
FNDA:0,(anonymous_0)
DA:1,0
DA:2,0
DA:4,0
DA:6,0
DA:7,0
DA:8,0
DA:9,0
DA:11,0
LF:8
LH:0
BRDA:1,0,0,0
BRDA:2,1,0,0
BRDA:2,1,1,0
BRDA:2,1,2,0
BRF:4
BRH:0
end_of_record
TN:
SF:/Users/Krog/Desktop/Local-Projects/_Module-Four-Projects/_barstock/barstock_ui/src/redux/reducers/swiperReducer.js
FN:1,(anonymous_0)
FNF:1
FNH:0
FNDA:0,(anonymous_0)
DA:1,0
DA:2,0
DA:4,0
DA:6,0
LF:4
LH:0
BRDA:1,0,0,0
BRDA:2,1,0,0
BRDA:2,1,1,0
BRF:3
BRH:0
end_of_record
TN:
SF:/Users/Krog/Desktop/Local-Projects/_Module-Four-Projects/_barstock/barstock_ui/src/redux/thunks/fetchAllItems.js
FN:7,(anonymous_0)
FN:8,(anonymous_1)
FNF:2
FNH:0
FNDA:0,(anonymous_0)
FNDA:0,(anonymous_1)
DA:7,0
DA:8,0
DA:9,0
DA:10,0
DA:11,0
DA:12,0
DA:13,0
DA:14,0
DA:15,0
DA:17,0
LF:10
LH:0
BRF:0
BRH:0
end_of_record
TN:
SF:/Users/Krog/Desktop/Local-Projects/_Module-Four-Projects/_barstock/barstock_ui/src/redux/thunks/fetchBusinessInfo.js
FN:4,(anonymous_0)
FN:5,(anonymous_1)
FNF:2
FNH:0
FNDA:0,(anonymous_0)
FNDA:0,(anonymous_1)
DA:4,0
DA:5,0
DA:6,0
DA:7,0
DA:8,0
DA:9,0
DA:10,0
DA:12,0
LF:8
LH:0
BRDA:9,0,0,0
BRDA:9,0,1,0
BRF:2
BRH:0
end_of_record
TN:
SF:/Users/Krog/Desktop/Local-Projects/_Module-Four-Projects/_barstock/barstock_ui/src/redux/thunks/fetchBusinessItems.js
FN:4,(anonymous_0)
FN:5,(anonymous_1)
FNF:2
FNH:0
FNDA:0,(anonymous_0)
FNDA:0,(anonymous_1)
DA:4,0
DA:5,0
DA:6,0
DA:7,0
DA:8,0
DA:9,0
DA:11,0
LF:7
LH:0
BRF:0
BRH:0
end_of_record
TN:
SF:/Users/Krog/Desktop/Local-Projects/_Module-Four-Projects/_barstock/barstock_ui/src/redux/thunks/fetchPastOrders.js
FN:4,(anonymous_0)
FN:5,(anonymous_1)
FNF:2
FNH:0
FNDA:0,(anonymous_0)
FNDA:0,(anonymous_1)
DA:4,0
DA:5,0
DA:6,0
DA:7,0
DA:8,0
DA:9,0
DA:11,0
LF:7
LH:0
BRF:0
BRH:0
end_of_record
TN:
SF:/Users/Krog/Desktop/Local-Projects/_Module-Four-Projects/_barstock/barstock_ui/src/utility/apiInfo.js
FNF:0
FNH:0
DA:2,0
LF:1
LH:0
BRF:0
BRH:0
end_of_record
TN:
SF:/Users/Krog/Desktop/Local-Projects/_Module-Four-Projects/_barstock/barstock_ui/src/utility/fetchData.js
FN:1,(anonymous_0)
FNF:1
FNH:0
FNDA:0,(anonymous_0)
DA:1,0
DA:2,0
DA:3,0
DA:4,0
DA:5,0
DA:6,0
DA:8,0
LF:7
LH:0
BRDA:4,0,0,0
BRDA:4,0,1,0
BRF:2
BRH:0
end_of_record
TN:
SF:/Users/Krog/Desktop/Local-Projects/_Module-Four-Projects/_barstock/barstock_ui/src/utility/fetchOptions.js
FN:1,(anonymous_0)
FNF:1
FNH:0
FNDA:0,(anonymous_0)
DA:1,2
LF:1
LH:1
BRF:0
BRH:0
end_of_record
TN:
SF:/Users/Krog/Desktop/Local-Projects/_Module-Four-Projects/_barstock/barstock_ui/src/utility/generateMargin.js
FN:1,(anonymous_0)
FN:12,(anonymous_1)
FN:24,(anonymous_2)
FNF:3
FNH:0
FNDA:0,(anonymous_0)
FNDA:0,(anonymous_1)
FNDA:0,(anonymous_2)
DA:1,1
DA:3,0
DA:4,0
DA:5,0
DA:6,0
DA:7,0
DA:8,0
DA:9,0
DA:12,1
DA:14,0
DA:15,0
DA:16,0
DA:17,0
DA:18,0
DA:19,0
DA:20,0
DA:21,0
DA:24,1
DA:25,0
DA:26,0
DA:27,0
DA:28,0
DA:29,0
DA:30,0
LF:24
LH:3
BRF:0
BRH:0
end_of_record
TN:
SF:/Users/Krog/Desktop/Local-Projects/_Module-Four-Projects/_barstock/barstock_ui/src/utility/liquorCleaner.js
FN:2,(anonymous_0)
FN:8,(anonymous_1)
FN:9,(anonymous_2)
FN:17,(anonymous_3)
FN:18,(anonymous_4)
FN:19,(anonymous_5)
FN:27,(anonymous_6)
FN:28,(anonymous_7)
FN:29,(anonymous_8)
FNF:9
FNH:1
FNDA:0,(anonymous_0)
FNDA:0,(anonymous_1)
FNDA:0,(anonymous_2)
FNDA:1,(anonymous_3)
FNDA:0,(anonymous_4)
FNDA:0,(anonymous_5)
FNDA:0,(anonymous_6)
FNDA:0,(anonymous_7)
FNDA:0,(anonymous_8)
DA:2,2
DA:3,0
DA:4,0
DA:5,0
DA:8,2
DA:9,0
DA:10,0
DA:11,0
DA:12,0
DA:14,0
DA:17,2
DA:18,1
DA:19,0
DA:20,0
DA:21,0
DA:23,0
DA:27,2
DA:28,0
DA:29,0
DA:30,0
DA:31,0
DA:45,0
LF:22
LH:5
BRDA:10,0,0,0
BRDA:10,0,1,0
BRF:2
BRH:0
end_of_record
